{"/home/runner/work/Apophenia/Apophenia/src/App.tsx": {"path":"/home/runner/work/Apophenia/Apophenia/src/App.tsx","statementMap":{"0":{"start":{"line":13,"column":22},"end":{"line":51,"column":1}},"1":{"start":{"line":14,"column":24},"end":{"line":14,"column":43}},"2":{"start":{"line":15,"column":25},"end":{"line":15,"column":45}},"3":{"start":{"line":18,"column":2},"end":{"line":25,"column":9}},"4":{"start":{"line":19,"column":4},"end":{"line":19,"column":34}},"5":{"start":{"line":22,"column":4},"end":{"line":24,"column":6}},"6":{"start":{"line":23,"column":6},"end":{"line":23,"column":33}},"7":{"start":{"line":27,"column":26},"end":{"line":40,"column":3}},"8":{"start":{"line":28,"column":4},"end":{"line":39,"column":5}},"9":{"start":{"line":30,"column":8},"end":{"line":30,"column":31}},"10":{"start":{"line":34,"column":8},"end":{"line":34,"column":30}},"11":{"start":{"line":36,"column":8},"end":{"line":36,"column":29}},"12":{"start":{"line":38,"column":8},"end":{"line":38,"column":45}},"13":{"start":{"line":42,"column":2},"end":{"line":50,"column":4}}},"fnMap":{"0":{"name":"(anonymous_0)","decl":{"start":{"line":13,"column":22},"end":{"line":13,"column":25}},"loc":{"start":{"line":13,"column":27},"end":{"line":51,"column":1}}},"1":{"name":"(anonymous_1)","decl":{"start":{"line":18,"column":12},"end":{"line":18,"column":15}},"loc":{"start":{"line":18,"column":17},"end":{"line":25,"column":3}}},"2":{"name":"(anonymous_2)","decl":{"start":{"line":22,"column":11},"end":{"line":22,"column":14}},"loc":{"start":{"line":22,"column":16},"end":{"line":24,"column":5}}},"3":{"name":"(anonymous_3)","decl":{"start":{"line":27,"column":26},"end":{"line":27,"column":29}},"loc":{"start":{"line":27,"column":31},"end":{"line":40,"column":3}}}},"branchMap":{"0":{"loc":{"start":{"line":28,"column":4},"end":{"line":39,"column":5}},"type":"switch","locations":[{"start":{"line":29,"column":6},"end":{"line":30,"column":31}},{"start":{"line":31,"column":6},"end":{"line":31,"column":40}},{"start":{"line":32,"column":6},"end":{"line":32,"column":29}},{"start":{"line":33,"column":6},"end":{"line":34,"column":30}},{"start":{"line":35,"column":6},"end":{"line":36,"column":29}},{"start":{"line":37,"column":6},"end":{"line":38,"column":45}}]}},"s":{"0":0,"1":0,"2":0,"3":0,"4":0,"5":0,"6":0,"7":0,"8":0,"9":0,"10":0,"11":0,"12":0,"13":0},"f":{"0":0,"1":0,"2":0,"3":0},"b":{"0":[0,0,0,0,0,0]}}
,"/home/runner/work/Apophenia/Apophenia/src/index.tsx": {"path":"/home/runner/work/Apophenia/Apophenia/src/index.tsx","statementMap":{"0":{"start":{"line":6,"column":0},"end":{"line":10,"column":2}}},"fnMap":{},"branchMap":{},"s":{"0":0},"f":{},"b":{}}
,"/home/runner/work/Apophenia/Apophenia/src/commands/browserEffectExecutor.ts": {"path":"/home/runner/work/Apophenia/Apophenia/src/commands/browserEffectExecutor.ts","statementMap":{"0":{"start":{"line":5,"column":36},"end":{"line":29,"column":1}},"1":{"start":{"line":6,"column":2},"end":{"line":8,"column":3}},"2":{"start":{"line":7,"column":4},"end":{"line":7,"column":11}},"3":{"start":{"line":10,"column":28},"end":{"line":10,"column":43}},"4":{"start":{"line":12,"column":2},"end":{"line":28,"column":3}},"5":{"start":{"line":14,"column":6},"end":{"line":16,"column":7}},"6":{"start":{"line":15,"column":8},"end":{"line":15,"column":31}},"7":{"start":{"line":17,"column":6},"end":{"line":17,"column":12}},"8":{"start":{"line":19,"column":6},"end":{"line":21,"column":7}},"9":{"start":{"line":20,"column":8},"end":{"line":20,"column":26}},"10":{"start":{"line":22,"column":6},"end":{"line":22,"column":12}},"11":{"start":{"line":24,"column":6},"end":{"line":24,"column":26}},"12":{"start":{"line":25,"column":6},"end":{"line":25,"column":12}},"13":{"start":{"line":27,"column":6},"end":{"line":27,"column":56}},"14":{"start":{"line":31,"column":54},"end":{"line":34,"column":2}}},"fnMap":{"0":{"name":"(anonymous_0)","decl":{"start":{"line":5,"column":36},"end":{"line":5,"column":41}},"loc":{"start":{"line":5,"column":82},"end":{"line":29,"column":1}}}},"branchMap":{"0":{"loc":{"start":{"line":6,"column":2},"end":{"line":8,"column":3}},"type":"if","locations":[{"start":{"line":6,"column":2},"end":{"line":8,"column":3}},{"start":{},"end":{}}]},"1":{"loc":{"start":{"line":12,"column":2},"end":{"line":28,"column":3}},"type":"switch","locations":[{"start":{"line":13,"column":4},"end":{"line":17,"column":12}},{"start":{"line":18,"column":4},"end":{"line":22,"column":12}},{"start":{"line":23,"column":4},"end":{"line":25,"column":12}},{"start":{"line":26,"column":4},"end":{"line":27,"column":56}}]},"2":{"loc":{"start":{"line":14,"column":6},"end":{"line":16,"column":7}},"type":"if","locations":[{"start":{"line":14,"column":6},"end":{"line":16,"column":7}},{"start":{},"end":{}}]},"3":{"loc":{"start":{"line":19,"column":6},"end":{"line":21,"column":7}},"type":"if","locations":[{"start":{"line":19,"column":6},"end":{"line":21,"column":7}},{"start":{},"end":{}}]}},"s":{"0":0,"1":0,"2":0,"3":0,"4":0,"5":0,"6":0,"7":0,"8":0,"9":0,"10":0,"11":0,"12":0,"13":0,"14":0},"f":{"0":0},"b":{"0":[0,0],"1":[0,0,0,0],"2":[0,0],"3":[0,0]}}
,"/home/runner/work/Apophenia/Apophenia/src/commands/createSegment.ts": {"path":"/home/runner/work/Apophenia/Apophenia/src/commands/createSegment.ts","statementMap":{"0":{"start":{"line":5,"column":54},"end":{"line":19,"column":2}},"1":{"start":{"line":8,"column":4},"end":{"line":10,"column":5}},"2":{"start":{"line":9,"column":6},"end":{"line":9,"column":13}},"3":{"start":{"line":12,"column":32},"end":{"line":12,"column":63}},"4":{"start":{"line":13,"column":4},"end":{"line":17,"column":7}}},"fnMap":{"0":{"name":"(anonymous_0)","decl":{"start":{"line":7,"column":11},"end":{"line":7,"column":16}},"loc":{"start":{"line":7,"column":38},"end":{"line":18,"column":3}}}},"branchMap":{"0":{"loc":{"start":{"line":8,"column":4},"end":{"line":10,"column":5}},"type":"if","locations":[{"start":{"line":8,"column":4},"end":{"line":10,"column":5}},{"start":{},"end":{}}]}},"s":{"0":0,"1":0,"2":0,"3":0,"4":0},"f":{"0":0},"b":{"0":[0,0]}}
,"/home/runner/work/Apophenia/Apophenia/src/commands/displayChoices.ts": {"path":"/home/runner/work/Apophenia/Apophenia/src/commands/displayChoices.ts","statementMap":{"0":{"start":{"line":2,"column":0},"end":{"line":2,"column":61}},"1":{"start":{"line":3,"column":0},"end":{"line":3,"column":66}},"2":{"start":{"line":4,"column":0},"end":{"line":4,"column":46}},"3":{"start":{"line":6,"column":13},"end":{"line":29,"column":2}},"4":{"start":{"line":9,"column":4},"end":{"line":11,"column":5}},"5":{"start":{"line":10,"column":6},"end":{"line":10,"column":13}},"6":{"start":{"line":14,"column":41},"end":{"line":14,"column":69}},"7":{"start":{"line":15,"column":4},"end":{"line":15,"column":74}},"8":{"start":{"line":16,"column":4},"end":{"line":16,"column":36}},"9":{"start":{"line":19,"column":4},"end":{"line":27,"column":5}},"10":{"start":{"line":21,"column":6},"end":{"line":26,"column":9}}},"fnMap":{"0":{"name":"(anonymous_0)","decl":{"start":{"line":8,"column":11},"end":{"line":8,"column":16}},"loc":{"start":{"line":8,"column":38},"end":{"line":28,"column":3}}}},"branchMap":{"0":{"loc":{"start":{"line":9,"column":4},"end":{"line":11,"column":5}},"type":"if","locations":[{"start":{"line":9,"column":4},"end":{"line":11,"column":5}},{"start":{},"end":{}}]},"1":{"loc":{"start":{"line":19,"column":4},"end":{"line":27,"column":5}},"type":"if","locations":[{"start":{"line":19,"column":4},"end":{"line":27,"column":5}},{"start":{},"end":{}}]}},"s":{"0":1,"1":1,"2":1,"3":1,"4":4,"5":0,"6":4,"7":4,"8":4,"9":4,"10":1},"f":{"0":4},"b":{"0":[0,4],"1":[1,3]}}
,"/home/runner/work/Apophenia/Apophenia/src/commands/displayText.ts": {"path":"/home/runner/work/Apophenia/Apophenia/src/commands/displayText.ts","statementMap":{"0":{"start":{"line":5,"column":52},"end":{"line":24,"column":2}},"1":{"start":{"line":8,"column":4},"end":{"line":10,"column":5}},"2":{"start":{"line":9,"column":6},"end":{"line":9,"column":13}},"3":{"start":{"line":12,"column":48},"end":{"line":12,"column":79}},"4":{"start":{"line":13,"column":20},"end":{"line":13,"column":85}},"5":{"start":{"line":13,"column":50},"end":{"line":13,"column":84}},"6":{"start":{"line":15,"column":4},"end":{"line":22,"column":5}},"7":{"start":{"line":16,"column":6},"end":{"line":18,"column":9}},"8":{"start":{"line":20,"column":6},"end":{"line":20,"column":137}}},"fnMap":{"0":{"name":"(anonymous_0)","decl":{"start":{"line":7,"column":11},"end":{"line":7,"column":16}},"loc":{"start":{"line":7,"column":38},"end":{"line":23,"column":3}}},"1":{"name":"(anonymous_1)","decl":{"start":{"line":13,"column":38},"end":{"line":13,"column":39}},"loc":{"start":{"line":13,"column":50},"end":{"line":13,"column":84}}}},"branchMap":{"0":{"loc":{"start":{"line":8,"column":4},"end":{"line":10,"column":5}},"type":"if","locations":[{"start":{"line":8,"column":4},"end":{"line":10,"column":5}},{"start":{},"end":{}}]},"1":{"loc":{"start":{"line":15,"column":4},"end":{"line":22,"column":5}},"type":"if","locations":[{"start":{"line":15,"column":4},"end":{"line":22,"column":5}},{"start":{"line":19,"column":11},"end":{"line":22,"column":5}}]}},"s":{"0":0,"1":0,"2":0,"3":0,"4":0,"5":0,"6":0,"7":0,"8":0},"f":{"0":0,"1":0},"b":{"0":[0,0],"1":[0,0]}}
,"/home/runner/work/Apophenia/Apophenia/src/commands/generateAmbiance.ts": {"path":"/home/runner/work/Apophenia/Apophenia/src/commands/generateAmbiance.ts","statementMap":{"0":{"start":{"line":4,"column":57},"end":{"line":13,"column":2}},"1":{"start":{"line":7,"column":4},"end":{"line":9,"column":5}},"2":{"start":{"line":8,"column":6},"end":{"line":8,"column":13}},"3":{"start":{"line":11,"column":4},"end":{"line":11,"column":86}}},"fnMap":{"0":{"name":"(anonymous_0)","decl":{"start":{"line":6,"column":11},"end":{"line":6,"column":16}},"loc":{"start":{"line":6,"column":38},"end":{"line":12,"column":3}}}},"branchMap":{"0":{"loc":{"start":{"line":7,"column":4},"end":{"line":9,"column":5}},"type":"if","locations":[{"start":{"line":7,"column":4},"end":{"line":9,"column":5}},{"start":{},"end":{}}]}},"s":{"0":0,"1":0,"2":0,"3":0},"f":{"0":0},"b":{"0":[0,0]}}
,"/home/runner/work/Apophenia/Apophenia/src/commands/generateImage.ts": {"path":"/home/runner/work/Apophenia/Apophenia/src/commands/generateImage.ts","statementMap":{"0":{"start":{"line":7,"column":54},"end":{"line":78,"column":2}},"1":{"start":{"line":10,"column":4},"end":{"line":12,"column":5}},"2":{"start":{"line":11,"column":6},"end":{"line":11,"column":13}},"3":{"start":{"line":14,"column":48},"end":{"line":14,"column":79}},"4":{"start":{"line":15,"column":34},"end":{"line":15,"column":49}},"5":{"start":{"line":17,"column":20},"end":{"line":17,"column":64}},"6":{"start":{"line":17,"column":45},"end":{"line":17,"column":63}},"7":{"start":{"line":18,"column":4},"end":{"line":21,"column":5}},"8":{"start":{"line":19,"column":6},"end":{"line":19,"column":123}},"9":{"start":{"line":20,"column":6},"end":{"line":20,"column":13}},"10":{"start":{"line":24,"column":4},"end":{"line":29,"column":7}},"11":{"start":{"line":32,"column":4},"end":{"line":76,"column":5}},"12":{"start":{"line":34,"column":21},"end":{"line":34,"column":84}},"13":{"start":{"line":37,"column":6},"end":{"line":44,"column":7}},"14":{"start":{"line":39,"column":8},"end":{"line":39,"column":44}},"15":{"start":{"line":40,"column":8},"end":{"line":40,"column":121}},"16":{"start":{"line":43,"column":8},"end":{"line":43,"column":47}},"17":{"start":{"line":47,"column":29},"end":{"line":49,"column":53}},"18":{"start":{"line":49,"column":34},"end":{"line":49,"column":52}},"19":{"start":{"line":50,"column":6},"end":{"line":50,"column":34}},"20":{"start":{"line":50,"column":27},"end":{"line":50,"column":34}},"21":{"start":{"line":52,"column":6},"end":{"line":58,"column":9}},"22":{"start":{"line":60,"column":6},"end":{"line":60,"column":55}},"23":{"start":{"line":61,"column":29},"end":{"line":63,"column":53}},"24":{"start":{"line":63,"column":34},"end":{"line":63,"column":52}},"25":{"start":{"line":64,"column":6},"end":{"line":64,"column":34}},"26":{"start":{"line":64,"column":27},"end":{"line":64,"column":34}},"27":{"start":{"line":67,"column":26},"end":{"line":67,"column":418}},"28":{"start":{"line":69,"column":6},"end":{"line":75,"column":9}}},"fnMap":{"0":{"name":"(anonymous_0)","decl":{"start":{"line":9,"column":11},"end":{"line":9,"column":16}},"loc":{"start":{"line":9,"column":38},"end":{"line":77,"column":3}}},"1":{"name":"(anonymous_1)","decl":{"start":{"line":17,"column":38},"end":{"line":17,"column":39}},"loc":{"start":{"line":17,"column":45},"end":{"line":17,"column":63}}},"2":{"name":"(anonymous_2)","decl":{"start":{"line":49,"column":27},"end":{"line":49,"column":28}},"loc":{"start":{"line":49,"column":34},"end":{"line":49,"column":52}}},"3":{"name":"(anonymous_3)","decl":{"start":{"line":63,"column":27},"end":{"line":63,"column":28}},"loc":{"start":{"line":63,"column":34},"end":{"line":63,"column":52}}}},"branchMap":{"0":{"loc":{"start":{"line":10,"column":4},"end":{"line":12,"column":5}},"type":"if","locations":[{"start":{"line":10,"column":4},"end":{"line":12,"column":5}},{"start":{},"end":{}}]},"1":{"loc":{"start":{"line":18,"column":4},"end":{"line":21,"column":5}},"type":"if","locations":[{"start":{"line":18,"column":4},"end":{"line":21,"column":5}},{"start":{},"end":{}}]},"2":{"loc":{"start":{"line":37,"column":6},"end":{"line":44,"column":7}},"type":"if","locations":[{"start":{"line":37,"column":6},"end":{"line":44,"column":7}},{"start":{"line":41,"column":13},"end":{"line":44,"column":7}}]},"3":{"loc":{"start":{"line":50,"column":6},"end":{"line":50,"column":34}},"type":"if","locations":[{"start":{"line":50,"column":6},"end":{"line":50,"column":34}},{"start":{},"end":{}}]},"4":{"loc":{"start":{"line":64,"column":6},"end":{"line":64,"column":34}},"type":"if","locations":[{"start":{"line":64,"column":6},"end":{"line":64,"column":34}},{"start":{},"end":{}}]}},"s":{"0":0,"1":0,"2":0,"3":0,"4":0,"5":0,"6":0,"7":0,"8":0,"9":0,"10":0,"11":0,"12":0,"13":0,"14":0,"15":0,"16":0,"17":0,"18":0,"19":0,"20":0,"21":0,"22":0,"23":0,"24":0,"25":0,"26":0,"27":0,"28":0},"f":{"0":0,"1":0,"2":0,"3":0},"b":{"0":[0,0],"1":[0,0],"2":[0,0],"3":[0,0],"4":[0,0]}}
,"/home/runner/work/Apophenia/Apophenia/src/commands/index.ts": {"path":"/home/runner/work/Apophenia/Apophenia/src/commands/index.ts","statementMap":{"0":{"start":{"line":11,"column":65},"end":{"line":20,"column":2}}},"fnMap":{},"branchMap":{},"s":{"0":0},"f":{},"b":{}}
,"/home/runner/work/Apophenia/Apophenia/src/commands/pregenerateImage.ts": {"path":"/home/runner/work/Apophenia/Apophenia/src/commands/pregenerateImage.ts","statementMap":{"0":{"start":{"line":6,"column":57},"end":{"line":30,"column":2}},"1":{"start":{"line":9,"column":4},"end":{"line":11,"column":5}},"2":{"start":{"line":10,"column":6},"end":{"line":10,"column":13}},"3":{"start":{"line":13,"column":19},"end":{"line":13,"column":41}},"4":{"start":{"line":14,"column":4},"end":{"line":14,"column":24}},"5":{"start":{"line":14,"column":17},"end":{"line":14,"column":24}},"6":{"start":{"line":17,"column":24},"end":{"line":17,"column":74}},"7":{"start":{"line":18,"column":4},"end":{"line":18,"column":28}},"8":{"start":{"line":18,"column":21},"end":{"line":18,"column":28}},"9":{"start":{"line":21,"column":4},"end":{"line":28,"column":5}},"10":{"start":{"line":22,"column":23},"end":{"line":22,"column":50}},"11":{"start":{"line":23,"column":6},"end":{"line":23,"column":65}},"12":{"start":{"line":25,"column":6},"end":{"line":25,"column":58}}},"fnMap":{"0":{"name":"(anonymous_0)","decl":{"start":{"line":8,"column":11},"end":{"line":8,"column":16}},"loc":{"start":{"line":8,"column":38},"end":{"line":29,"column":3}}}},"branchMap":{"0":{"loc":{"start":{"line":9,"column":4},"end":{"line":11,"column":5}},"type":"if","locations":[{"start":{"line":9,"column":4},"end":{"line":11,"column":5}},{"start":{},"end":{}}]},"1":{"loc":{"start":{"line":14,"column":4},"end":{"line":14,"column":24}},"type":"if","locations":[{"start":{"line":14,"column":4},"end":{"line":14,"column":24}},{"start":{},"end":{}}]},"2":{"loc":{"start":{"line":18,"column":4},"end":{"line":18,"column":28}},"type":"if","locations":[{"start":{"line":18,"column":4},"end":{"line":18,"column":28}},{"start":{},"end":{}}]}},"s":{"0":0,"1":0,"2":0,"3":0,"4":0,"5":0,"6":0,"7":0,"8":0,"9":0,"10":0,"11":0,"12":0},"f":{"0":0},"b":{"0":[0,0],"1":[0,0],"2":[0,0]}}
,"/home/runner/work/Apophenia/Apophenia/src/commands/updateWorldState.ts": {"path":"/home/runner/work/Apophenia/Apophenia/src/commands/updateWorldState.ts","statementMap":{"0":{"start":{"line":5,"column":57},"end":{"line":13,"column":2}},"1":{"start":{"line":8,"column":4},"end":{"line":10,"column":5}},"2":{"start":{"line":9,"column":6},"end":{"line":9,"column":13}},"3":{"start":{"line":11,"column":4},"end":{"line":11,"column":68}}},"fnMap":{"0":{"name":"(anonymous_0)","decl":{"start":{"line":7,"column":11},"end":{"line":7,"column":16}},"loc":{"start":{"line":7,"column":38},"end":{"line":12,"column":3}}}},"branchMap":{"0":{"loc":{"start":{"line":8,"column":4},"end":{"line":10,"column":5}},"type":"if","locations":[{"start":{"line":8,"column":4},"end":{"line":10,"column":5}},{"start":{},"end":{}}]}},"s":{"0":0,"1":0,"2":0,"3":0},"f":{"0":0},"b":{"0":[0,0]}}
,"/home/runner/work/Apophenia/Apophenia/src/commands/wait.ts": {"path":"/home/runner/work/Apophenia/Apophenia/src/commands/wait.ts","statementMap":{"0":{"start":{"line":4,"column":45},"end":{"line":12,"column":2}},"1":{"start":{"line":7,"column":4},"end":{"line":9,"column":5}},"2":{"start":{"line":8,"column":6},"end":{"line":8,"column":13}},"3":{"start":{"line":10,"column":4},"end":{"line":10,"column":83}},"4":{"start":{"line":10,"column":36},"end":{"line":10,"column":81}}},"fnMap":{"0":{"name":"(anonymous_0)","decl":{"start":{"line":6,"column":11},"end":{"line":6,"column":16}},"loc":{"start":{"line":6,"column":38},"end":{"line":11,"column":3}}},"1":{"name":"(anonymous_1)","decl":{"start":{"line":10,"column":23},"end":{"line":10,"column":24}},"loc":{"start":{"line":10,"column":36},"end":{"line":10,"column":81}}}},"branchMap":{"0":{"loc":{"start":{"line":7,"column":4},"end":{"line":9,"column":5}},"type":"if","locations":[{"start":{"line":7,"column":4},"end":{"line":9,"column":5}},{"start":{},"end":{}}]}},"s":{"0":0,"1":0,"2":0,"3":0,"4":0},"f":{"0":0,"1":0},"b":{"0":[0,0]}}
,"/home/runner/work/Apophenia/Apophenia/src/components/CompactModelSelector.tsx": {"path":"/home/runner/work/Apophenia/Apophenia/src/components/CompactModelSelector.tsx","statementMap":{"0":{"start":{"line":10,"column":39},"end":{"line":63,"column":1}},"1":{"start":{"line":16,"column":6},"end":{"line":16,"column":23}},"2":{"start":{"line":18,"column":30},"end":{"line":18,"column":45}},"3":{"start":{"line":19,"column":17},"end":{"line":19,"column":31}},"4":{"start":{"line":20,"column":24},"end":{"line":20,"column":42}},"5":{"start":{"line":22,"column":28},"end":{"line":25,"column":3}},"6":{"start":{"line":23,"column":4},"end":{"line":23,"column":30}},"7":{"start":{"line":24,"column":4},"end":{"line":24,"column":21}},"8":{"start":{"line":27,"column":2},"end":{"line":62,"column":4}},"9":{"start":{"line":31,"column":23},"end":{"line":31,"column":41}},"10":{"start":{"line":42,"column":12},"end":{"line":43,"column":null}},"11":{"start":{"line":45,"column":29},"end":{"line":45,"column":56}}},"fnMap":{"0":{"name":"(anonymous_0)","decl":{"start":{"line":10,"column":39},"end":{"line":10,"column":42}},"loc":{"start":{"line":10,"column":44},"end":{"line":63,"column":1}}},"1":{"name":"(anonymous_1)","decl":{"start":{"line":22,"column":28},"end":{"line":22,"column":29}},"loc":{"start":{"line":22,"column":48},"end":{"line":25,"column":3}}},"2":{"name":"(anonymous_2)","decl":{"start":{"line":31,"column":17},"end":{"line":31,"column":20}},"loc":{"start":{"line":31,"column":23},"end":{"line":31,"column":41}}},"3":{"name":"(anonymous_3)","decl":{"start":{"line":41,"column":22},"end":{"line":41,"column":23}},"loc":{"start":{"line":42,"column":12},"end":{"line":43,"column":null}}},"4":{"name":"(anonymous_4)","decl":{"start":{"line":45,"column":23},"end":{"line":45,"column":26}},"loc":{"start":{"line":45,"column":29},"end":{"line":45,"column":56}}}},"branchMap":{"0":{"loc":{"start":{"line":32,"column":33},"end":{"line":32,"column":65}},"type":"binary-expr","locations":[{"start":{"line":32,"column":33},"end":{"line":32,"column":52}},{"start":{"line":32,"column":56},"end":{"line":32,"column":65}}]},"1":{"loc":{"start":{"line":35,"column":38},"end":{"line":35,"column":79}},"type":"binary-expr","locations":[{"start":{"line":35,"column":38},"end":{"line":35,"column":71}},{"start":{"line":35,"column":75},"end":{"line":35,"column":79}}]},"2":{"loc":{"start":{"line":36,"column":43},"end":{"line":36,"column":63}},"type":"cond-expr","locations":[{"start":{"line":36,"column":52},"end":{"line":36,"column":58}},{"start":{"line":36,"column":61},"end":{"line":36,"column":63}}]},"3":{"loc":{"start":{"line":39,"column":7},"end":{"line":59,"column":null}},"type":"binary-expr","locations":[{"start":{"line":39,"column":7},"end":{"line":39,"column":13}},{"start":{"line":40,"column":8},"end":{"line":58,"column":null}}]},"4":{"loc":{"start":{"line":44,"column":41},"end":{"line":44,"column":87}},"type":"cond-expr","locations":[{"start":{"line":44,"column":72},"end":{"line":44,"column":82}},{"start":{"line":44,"column":85},"end":{"line":44,"column":87}}]},"5":{"loc":{"start":{"line":52,"column":46},"end":{"line":52,"column":174}},"type":"cond-expr","locations":[{"start":{"line":52,"column":79},"end":{"line":52,"column":127}},{"start":{"line":52,"column":130},"end":{"line":52,"column":174}}]},"6":{"loc":{"start":{"line":53,"column":17},"end":{"line":53,"column":84}},"type":"binary-expr","locations":[{"start":{"line":53,"column":17},"end":{"line":53,"column":39}},{"start":{"line":53,"column":43},"end":{"line":53,"column":84}}]},"7":{"loc":{"start":{"line":54,"column":17},"end":{"line":54,"column":80}},"type":"binary-expr","locations":[{"start":{"line":54,"column":17},"end":{"line":54,"column":37}},{"start":{"line":54,"column":41},"end":{"line":54,"column":80}}]},"8":{"loc":{"start":{"line":56,"column":15},"end":{"line":56,"column":84}},"type":"binary-expr","locations":[{"start":{"line":56,"column":15},"end":{"line":56,"column":43}},{"start":{"line":56,"column":47},"end":{"line":56,"column":84}}]}},"s":{"0":0,"1":0,"2":0,"3":0,"4":0,"5":0,"6":0,"7":0,"8":0,"9":0,"10":0,"11":0},"f":{"0":0,"1":0,"2":0,"3":0,"4":0},"b":{"0":[0,0],"1":[0,0],"2":[0,0],"3":[0,0],"4":[0,0],"5":[0,0],"6":[0,0],"7":[0,0],"8":[0,0]}}
,"/home/runner/work/Apophenia/Apophenia/src/components/CompactTestAPI.tsx": {"path":"/home/runner/work/Apophenia/Apophenia/src/components/CompactTestAPI.tsx","statementMap":{"0":{"start":{"line":10,"column":33},"end":{"line":137,"column":1}},"1":{"start":{"line":16,"column":6},"end":{"line":16,"column":23}},"2":{"start":{"line":18,"column":40},"end":{"line":18,"column":55}},"3":{"start":{"line":19,"column":38},"end":{"line":19,"column":53}},"4":{"start":{"line":20,"column":42},"end":{"line":20,"column":76}},"5":{"start":{"line":22,"column":24},"end":{"line":22,"column":42}},"6":{"start":{"line":23,"column":29},"end":{"line":23,"column":65}},"7":{"start":{"line":24,"column":21},"end":{"line":24,"column":88}},"8":{"start":{"line":25,"column":22},"end":{"line":25,"column":90}},"9":{"start":{"line":27,"column":21},"end":{"line":49,"column":3}},"10":{"start":{"line":28,"column":4},"end":{"line":28,"column":53}},"11":{"start":{"line":28,"column":46},"end":{"line":28,"column":53}},"12":{"start":{"line":30,"column":4},"end":{"line":30,"column":69}},"13":{"start":{"line":31,"column":4},"end":{"line":31,"column":30}},"14":{"start":{"line":32,"column":4},"end":{"line":32,"column":26}},"15":{"start":{"line":34,"column":4},"end":{"line":48,"column":5}},"16":{"start":{"line":35,"column":21},"end":{"line":35,"column":64}},"17":{"start":{"line":36,"column":6},"end":{"line":36,"column":26}},"18":{"start":{"line":39,"column":6},"end":{"line":41,"column":15}},"19":{"start":{"line":40,"column":8},"end":{"line":40,"column":29}},"20":{"start":{"line":43,"column":6},"end":{"line":43,"column":43}},"21":{"start":{"line":44,"column":6},"end":{"line":44,"column":26}},"22":{"start":{"line":45,"column":6},"end":{"line":47,"column":15}},"23":{"start":{"line":46,"column":8},"end":{"line":46,"column":29}},"24":{"start":{"line":51,"column":24},"end":{"line":62,"column":3}},"25":{"start":{"line":52,"column":4},"end":{"line":52,"column":39}},"26":{"start":{"line":52,"column":28},"end":{"line":52,"column":39}},"27":{"start":{"line":55,"column":27},"end":{"line":55,"column":46}},"28":{"start":{"line":56,"column":28},"end":{"line":56,"column":48}},"29":{"start":{"line":58,"column":4},"end":{"line":58,"column":54}},"30":{"start":{"line":58,"column":43},"end":{"line":58,"column":54}},"31":{"start":{"line":59,"column":4},"end":{"line":59,"column":55}},"32":{"start":{"line":59,"column":43},"end":{"line":59,"column":55}},"33":{"start":{"line":60,"column":4},"end":{"line":60,"column":84}},"34":{"start":{"line":60,"column":73},"end":{"line":60,"column":84}},"35":{"start":{"line":61,"column":4},"end":{"line":61,"column":16}},"36":{"start":{"line":64,"column":24},"end":{"line":64,"column":74}},"37":{"start":{"line":66,"column":2},"end":{"line":136,"column":4}},"38":{"start":{"line":70,"column":23},"end":{"line":70,"column":51}},"39":{"start":{"line":83,"column":27},"end":{"line":83,"column":45}},"40":{"start":{"line":97,"column":27},"end":{"line":97,"column":46}}},"fnMap":{"0":{"name":"(anonymous_0)","decl":{"start":{"line":10,"column":33},"end":{"line":10,"column":36}},"loc":{"start":{"line":10,"column":38},"end":{"line":137,"column":1}}},"1":{"name":"(anonymous_1)","decl":{"start":{"line":27,"column":21},"end":{"line":27,"column":26}},"loc":{"start":{"line":27,"column":58},"end":{"line":49,"column":3}}},"2":{"name":"(anonymous_2)","decl":{"start":{"line":39,"column":17},"end":{"line":39,"column":20}},"loc":{"start":{"line":39,"column":22},"end":{"line":41,"column":7}}},"3":{"name":"(anonymous_3)","decl":{"start":{"line":45,"column":17},"end":{"line":45,"column":20}},"loc":{"start":{"line":45,"column":22},"end":{"line":47,"column":7}}},"4":{"name":"(anonymous_4)","decl":{"start":{"line":51,"column":24},"end":{"line":51,"column":27}},"loc":{"start":{"line":51,"column":29},"end":{"line":62,"column":3}}},"5":{"name":"(anonymous_5)","decl":{"start":{"line":70,"column":17},"end":{"line":70,"column":20}},"loc":{"start":{"line":70,"column":23},"end":{"line":70,"column":51}}},"6":{"name":"(anonymous_6)","decl":{"start":{"line":83,"column":21},"end":{"line":83,"column":24}},"loc":{"start":{"line":83,"column":27},"end":{"line":83,"column":45}}},"7":{"name":"(anonymous_7)","decl":{"start":{"line":97,"column":21},"end":{"line":97,"column":24}},"loc":{"start":{"line":97,"column":27},"end":{"line":97,"column":46}}}},"branchMap":{"0":{"loc":{"start":{"line":24,"column":21},"end":{"line":24,"column":88}},"type":"cond-expr","locations":[{"start":{"line":24,"column":37},"end":{"line":24,"column":76}},{"start":{"line":24,"column":79},"end":{"line":24,"column":88}}]},"1":{"loc":{"start":{"line":25,"column":22},"end":{"line":25,"column":90}},"type":"cond-expr","locations":[{"start":{"line":25,"column":38},"end":{"line":25,"column":78}},{"start":{"line":25,"column":81},"end":{"line":25,"column":90}}]},"2":{"loc":{"start":{"line":28,"column":4},"end":{"line":28,"column":53}},"type":"if","locations":[{"start":{"line":28,"column":4},"end":{"line":28,"column":53}},{"start":{},"end":{}}]},"3":{"loc":{"start":{"line":28,"column":8},"end":{"line":28,"column":44}},"type":"binary-expr","locations":[{"start":{"line":28,"column":8},"end":{"line":28,"column":22}},{"start":{"line":28,"column":26},"end":{"line":28,"column":44}}]},"4":{"loc":{"start":{"line":52,"column":4},"end":{"line":52,"column":39}},"type":"if","locations":[{"start":{"line":52,"column":4},"end":{"line":52,"column":39}},{"start":{},"end":{}}]},"5":{"loc":{"start":{"line":58,"column":4},"end":{"line":58,"column":54}},"type":"if","locations":[{"start":{"line":58,"column":4},"end":{"line":58,"column":54}},{"start":{},"end":{}}]},"6":{"loc":{"start":{"line":58,"column":8},"end":{"line":58,"column":41}},"type":"binary-expr","locations":[{"start":{"line":58,"column":8},"end":{"line":58,"column":22}},{"start":{"line":58,"column":26},"end":{"line":58,"column":41}}]},"7":{"loc":{"start":{"line":59,"column":4},"end":{"line":59,"column":55}},"type":"if","locations":[{"start":{"line":59,"column":4},"end":{"line":59,"column":55}},{"start":{},"end":{}}]},"8":{"loc":{"start":{"line":59,"column":8},"end":{"line":59,"column":41}},"type":"binary-expr","locations":[{"start":{"line":59,"column":8},"end":{"line":59,"column":22}},{"start":{"line":59,"column":26},"end":{"line":59,"column":41}}]},"9":{"loc":{"start":{"line":60,"column":4},"end":{"line":60,"column":84}},"type":"if","locations":[{"start":{"line":60,"column":4},"end":{"line":60,"column":84}},{"start":{},"end":{}}]},"10":{"loc":{"start":{"line":60,"column":8},"end":{"line":60,"column":71}},"type":"binary-expr","locations":[{"start":{"line":60,"column":8},"end":{"line":60,"column":37}},{"start":{"line":60,"column":41},"end":{"line":60,"column":71}}]},"11":{"loc":{"start":{"line":64,"column":24},"end":{"line":64,"column":74}},"type":"cond-expr","locations":[{"start":{"line":64,"column":50},"end":{"line":64,"column":60}},{"start":{"line":64,"column":63},"end":{"line":64,"column":74}}]},"12":{"loc":{"start":{"line":72,"column":23},"end":{"line":72,"column":56}},"type":"binary-expr","locations":[{"start":{"line":72,"column":23},"end":{"line":72,"column":42}},{"start":{"line":72,"column":46},"end":{"line":72,"column":56}}]},"13":{"loc":{"start":{"line":76,"column":43},"end":{"line":76,"column":68}},"type":"cond-expr","locations":[{"start":{"line":76,"column":57},"end":{"line":76,"column":63}},{"start":{"line":76,"column":66},"end":{"line":76,"column":68}}]},"14":{"loc":{"start":{"line":79,"column":7},"end":{"line":108,"column":null}},"type":"binary-expr","locations":[{"start":{"line":79,"column":7},"end":{"line":79,"column":18}},{"start":{"line":80,"column":8},"end":{"line":107,"column":null}}]},"15":{"loc":{"start":{"line":88,"column":13},"end":{"line":91,"column":null}},"type":"binary-expr","locations":[{"start":{"line":88,"column":13},"end":{"line":88,"column":23}},{"start":{"line":89,"column":14},"end":{"line":90,"column":null}}]},"16":{"loc":{"start":{"line":89,"column":51},"end":{"line":89,"column":91}},"type":"cond-expr","locations":[{"start":{"line":89,"column":72},"end":{"line":89,"column":81}},{"start":{"line":89,"column":84},"end":{"line":89,"column":91}}]},"17":{"loc":{"start":{"line":90,"column":17},"end":{"line":90,"column":47}},"type":"cond-expr","locations":[{"start":{"line":90,"column":38},"end":{"line":90,"column":41}},{"start":{"line":90,"column":44},"end":{"line":90,"column":47}}]},"18":{"loc":{"start":{"line":102,"column":13},"end":{"line":105,"column":null}},"type":"binary-expr","locations":[{"start":{"line":102,"column":13},"end":{"line":102,"column":24}},{"start":{"line":103,"column":14},"end":{"line":104,"column":null}}]},"19":{"loc":{"start":{"line":103,"column":51},"end":{"line":103,"column":92}},"type":"cond-expr","locations":[{"start":{"line":103,"column":73},"end":{"line":103,"column":82}},{"start":{"line":103,"column":85},"end":{"line":103,"column":92}}]},"20":{"loc":{"start":{"line":104,"column":17},"end":{"line":104,"column":48}},"type":"cond-expr","locations":[{"start":{"line":104,"column":39},"end":{"line":104,"column":42}},{"start":{"line":104,"column":45},"end":{"line":104,"column":48}}]},"21":{"loc":{"start":{"line":111,"column":7},"end":{"line":133,"column":null}},"type":"binary-expr","locations":[{"start":{"line":111,"column":7},"end":{"line":111,"column":17}},{"start":{"line":111,"column":21},"end":{"line":111,"column":34}},{"start":{"line":112,"column":8},"end":{"line":132,"column":null}}]},"22":{"loc":{"start":{"line":112,"column":47},"end":{"line":112,"column":90}},"type":"cond-expr","locations":[{"start":{"line":112,"column":71},"end":{"line":112,"column":80}},{"start":{"line":112,"column":83},"end":{"line":112,"column":90}}]},"23":{"loc":{"start":{"line":115,"column":15},"end":{"line":115,"column":48}},"type":"cond-expr","locations":[{"start":{"line":115,"column":39},"end":{"line":115,"column":42}},{"start":{"line":115,"column":45},"end":{"line":115,"column":48}}]},"24":{"loc":{"start":{"line":118,"column":15},"end":{"line":118,"column":57}},"type":"cond-expr","locations":[{"start":{"line":118,"column":41},"end":{"line":118,"column":47}},{"start":{"line":118,"column":50},"end":{"line":118,"column":57}}]},"25":{"loc":{"start":{"line":118,"column":65},"end":{"line":118,"column":108}},"type":"cond-expr","locations":[{"start":{"line":118,"column":89},"end":{"line":118,"column":97}},{"start":{"line":118,"column":100},"end":{"line":118,"column":108}}]},"26":{"loc":{"start":{"line":122,"column":11},"end":{"line":131,"column":null}},"type":"cond-expr","locations":[{"start":{"line":123,"column":12},"end":{"line":126,"column":null}},{"start":{"line":129,"column":12},"end":{"line":130,"column":null}}]},"27":{"loc":{"start":{"line":124,"column":15},"end":{"line":125,"column":null}},"type":"binary-expr","locations":[{"start":{"line":124,"column":15},"end":{"line":124,"column":41}},{"start":{"line":125,"column":16},"end":{"line":125,"column":57}}]}},"s":{"0":0,"1":0,"2":0,"3":0,"4":0,"5":0,"6":0,"7":0,"8":0,"9":0,"10":0,"11":0,"12":0,"13":0,"14":0,"15":0,"16":0,"17":0,"18":0,"19":0,"20":0,"21":0,"22":0,"23":0,"24":0,"25":0,"26":0,"27":0,"28":0,"29":0,"30":0,"31":0,"32":0,"33":0,"34":0,"35":0,"36":0,"37":0,"38":0,"39":0,"40":0},"f":{"0":0,"1":0,"2":0,"3":0,"4":0,"5":0,"6":0,"7":0},"b":{"0":[0,0],"1":[0,0],"2":[0,0],"3":[0,0],"4":[0,0],"5":[0,0],"6":[0,0],"7":[0,0],"8":[0,0],"9":[0,0],"10":[0,0],"11":[0,0],"12":[0,0],"13":[0,0],"14":[0,0],"15":[0,0],"16":[0,0],"17":[0,0],"18":[0,0],"19":[0,0],"20":[0,0],"21":[0,0,0],"22":[0,0],"23":[0,0],"24":[0,0],"25":[0,0],"26":[0,0],"27":[0,0]}}
,"/home/runner/work/Apophenia/Apophenia/src/components/EndScreen.tsx": {"path":"/home/runner/work/Apophenia/Apophenia/src/components/EndScreen.tsx","statementMap":{"0":{"start":{"line":8,"column":28},"end":{"line":26,"column":1}},"1":{"start":{"line":9,"column":27},"end":{"line":9,"column":46}},"2":{"start":{"line":11,"column":24},"end":{"line":17,"column":3}},"3":{"start":{"line":13,"column":4},"end":{"line":13,"column":38}},"4":{"start":{"line":16,"column":4},"end":{"line":16,"column":33}},"5":{"start":{"line":19,"column":2},"end":{"line":25,"column":4}}},"fnMap":{"0":{"name":"(anonymous_0)","decl":{"start":{"line":8,"column":28},"end":{"line":8,"column":31}},"loc":{"start":{"line":8,"column":33},"end":{"line":26,"column":1}}},"1":{"name":"(anonymous_1)","decl":{"start":{"line":11,"column":24},"end":{"line":11,"column":27}},"loc":{"start":{"line":11,"column":29},"end":{"line":17,"column":3}}}},"branchMap":{},"s":{"0":0,"1":0,"2":0,"3":0,"4":0,"5":0},"f":{"0":0,"1":0},"b":{}}
,"/home/runner/work/Apophenia/Apophenia/src/components/ErrorBoundary.tsx": {"path":"/home/runner/work/Apophenia/Apophenia/src/components/ErrorBoundary.tsx","statementMap":{"0":{"start":{"line":19,"column":4},"end":{"line":19,"column":17}},"1":{"start":{"line":20,"column":4},"end":{"line":20,"column":37}},"2":{"start":{"line":25,"column":4},"end":{"line":25,"column":37}},"3":{"start":{"line":30,"column":4},"end":{"line":30,"column":71}},"4":{"start":{"line":33,"column":4},"end":{"line":33,"column":43}},"5":{"start":{"line":37,"column":4},"end":{"line":59,"column":5}},"6":{"start":{"line":39,"column":6},"end":{"line":58,"column":8}},"7":{"start":{"line":51,"column":14},"end":{"line":51,"column":67}},"8":{"start":{"line":52,"column":14},"end":{"line":52,"column":39}},"9":{"start":{"line":61,"column":4},"end":{"line":61,"column":31}},"10":{"start":{"line":68,"column":68},"end":{"line":96,"column":1}},"11":{"start":{"line":69,"column":22},"end":{"line":72,"column":3}},"12":{"start":{"line":71,"column":4},"end":{"line":71,"column":55}},"13":{"start":{"line":75,"column":4},"end":{"line":87,"column":null}},"14":{"start":{"line":81,"column":27},"end":{"line":81,"column":51}},"15":{"start":{"line":91,"column":2},"end":{"line":95,"column":4}}},"fnMap":{"0":{"name":"(anonymous_0)","decl":{"start":{"line":18,"column":2},"end":{"line":18,"column":14}},"loc":{"start":{"line":18,"column":26},"end":{"line":21,"column":3}}},"1":{"name":"(anonymous_1)","decl":{"start":{"line":23,"column":2},"end":{"line":23,"column":8}},"loc":{"start":{"line":23,"column":46},"end":{"line":26,"column":3}}},"2":{"name":"(anonymous_2)","decl":{"start":{"line":28,"column":2},"end":{"line":28,"column":19}},"loc":{"start":{"line":28,"column":54},"end":{"line":34,"column":3}}},"3":{"name":"(anonymous_3)","decl":{"start":{"line":36,"column":2},"end":{"line":36,"column":8}},"loc":{"start":{"line":36,"column":8},"end":{"line":62,"column":3}}},"4":{"name":"(anonymous_4)","decl":{"start":{"line":50,"column":21},"end":{"line":50,"column":24}},"loc":{"start":{"line":50,"column":26},"end":{"line":53,"column":13}}},"5":{"name":"(anonymous_5)","decl":{"start":{"line":68,"column":68},"end":{"line":68,"column":69}},"loc":{"start":{"line":68,"column":85},"end":{"line":96,"column":1}}},"6":{"name":"(anonymous_6)","decl":{"start":{"line":69,"column":22},"end":{"line":69,"column":23}},"loc":{"start":{"line":69,"column":61},"end":{"line":72,"column":3}}},"7":{"name":"(anonymous_7)","decl":{"start":{"line":81,"column":21},"end":{"line":81,"column":24}},"loc":{"start":{"line":81,"column":27},"end":{"line":81,"column":51}}}},"branchMap":{"0":{"loc":{"start":{"line":37,"column":4},"end":{"line":59,"column":5}},"type":"if","locations":[{"start":{"line":37,"column":4},"end":{"line":59,"column":5}},{"start":{},"end":{}}]},"1":{"loc":{"start":{"line":39,"column":13},"end":{"line":57,"column":null}},"type":"binary-expr","locations":[{"start":{"line":39,"column":13},"end":{"line":39,"column":32}},{"start":{"line":40,"column":8},"end":{"line":56,"column":null}}]}},"s":{"0":0,"1":0,"2":0,"3":0,"4":0,"5":0,"6":0,"7":0,"8":0,"9":0,"10":0,"11":0,"12":0,"13":0,"14":0,"15":0},"f":{"0":0,"1":0,"2":0,"3":0,"4":0,"5":0,"6":0,"7":0},"b":{"0":[0,0],"1":[0,0]}}
,"/home/runner/work/Apophenia/Apophenia/src/components/GameScreen.tsx": {"path":"/home/runner/work/Apophenia/Apophenia/src/components/GameScreen.tsx","statementMap":{"0":{"start":{"line":11,"column":29},"end":{"line":210,"column":1}},"1":{"start":{"line":13,"column":4},"end":{"line":13,"column":23}},"2":{"start":{"line":14,"column":48},"end":{"line":14,"column":70}},"3":{"start":{"line":15,"column":43},"end":{"line":15,"column":63}},"4":{"start":{"line":16,"column":54},"end":{"line":16,"column":69}},"5":{"start":{"line":17,"column":40},"end":{"line":17,"column":69}},"6":{"start":{"line":18,"column":52},"end":{"line":18,"column":69}},"7":{"start":{"line":19,"column":66},"end":{"line":19,"column":81}},"8":{"start":{"line":20,"column":25},"end":{"line":20,"column":38}},"9":{"start":{"line":22,"column":27},"end":{"line":22,"column":64}},"10":{"start":{"line":23,"column":26},"end":{"line":25,"column":13}},"11":{"start":{"line":27,"column":23},"end":{"line":82,"column":116}},"12":{"start":{"line":29,"column":4},"end":{"line":29,"column":29}},"13":{"start":{"line":29,"column":22},"end":{"line":29,"column":29}},"14":{"start":{"line":30,"column":4},"end":{"line":30,"column":26}},"15":{"start":{"line":33,"column":4},"end":{"line":33,"column":45}},"16":{"start":{"line":35,"column":4},"end":{"line":81,"column":5}},"17":{"start":{"line":37,"column":21},"end":{"line":41,"column":null}},"18":{"start":{"line":45,"column":6},"end":{"line":48,"column":7}},"19":{"start":{"line":46,"column":8},"end":{"line":46,"column":51}},"20":{"start":{"line":47,"column":8},"end":{"line":47,"column":91}},"21":{"start":{"line":51,"column":6},"end":{"line":55,"column":7}},"22":{"start":{"line":52,"column":8},"end":{"line":52,"column":42}},"23":{"start":{"line":53,"column":8},"end":{"line":53,"column":67}},"24":{"start":{"line":53,"column":25},"end":{"line":53,"column":59}},"25":{"start":{"line":54,"column":8},"end":{"line":54,"column":89}},"26":{"start":{"line":58,"column":6},"end":{"line":62,"column":7}},"27":{"start":{"line":59,"column":8},"end":{"line":59,"column":43}},"28":{"start":{"line":60,"column":8},"end":{"line":60,"column":53}},"29":{"start":{"line":60,"column":25},"end":{"line":60,"column":45}},"30":{"start":{"line":61,"column":8},"end":{"line":61,"column":65}},"31":{"start":{"line":65,"column":6},"end":{"line":71,"column":7}},"32":{"start":{"line":66,"column":8},"end":{"line":66,"column":65}},"33":{"start":{"line":67,"column":8},"end":{"line":69,"column":11}},"34":{"start":{"line":70,"column":8},"end":{"line":70,"column":77}},"35":{"start":{"line":74,"column":6},"end":{"line":74,"column":49}},"36":{"start":{"line":77,"column":6},"end":{"line":77,"column":54}},"37":{"start":{"line":78,"column":6},"end":{"line":78,"column":38}},"38":{"start":{"line":80,"column":6},"end":{"line":80,"column":29}},"39":{"start":{"line":85,"column":2},"end":{"line":94,"column":55}},"40":{"start":{"line":86,"column":4},"end":{"line":93,"column":5}},"41":{"start":{"line":91,"column":6},"end":{"line":91,"column":36}},"42":{"start":{"line":92,"column":6},"end":{"line":92,"column":73}},"43":{"start":{"line":96,"column":21},"end":{"line":100,"column":3}},"44":{"start":{"line":99,"column":4},"end":{"line":99,"column":32}},"45":{"start":{"line":102,"column":24},"end":{"line":105,"column":3}},"46":{"start":{"line":103,"column":4},"end":{"line":103,"column":38}},"47":{"start":{"line":108,"column":2},"end":{"line":112,"column":27}},"48":{"start":{"line":109,"column":4},"end":{"line":109,"column":36}},"49":{"start":{"line":109,"column":29},"end":{"line":109,"column":36}},"50":{"start":{"line":110,"column":15},"end":{"line":110,"column":74}},"51":{"start":{"line":110,"column":39},"end":{"line":110,"column":67}},"52":{"start":{"line":111,"column":4},"end":{"line":111,"column":41}},"53":{"start":{"line":111,"column":17},"end":{"line":111,"column":40}},"54":{"start":{"line":114,"column":2},"end":{"line":209,"column":4}},"55":{"start":{"line":187,"column":12},"end":{"line":188,"column":null}},"56":{"start":{"line":189,"column":29},"end":{"line":189,"column":54}}},"fnMap":{"0":{"name":"(anonymous_0)","decl":{"start":{"line":11,"column":29},"end":{"line":11,"column":32}},"loc":{"start":{"line":11,"column":34},"end":{"line":210,"column":1}}},"1":{"name":"(anonymous_1)","decl":{"start":{"line":27,"column":35},"end":{"line":27,"column":40}},"loc":{"start":{"line":27,"column":60},"end":{"line":82,"column":3}}},"2":{"name":"(anonymous_2)","decl":{"start":{"line":53,"column":19},"end":{"line":53,"column":22}},"loc":{"start":{"line":53,"column":25},"end":{"line":53,"column":59}}},"3":{"name":"(anonymous_3)","decl":{"start":{"line":60,"column":19},"end":{"line":60,"column":22}},"loc":{"start":{"line":60,"column":25},"end":{"line":60,"column":45}}},"4":{"name":"(anonymous_4)","decl":{"start":{"line":85,"column":12},"end":{"line":85,"column":15}},"loc":{"start":{"line":85,"column":17},"end":{"line":94,"column":3}}},"5":{"name":"(anonymous_5)","decl":{"start":{"line":96,"column":21},"end":{"line":96,"column":24}},"loc":{"start":{"line":96,"column":26},"end":{"line":100,"column":3}}},"6":{"name":"(anonymous_6)","decl":{"start":{"line":102,"column":24},"end":{"line":102,"column":27}},"loc":{"start":{"line":102,"column":29},"end":{"line":105,"column":3}}},"7":{"name":"(anonymous_7)","decl":{"start":{"line":108,"column":12},"end":{"line":108,"column":15}},"loc":{"start":{"line":108,"column":17},"end":{"line":112,"column":3}}},"8":{"name":"(anonymous_8)","decl":{"start":{"line":110,"column":33},"end":{"line":110,"column":36}},"loc":{"start":{"line":110,"column":39},"end":{"line":110,"column":67}}},"9":{"name":"(anonymous_9)","decl":{"start":{"line":111,"column":11},"end":{"line":111,"column":14}},"loc":{"start":{"line":111,"column":17},"end":{"line":111,"column":40}}},"10":{"name":"(anonymous_10)","decl":{"start":{"line":186,"column":30},"end":{"line":186,"column":31}},"loc":{"start":{"line":187,"column":12},"end":{"line":188,"column":null}}},"11":{"name":"(anonymous_11)","decl":{"start":{"line":189,"column":23},"end":{"line":189,"column":26}},"loc":{"start":{"line":189,"column":29},"end":{"line":189,"column":54}}}},"branchMap":{"0":{"loc":{"start":{"line":23,"column":26},"end":{"line":25,"column":13}},"type":"cond-expr","locations":[{"start":{"line":24,"column":6},"end":{"line":24,"column":62}},{"start":{"line":25,"column":6},"end":{"line":25,"column":13}}]},"1":{"loc":{"start":{"line":29,"column":4},"end":{"line":29,"column":29}},"type":"if","locations":[{"start":{"line":29,"column":4},"end":{"line":29,"column":29}},{"start":{},"end":{}}]},"2":{"loc":{"start":{"line":45,"column":6},"end":{"line":48,"column":7}},"type":"if","locations":[{"start":{"line":45,"column":6},"end":{"line":48,"column":7}},{"start":{},"end":{}}]},"3":{"loc":{"start":{"line":51,"column":6},"end":{"line":55,"column":7}},"type":"if","locations":[{"start":{"line":51,"column":6},"end":{"line":55,"column":7}},{"start":{},"end":{}}]},"4":{"loc":{"start":{"line":58,"column":6},"end":{"line":62,"column":7}},"type":"if","locations":[{"start":{"line":58,"column":6},"end":{"line":62,"column":7}},{"start":{},"end":{}}]},"5":{"loc":{"start":{"line":65,"column":6},"end":{"line":71,"column":7}},"type":"if","locations":[{"start":{"line":65,"column":6},"end":{"line":71,"column":7}},{"start":{},"end":{}}]},"6":{"loc":{"start":{"line":86,"column":4},"end":{"line":93,"column":5}},"type":"if","locations":[{"start":{"line":86,"column":4},"end":{"line":93,"column":5}},{"start":{},"end":{}}]},"7":{"loc":{"start":{"line":87,"column":6},"end":{"line":89,"column":49}},"type":"binary-expr","locations":[{"start":{"line":87,"column":6},"end":{"line":87,"column":29}},{"start":{"line":88,"column":6},"end":{"line":88,"column":31}},{"start":{"line":89,"column":6},"end":{"line":89,"column":49}}]},"8":{"loc":{"start":{"line":109,"column":4},"end":{"line":109,"column":36}},"type":"if","locations":[{"start":{"line":109,"column":4},"end":{"line":109,"column":36}},{"start":{},"end":{}}]},"9":{"loc":{"start":{"line":117,"column":7},"end":{"line":123,"column":null}},"type":"binary-expr","locations":[{"start":{"line":117,"column":7},"end":{"line":117,"column":18}},{"start":{"line":118,"column":8},"end":{"line":122,"column":null}}]},"10":{"loc":{"start":{"line":126,"column":7},"end":{"line":132,"column":null}},"type":"binary-expr","locations":[{"start":{"line":126,"column":7},"end":{"line":126,"column":31}},{"start":{"line":127,"column":8},"end":{"line":131,"column":null}}]},"11":{"loc":{"start":{"line":136,"column":9},"end":{"line":145,"column":null}},"type":"binary-expr","locations":[{"start":{"line":136,"column":9},"end":{"line":136,"column":39}},{"start":{"line":137,"column":10},"end":{"line":144,"column":null}}]},"12":{"loc":{"start":{"line":139,"column":13},"end":{"line":143,"column":null}},"type":"binary-expr","locations":[{"start":{"line":139,"column":13},"end":{"line":139,"column":61}},{"start":{"line":140,"column":14},"end":{"line":142,"column":null}}]},"13":{"loc":{"start":{"line":148,"column":38},"end":{"line":148,"column":92}},"type":"cond-expr","locations":[{"start":{"line":148,"column":68},"end":{"line":148,"column":87}},{"start":{"line":148,"column":90},"end":{"line":148,"column":92}}]},"14":{"loc":{"start":{"line":148,"column":96},"end":{"line":148,"column":151}},"type":"cond-expr","locations":[{"start":{"line":148,"column":131},"end":{"line":148,"column":146}},{"start":{"line":148,"column":149},"end":{"line":148,"column":151}}]},"15":{"loc":{"start":{"line":150,"column":13},"end":{"line":153,"column":null}},"type":"binary-expr","locations":[{"start":{"line":150,"column":13},"end":{"line":150,"column":40}},{"start":{"line":151,"column":14},"end":{"line":151,"column":null}}]},"16":{"loc":{"start":{"line":156,"column":11},"end":{"line":160,"column":null}},"type":"binary-expr","locations":[{"start":{"line":156,"column":11},"end":{"line":156,"column":53}},{"start":{"line":157,"column":12},"end":{"line":159,"column":null}}]},"17":{"loc":{"start":{"line":179,"column":9},"end":{"line":196,"column":null}},"type":"cond-expr","locations":[{"start":{"line":180,"column":10},"end":{"line":183,"column":null}},{"start":{"line":186,"column":10},"end":{"line":196,"column":12}}]},"18":{"loc":{"start":{"line":191,"column":42},"end":{"line":191,"column":87}},"type":"cond-expr","locations":[{"start":{"line":191,"column":63},"end":{"line":191,"column":82}},{"start":{"line":191,"column":85},"end":{"line":191,"column":87}}]},"19":{"loc":{"start":{"line":193,"column":15},"end":{"line":193,"column":80}},"type":"binary-expr","locations":[{"start":{"line":193,"column":15},"end":{"line":193,"column":33}},{"start":{"line":193,"column":37},"end":{"line":193,"column":80}}]},"20":{"loc":{"start":{"line":205,"column":11},"end":{"line":205,"column":82}},"type":"binary-expr","locations":[{"start":{"line":205,"column":11},"end":{"line":205,"column":29}},{"start":{"line":205,"column":33},"end":{"line":205,"column":82}}]}},"s":{"0":0,"1":0,"2":0,"3":0,"4":0,"5":0,"6":0,"7":0,"8":0,"9":0,"10":0,"11":0,"12":0,"13":0,"14":0,"15":0,"16":0,"17":0,"18":0,"19":0,"20":0,"21":0,"22":0,"23":0,"24":0,"25":0,"26":0,"27":0,"28":0,"29":0,"30":0,"31":0,"32":0,"33":0,"34":0,"35":0,"36":0,"37":0,"38":0,"39":0,"40":0,"41":0,"42":0,"43":0,"44":0,"45":0,"46":0,"47":0,"48":0,"49":0,"50":0,"51":0,"52":0,"53":0,"54":0,"55":0,"56":0},"f":{"0":0,"1":0,"2":0,"3":0,"4":0,"5":0,"6":0,"7":0,"8":0,"9":0,"10":0,"11":0},"b":{"0":[0,0],"1":[0,0],"2":[0,0],"3":[0,0],"4":[0,0],"5":[0,0],"6":[0,0],"7":[0,0,0],"8":[0,0],"9":[0,0],"10":[0,0],"11":[0,0],"12":[0,0],"13":[0,0],"14":[0,0],"15":[0,0],"16":[0,0],"17":[0,0],"18":[0,0],"19":[0,0],"20":[0,0]}}
,"/home/runner/work/Apophenia/Apophenia/src/components/ModelSelector.tsx": {"path":"/home/runner/work/Apophenia/Apophenia/src/components/ModelSelector.tsx","statementMap":{"0":{"start":{"line":16,"column":52},"end":{"line":191,"column":1}},"1":{"start":{"line":25,"column":6},"end":{"line":25,"column":23}},"2":{"start":{"line":27,"column":44},"end":{"line":27,"column":73}},"3":{"start":{"line":28,"column":17},"end":{"line":28,"column":31}},"4":{"start":{"line":30,"column":28},"end":{"line":32,"column":3}},"5":{"start":{"line":31,"column":4},"end":{"line":31,"column":30}},"6":{"start":{"line":34,"column":26},"end":{"line":36,"column":3}},"7":{"start":{"line":35,"column":4},"end":{"line":35,"column":29}},"8":{"start":{"line":38,"column":26},"end":{"line":152,"column":3}},"9":{"start":{"line":39,"column":23},"end":{"line":39,"column":51}},"10":{"start":{"line":40,"column":23},"end":{"line":40,"column":46}},"11":{"start":{"line":41,"column":31},"end":{"line":41,"column":58}},"12":{"start":{"line":42,"column":23},"end":{"line":42,"column":49}},"13":{"start":{"line":44,"column":4},"end":{"line":151,"column":6}},"14":{"start":{"line":48,"column":23},"end":{"line":48,"column":50}},"15":{"start":{"line":91,"column":14},"end":{"line":91,"column":34}},"16":{"start":{"line":92,"column":14},"end":{"line":92,"column":40}},"17":{"start":{"line":102,"column":14},"end":{"line":102,"column":34}},"18":{"start":{"line":103,"column":14},"end":{"line":103,"column":61}},"19":{"start":{"line":154,"column":2},"end":{"line":154,"column":30}},"20":{"start":{"line":154,"column":18},"end":{"line":154,"column":30}},"21":{"start":{"line":156,"column":2},"end":{"line":190,"column":4}},"22":{"start":{"line":158,"column":60},"end":{"line":158,"column":79}}},"fnMap":{"0":{"name":"(anonymous_0)","decl":{"start":{"line":16,"column":52},"end":{"line":16,"column":53}},"loc":{"start":{"line":16,"column":79},"end":{"line":191,"column":1}}},"1":{"name":"(anonymous_1)","decl":{"start":{"line":30,"column":28},"end":{"line":30,"column":29}},"loc":{"start":{"line":30,"column":48},"end":{"line":32,"column":3}}},"2":{"name":"(anonymous_2)","decl":{"start":{"line":34,"column":26},"end":{"line":34,"column":31}},"loc":{"start":{"line":34,"column":52},"end":{"line":36,"column":3}}},"3":{"name":"(anonymous_3)","decl":{"start":{"line":38,"column":26},"end":{"line":38,"column":27}},"loc":{"start":{"line":38,"column":45},"end":{"line":152,"column":3}}},"4":{"name":"(anonymous_4)","decl":{"start":{"line":48,"column":17},"end":{"line":48,"column":20}},"loc":{"start":{"line":48,"column":23},"end":{"line":48,"column":50}}},"5":{"name":"(anonymous_5)","decl":{"start":{"line":90,"column":21},"end":{"line":90,"column":22}},"loc":{"start":{"line":90,"column":27},"end":{"line":93,"column":13}}},"6":{"name":"(anonymous_6)","decl":{"start":{"line":101,"column":21},"end":{"line":101,"column":22}},"loc":{"start":{"line":101,"column":27},"end":{"line":104,"column":13}}},"7":{"name":"(anonymous_7)","decl":{"start":{"line":158,"column":53},"end":{"line":158,"column":54}},"loc":{"start":{"line":158,"column":60},"end":{"line":158,"column":79}}}},"branchMap":{"0":{"loc":{"start":{"line":47,"column":33},"end":{"line":47,"column":61}},"type":"cond-expr","locations":[{"start":{"line":47,"column":46},"end":{"line":47,"column":56}},{"start":{"line":47,"column":59},"end":{"line":47,"column":61}}]},"1":{"loc":{"start":{"line":54,"column":13},"end":{"line":54,"column":78}},"type":"binary-expr","locations":[{"start":{"line":54,"column":13},"end":{"line":54,"column":28}},{"start":{"line":54,"column":32},"end":{"line":54,"column":78}}]},"2":{"loc":{"start":{"line":57,"column":13},"end":{"line":57,"column":72}},"type":"binary-expr","locations":[{"start":{"line":57,"column":13},"end":{"line":57,"column":23}},{"start":{"line":57,"column":27},"end":{"line":57,"column":72}}]},"3":{"loc":{"start":{"line":66,"column":17},"end":{"line":68,"column":71}},"type":"cond-expr","locations":[{"start":{"line":67,"column":20},"end":{"line":67,"column":75}},{"start":{"line":68,"column":20},"end":{"line":68,"column":71}}]},"4":{"loc":{"start":{"line":74,"column":48},"end":{"line":74,"column":102}},"type":"cond-expr","locations":[{"start":{"line":74,"column":73},"end":{"line":74,"column":84}},{"start":{"line":74,"column":87},"end":{"line":74,"column":102}}]},"5":{"loc":{"start":{"line":75,"column":17},"end":{"line":75,"column":54}},"type":"cond-expr","locations":[{"start":{"line":75,"column":42},"end":{"line":75,"column":47}},{"start":{"line":75,"column":50},"end":{"line":75,"column":54}}]},"6":{"loc":{"start":{"line":80,"column":48},"end":{"line":80,"column":100}},"type":"cond-expr","locations":[{"start":{"line":80,"column":71},"end":{"line":80,"column":82}},{"start":{"line":80,"column":85},"end":{"line":80,"column":100}}]},"7":{"loc":{"start":{"line":81,"column":17},"end":{"line":81,"column":52}},"type":"cond-expr","locations":[{"start":{"line":81,"column":40},"end":{"line":81,"column":45}},{"start":{"line":81,"column":48},"end":{"line":81,"column":52}}]},"8":{"loc":{"start":{"line":96,"column":13},"end":{"line":96,"column":59}},"type":"cond-expr","locations":[{"start":{"line":96,"column":34},"end":{"line":96,"column":46}},{"start":{"line":96,"column":49},"end":{"line":96,"column":59}}]},"9":{"loc":{"start":{"line":103,"column":31},"end":{"line":103,"column":59}},"type":"cond-expr","locations":[{"start":{"line":103,"column":44},"end":{"line":103,"column":48}},{"start":{"line":103,"column":51},"end":{"line":103,"column":59}}]},"10":{"loc":{"start":{"line":106,"column":13},"end":{"line":106,"column":41}},"type":"cond-expr","locations":[{"start":{"line":106,"column":26},"end":{"line":106,"column":32}},{"start":{"line":106,"column":35},"end":{"line":106,"column":41}}]},"11":{"loc":{"start":{"line":110,"column":9},"end":{"line":121,"column":null}},"type":"binary-expr","locations":[{"start":{"line":110,"column":9},"end":{"line":110,"column":19}},{"start":{"line":111,"column":10},"end":{"line":120,"column":null}}]},"12":{"loc":{"start":{"line":111,"column":41},"end":{"line":111,"column":81}},"type":"cond-expr","locations":[{"start":{"line":111,"column":62},"end":{"line":111,"column":71}},{"start":{"line":111,"column":74},"end":{"line":111,"column":81}}]},"13":{"loc":{"start":{"line":113,"column":15},"end":{"line":113,"column":85}},"type":"cond-expr","locations":[{"start":{"line":113,"column":36},"end":{"line":113,"column":61}},{"start":{"line":113,"column":64},"end":{"line":113,"column":85}}]},"14":{"loc":{"start":{"line":115,"column":13},"end":{"line":116,"column":null}},"type":"binary-expr","locations":[{"start":{"line":115,"column":13},"end":{"line":115,"column":36}},{"start":{"line":116,"column":14},"end":{"line":116,"column":76}}]},"15":{"loc":{"start":{"line":118,"column":13},"end":{"line":119,"column":null}},"type":"binary-expr","locations":[{"start":{"line":118,"column":13},"end":{"line":118,"column":29}},{"start":{"line":119,"column":14},"end":{"line":119,"column":68}}]},"16":{"loc":{"start":{"line":124,"column":9},"end":{"line":148,"column":null}},"type":"binary-expr","locations":[{"start":{"line":124,"column":9},"end":{"line":124,"column":19}},{"start":{"line":125,"column":10},"end":{"line":147,"column":null}}]},"17":{"loc":{"start":{"line":128,"column":15},"end":{"line":136,"column":null}},"type":"binary-expr","locations":[{"start":{"line":128,"column":15},"end":{"line":128,"column":51}},{"start":{"line":129,"column":16},"end":{"line":135,"column":null}}]},"18":{"loc":{"start":{"line":138,"column":15},"end":{"line":145,"column":null}},"type":"binary-expr","locations":[{"start":{"line":138,"column":15},"end":{"line":138,"column":45}},{"start":{"line":139,"column":16},"end":{"line":144,"column":null}}]},"19":{"loc":{"start":{"line":144,"column":19},"end":{"line":144,"column":78}},"type":"binary-expr","locations":[{"start":{"line":144,"column":19},"end":{"line":144,"column":41}},{"start":{"line":144,"column":45},"end":{"line":144,"column":78}}]},"20":{"loc":{"start":{"line":154,"column":2},"end":{"line":154,"column":30}},"type":"if","locations":[{"start":{"line":154,"column":2},"end":{"line":154,"column":30}},{"start":{},"end":{}}]},"21":{"loc":{"start":{"line":166,"column":50},"end":{"line":166,"column":84}},"type":"binary-expr","locations":[{"start":{"line":166,"column":50},"end":{"line":166,"column":74}},{"start":{"line":166,"column":78},"end":{"line":166,"column":84}}]}},"s":{"0":0,"1":0,"2":0,"3":0,"4":0,"5":0,"6":0,"7":0,"8":0,"9":0,"10":0,"11":0,"12":0,"13":0,"14":0,"15":0,"16":0,"17":0,"18":0,"19":0,"20":0,"21":0,"22":0},"f":{"0":0,"1":0,"2":0,"3":0,"4":0,"5":0,"6":0,"7":0},"b":{"0":[0,0],"1":[0,0],"2":[0,0],"3":[0,0],"4":[0,0],"5":[0,0],"6":[0,0],"7":[0,0],"8":[0,0],"9":[0,0],"10":[0,0],"11":[0,0],"12":[0,0],"13":[0,0],"14":[0,0],"15":[0,0],"16":[0,0],"17":[0,0],"18":[0,0],"19":[0,0],"20":[0,0],"21":[0,0]}}
,"/home/runner/work/Apophenia/Apophenia/src/components/StartScreen.tsx": {"path":"/home/runner/work/Apophenia/Apophenia/src/components/StartScreen.tsx","statementMap":{"0":{"start":{"line":11,"column":33},"end":{"line":28,"column":2}},"1":{"start":{"line":30,"column":30},"end":{"line":98,"column":1}},"2":{"start":{"line":31,"column":27},"end":{"line":31,"column":46}},"3":{"start":{"line":32,"column":41},"end":{"line":32,"column":61}},"4":{"start":{"line":33,"column":27},"end":{"line":33,"column":49}},"5":{"start":{"line":34,"column":31},"end":{"line":34,"column":48}},"6":{"start":{"line":35,"column":42},"end":{"line":35,"column":57}},"7":{"start":{"line":36,"column":38},"end":{"line":36,"column":53}},"8":{"start":{"line":38,"column":24},"end":{"line":38,"column":42}},"9":{"start":{"line":40,"column":2},"end":{"line":44,"column":45}},"10":{"start":{"line":43,"column":4},"end":{"line":43,"column":80}},"11":{"start":{"line":46,"column":24},"end":{"line":74,"column":3}},"12":{"start":{"line":47,"column":4},"end":{"line":47,"column":27}},"13":{"start":{"line":47,"column":20},"end":{"line":47,"column":27}},"14":{"start":{"line":48,"column":4},"end":{"line":48,"column":24}},"15":{"start":{"line":51,"column":4},"end":{"line":51,"column":38}},"16":{"start":{"line":53,"column":4},"end":{"line":53,"column":47}},"17":{"start":{"line":56,"column":4},"end":{"line":56,"column":32}},"18":{"start":{"line":58,"column":20},"end":{"line":58,"column":54}},"19":{"start":{"line":60,"column":6},"end":{"line":62,"column":55}},"20":{"start":{"line":64,"column":4},"end":{"line":64,"column":102}},"21":{"start":{"line":66,"column":4},"end":{"line":70,"column":7}},"22":{"start":{"line":72,"column":4},"end":{"line":72,"column":36}},"23":{"start":{"line":73,"column":4},"end":{"line":73,"column":25}},"24":{"start":{"line":76,"column":25},"end":{"line":80,"column":3}},"25":{"start":{"line":79,"column":4},"end":{"line":79,"column":36}},"26":{"start":{"line":82,"column":2},"end":{"line":97,"column":4}}},"fnMap":{"0":{"name":"(anonymous_0)","decl":{"start":{"line":30,"column":30},"end":{"line":30,"column":33}},"loc":{"start":{"line":30,"column":35},"end":{"line":98,"column":1}}},"1":{"name":"(anonymous_1)","decl":{"start":{"line":40,"column":12},"end":{"line":40,"column":15}},"loc":{"start":{"line":40,"column":17},"end":{"line":44,"column":3}}},"2":{"name":"(anonymous_2)","decl":{"start":{"line":46,"column":24},"end":{"line":46,"column":29}},"loc":{"start":{"line":46,"column":35},"end":{"line":74,"column":3}}},"3":{"name":"(anonymous_3)","decl":{"start":{"line":76,"column":25},"end":{"line":76,"column":28}},"loc":{"start":{"line":76,"column":30},"end":{"line":80,"column":3}}}},"branchMap":{"0":{"loc":{"start":{"line":43,"column":20},"end":{"line":43,"column":78}},"type":"binary-expr","locations":[{"start":{"line":43,"column":20},"end":{"line":43,"column":43}},{"start":{"line":43,"column":47},"end":{"line":43,"column":78}}]},"1":{"loc":{"start":{"line":47,"column":4},"end":{"line":47,"column":27}},"type":"if","locations":[{"start":{"line":47,"column":4},"end":{"line":47,"column":27}},{"start":{},"end":{}}]},"2":{"loc":{"start":{"line":60,"column":6},"end":{"line":62,"column":55}},"type":"cond-expr","locations":[{"start":{"line":61,"column":10},"end":{"line":61,"column":25}},{"start":{"line":62,"column":10},"end":{"line":62,"column":55}}]},"3":{"loc":{"start":{"line":60,"column":6},"end":{"line":60,"column":58}},"type":"binary-expr","locations":[{"start":{"line":60,"column":6},"end":{"line":60,"column":21}},{"start":{"line":60,"column":25},"end":{"line":60,"column":58}}]},"4":{"loc":{"start":{"line":88,"column":35},"end":{"line":88,"column":73}},"type":"binary-expr","locations":[{"start":{"line":88,"column":35},"end":{"line":88,"column":54}},{"start":{"line":88,"column":58},"end":{"line":88,"column":73}}]},"5":{"loc":{"start":{"line":93,"column":9},"end":{"line":93,"column":48}},"type":"cond-expr","locations":[{"start":{"line":93,"column":22},"end":{"line":93,"column":35}},{"start":{"line":93,"column":38},"end":{"line":93,"column":48}}]},"6":{"loc":{"start":{"line":95,"column":7},"end":{"line":95,"column":73}},"type":"binary-expr","locations":[{"start":{"line":95,"column":7},"end":{"line":95,"column":19}},{"start":{"line":95,"column":23},"end":{"line":95,"column":73}}]}},"s":{"0":0,"1":0,"2":0,"3":0,"4":0,"5":0,"6":0,"7":0,"8":0,"9":0,"10":0,"11":0,"12":0,"13":0,"14":0,"15":0,"16":0,"17":0,"18":0,"19":0,"20":0,"21":0,"22":0,"23":0,"24":0,"25":0,"26":0},"f":{"0":0,"1":0,"2":0,"3":0},"b":{"0":[0,0],"1":[0,0],"2":[0,0],"3":[0,0],"4":[0,0],"5":[0,0],"6":[0,0]}}
,"/home/runner/work/Apophenia/Apophenia/src/components/TestAPIButton.tsx": {"path":"/home/runner/work/Apophenia/Apophenia/src/components/TestAPIButton.tsx","statementMap":{"0":{"start":{"line":10,"column":32},"end":{"line":91,"column":1}},"1":{"start":{"line":16,"column":6},"end":{"line":16,"column":23}},"2":{"start":{"line":18,"column":38},"end":{"line":18,"column":53}},"3":{"start":{"line":20,"column":24},"end":{"line":20,"column":42}},"4":{"start":{"line":21,"column":29},"end":{"line":21,"column":65}},"5":{"start":{"line":22,"column":21},"end":{"line":22,"column":80}},"6":{"start":{"line":24,"column":21},"end":{"line":34,"column":3}},"7":{"start":{"line":25,"column":4},"end":{"line":25,"column":53}},"8":{"start":{"line":25,"column":46},"end":{"line":25,"column":53}},"9":{"start":{"line":27,"column":4},"end":{"line":27,"column":38}},"10":{"start":{"line":28,"column":4},"end":{"line":28,"column":24}},"11":{"start":{"line":31,"column":4},"end":{"line":33,"column":13}},"12":{"start":{"line":32,"column":6},"end":{"line":32,"column":27}},"13":{"start":{"line":36,"column":24},"end":{"line":39,"column":3}},"14":{"start":{"line":37,"column":4},"end":{"line":37,"column":48}},"15":{"start":{"line":37,"column":28},"end":{"line":37,"column":48}},"16":{"start":{"line":38,"column":4},"end":{"line":38,"column":22}},"17":{"start":{"line":41,"column":24},"end":{"line":46,"column":3}},"18":{"start":{"line":42,"column":4},"end":{"line":42,"column":39}},"19":{"start":{"line":42,"column":28},"end":{"line":42,"column":39}},"20":{"start":{"line":43,"column":4},"end":{"line":43,"column":40}},"21":{"start":{"line":43,"column":29},"end":{"line":43,"column":40}},"22":{"start":{"line":44,"column":4},"end":{"line":44,"column":50}},"23":{"start":{"line":44,"column":39},"end":{"line":44,"column":50}},"24":{"start":{"line":45,"column":4},"end":{"line":45,"column":16}},"25":{"start":{"line":48,"column":2},"end":{"line":90,"column":4}}},"fnMap":{"0":{"name":"(anonymous_0)","decl":{"start":{"line":10,"column":32},"end":{"line":10,"column":35}},"loc":{"start":{"line":10,"column":37},"end":{"line":91,"column":1}}},"1":{"name":"(anonymous_1)","decl":{"start":{"line":24,"column":21},"end":{"line":24,"column":26}},"loc":{"start":{"line":24,"column":32},"end":{"line":34,"column":3}}},"2":{"name":"(anonymous_2)","decl":{"start":{"line":31,"column":15},"end":{"line":31,"column":18}},"loc":{"start":{"line":31,"column":20},"end":{"line":33,"column":5}}},"3":{"name":"(anonymous_3)","decl":{"start":{"line":36,"column":24},"end":{"line":36,"column":27}},"loc":{"start":{"line":36,"column":29},"end":{"line":39,"column":3}}},"4":{"name":"(anonymous_4)","decl":{"start":{"line":41,"column":24},"end":{"line":41,"column":27}},"loc":{"start":{"line":41,"column":29},"end":{"line":46,"column":3}}}},"branchMap":{"0":{"loc":{"start":{"line":22,"column":21},"end":{"line":22,"column":80}},"type":"cond-expr","locations":[{"start":{"line":22,"column":37},"end":{"line":22,"column":68}},{"start":{"line":22,"column":71},"end":{"line":22,"column":80}}]},"1":{"loc":{"start":{"line":25,"column":4},"end":{"line":25,"column":53}},"type":"if","locations":[{"start":{"line":25,"column":4},"end":{"line":25,"column":53}},{"start":{},"end":{}}]},"2":{"loc":{"start":{"line":25,"column":8},"end":{"line":25,"column":44}},"type":"binary-expr","locations":[{"start":{"line":25,"column":8},"end":{"line":25,"column":22}},{"start":{"line":25,"column":26},"end":{"line":25,"column":44}}]},"3":{"loc":{"start":{"line":37,"column":4},"end":{"line":37,"column":48}},"type":"if","locations":[{"start":{"line":37,"column":4},"end":{"line":37,"column":48}},{"start":{},"end":{}}]},"4":{"loc":{"start":{"line":42,"column":4},"end":{"line":42,"column":39}},"type":"if","locations":[{"start":{"line":42,"column":4},"end":{"line":42,"column":39}},{"start":{},"end":{}}]},"5":{"loc":{"start":{"line":43,"column":4},"end":{"line":43,"column":40}},"type":"if","locations":[{"start":{"line":43,"column":4},"end":{"line":43,"column":40}},{"start":{},"end":{}}]},"6":{"loc":{"start":{"line":44,"column":4},"end":{"line":44,"column":50}},"type":"if","locations":[{"start":{"line":44,"column":4},"end":{"line":44,"column":50}},{"start":{},"end":{}}]},"7":{"loc":{"start":{"line":53,"column":18},"end":{"line":53,"column":54}},"type":"binary-expr","locations":[{"start":{"line":53,"column":18},"end":{"line":53,"column":36}},{"start":{"line":53,"column":40},"end":{"line":53,"column":54}}]},"8":{"loc":{"start":{"line":54,"column":23},"end":{"line":54,"column":56}},"type":"binary-expr","locations":[{"start":{"line":54,"column":23},"end":{"line":54,"column":42}},{"start":{"line":54,"column":46},"end":{"line":54,"column":56}}]},"9":{"loc":{"start":{"line":60,"column":7},"end":{"line":87,"column":null}},"type":"binary-expr","locations":[{"start":{"line":60,"column":7},"end":{"line":60,"column":17}},{"start":{"line":60,"column":21},"end":{"line":60,"column":31}},{"start":{"line":61,"column":8},"end":{"line":86,"column":null}}]},"10":{"loc":{"start":{"line":61,"column":45},"end":{"line":61,"column":85}},"type":"cond-expr","locations":[{"start":{"line":61,"column":66},"end":{"line":61,"column":75}},{"start":{"line":61,"column":78},"end":{"line":61,"column":85}}]},"11":{"loc":{"start":{"line":64,"column":15},"end":{"line":64,"column":45}},"type":"cond-expr","locations":[{"start":{"line":64,"column":36},"end":{"line":64,"column":39}},{"start":{"line":64,"column":42},"end":{"line":64,"column":45}}]},"12":{"loc":{"start":{"line":67,"column":37},"end":{"line":67,"column":80}},"type":"cond-expr","locations":[{"start":{"line":67,"column":58},"end":{"line":67,"column":69}},{"start":{"line":67,"column":72},"end":{"line":67,"column":80}}]},"13":{"loc":{"start":{"line":72,"column":13},"end":{"line":84,"column":null}},"type":"cond-expr","locations":[{"start":{"line":73,"column":14},"end":{"line":78,"column":null}},{"start":{"line":81,"column":14},"end":{"line":83,"column":null}}]},"14":{"loc":{"start":{"line":76,"column":17},"end":{"line":77,"column":null}},"type":"binary-expr","locations":[{"start":{"line":76,"column":17},"end":{"line":76,"column":40}},{"start":{"line":77,"column":18},"end":{"line":77,"column":71}}]},"15":{"loc":{"start":{"line":83,"column":17},"end":{"line":83,"column":73}},"type":"binary-expr","locations":[{"start":{"line":83,"column":17},"end":{"line":83,"column":33}},{"start":{"line":83,"column":37},"end":{"line":83,"column":73}}]}},"s":{"0":0,"1":0,"2":0,"3":0,"4":0,"5":0,"6":0,"7":0,"8":0,"9":0,"10":0,"11":0,"12":0,"13":0,"14":0,"15":0,"16":0,"17":0,"18":0,"19":0,"20":0,"21":0,"22":0,"23":0,"24":0,"25":0},"f":{"0":0,"1":0,"2":0,"3":0,"4":0},"b":{"0":[0,0],"1":[0,0],"2":[0,0],"3":[0,0],"4":[0,0],"5":[0,0],"6":[0,0],"7":[0,0],"8":[0,0],"9":[0,0,0],"10":[0,0],"11":[0,0],"12":[0,0],"13":[0,0],"14":[0,0],"15":[0,0]}}
,"/home/runner/work/Apophenia/Apophenia/src/config/gameConfig.ts": {"path":"/home/runner/work/Apophenia/Apophenia/src/config/gameConfig.ts","statementMap":{"0":{"start":{"line":3,"column":13},"end":{"line":17,"column":2}}},"fnMap":{},"branchMap":{},"s":{"0":3},"f":{},"b":{}}
,"/home/runner/work/Apophenia/Apophenia/src/services/browserManipulator.ts": {"path":"/home/runner/work/Apophenia/Apophenia/src/services/browserManipulator.ts","statementMap":{"0":{"start":{"line":8,"column":31},"end":{"line":10,"column":1}},"1":{"start":{"line":9,"column":2},"end":{"line":9,"column":28}},"2":{"start":{"line":12,"column":26},"end":{"line":14,"column":1}},"3":{"start":{"line":13,"column":2},"end":{"line":13,"column":29}},"4":{"start":{"line":16,"column":33},"end":{"line":20,"column":1}},"5":{"start":{"line":19,"column":2},"end":{"line":19,"column":62}}},"fnMap":{"0":{"name":"(anonymous_0)","decl":{"start":{"line":8,"column":31},"end":{"line":8,"column":32}},"loc":{"start":{"line":8,"column":58},"end":{"line":10,"column":1}}},"1":{"name":"(anonymous_1)","decl":{"start":{"line":12,"column":26},"end":{"line":12,"column":27}},"loc":{"start":{"line":12,"column":48},"end":{"line":14,"column":1}}},"2":{"name":"(anonymous_2)","decl":{"start":{"line":16,"column":33},"end":{"line":16,"column":42}},"loc":{"start":{"line":16,"column":44},"end":{"line":20,"column":1}}}},"branchMap":{},"s":{"0":0,"1":0,"2":0,"3":0,"4":0,"5":0},"f":{"0":0,"1":0,"2":0},"b":{}}
,"/home/runner/work/Apophenia/Apophenia/src/services/cacheMaintenanceService.ts": {"path":"/home/runner/work/Apophenia/Apophenia/src/services/cacheMaintenanceService.ts","statementMap":{"0":{"start":{"line":15,"column":4},"end":{"line":18,"column":5}},"1":{"start":{"line":16,"column":6},"end":{"line":16,"column":56}},"2":{"start":{"line":17,"column":6},"end":{"line":17,"column":13}},"3":{"start":{"line":20,"column":4},"end":{"line":22,"column":19}},"4":{"start":{"line":21,"column":6},"end":{"line":21,"column":28}},"5":{"start":{"line":24,"column":4},"end":{"line":24,"column":45}},"6":{"start":{"line":31,"column":4},"end":{"line":35,"column":5}},"7":{"start":{"line":32,"column":6},"end":{"line":32,"column":42}},"8":{"start":{"line":33,"column":6},"end":{"line":33,"column":34}},"9":{"start":{"line":34,"column":6},"end":{"line":34,"column":47}},"10":{"start":{"line":42,"column":4},"end":{"line":52,"column":5}},"11":{"start":{"line":43,"column":25},"end":{"line":43,"column":69}},"12":{"start":{"line":44,"column":6},"end":{"line":44,"column":56}},"13":{"start":{"line":45,"column":24},"end":{"line":45,"column":68}},"14":{"start":{"line":47,"column":6},"end":{"line":49,"column":7}},"15":{"start":{"line":48,"column":8},"end":{"line":48,"column":80}},"16":{"start":{"line":51,"column":6},"end":{"line":51,"column":62}},"17":{"start":{"line":59,"column":23},"end":{"line":59,"column":63}},"18":{"start":{"line":60,"column":16},"end":{"line":60,"column":26}},"19":{"start":{"line":62,"column":23},"end":{"line":62,"column":24}},"20":{"start":{"line":63,"column":23},"end":{"line":63,"column":24}},"21":{"start":{"line":64,"column":27},"end":{"line":64,"column":28}},"22":{"start":{"line":66,"column":4},"end":{"line":72,"column":7}},"23":{"start":{"line":67,"column":6},"end":{"line":67,"column":21}},"24":{"start":{"line":68,"column":6},"end":{"line":68,"column":44}},"25":{"start":{"line":69,"column":6},"end":{"line":71,"column":7}},"26":{"start":{"line":70,"column":8},"end":{"line":70,"column":23}},"27":{"start":{"line":74,"column":4},"end":{"line":79,"column":6}},"28":{"start":{"line":8,"column":17},"end":{"line":8,"column":null}}},"fnMap":{"0":{"name":"(anonymous_0)","decl":{"start":{"line":14,"column":2},"end":{"line":14,"column":8}},"loc":{"start":{"line":14,"column":60},"end":{"line":25,"column":3}}},"1":{"name":"(anonymous_1)","decl":{"start":{"line":20,"column":39},"end":{"line":20,"column":42}},"loc":{"start":{"line":20,"column":44},"end":{"line":22,"column":5}}},"2":{"name":"(anonymous_2)","decl":{"start":{"line":30,"column":2},"end":{"line":30,"column":8}},"loc":{"start":{"line":30,"column":24},"end":{"line":36,"column":3}}},"3":{"name":"(anonymous_3)","decl":{"start":{"line":41,"column":2},"end":{"line":41,"column":8}},"loc":{"start":{"line":41,"column":23},"end":{"line":53,"column":3}}},"4":{"name":"(anonymous_4)","decl":{"start":{"line":58,"column":2},"end":{"line":58,"column":8}},"loc":{"start":{"line":58,"column":22},"end":{"line":80,"column":3}}},"5":{"name":"(anonymous_5)","decl":{"start":{"line":66,"column":38},"end":{"line":66,"column":39}},"loc":{"start":{"line":66,"column":53},"end":{"line":72,"column":5}}}},"branchMap":{"0":{"loc":{"start":{"line":14,"column":26},"end":{"line":14,"column":60}},"type":"default-arg","locations":[{"start":{"line":14,"column":47},"end":{"line":14,"column":60}}]},"1":{"loc":{"start":{"line":15,"column":4},"end":{"line":18,"column":5}},"type":"if","locations":[{"start":{"line":15,"column":4},"end":{"line":18,"column":5}},{"start":{},"end":{}}]},"2":{"loc":{"start":{"line":31,"column":4},"end":{"line":35,"column":5}},"type":"if","locations":[{"start":{"line":31,"column":4},"end":{"line":35,"column":5}},{"start":{},"end":{}}]},"3":{"loc":{"start":{"line":47,"column":6},"end":{"line":49,"column":7}},"type":"if","locations":[{"start":{"line":47,"column":6},"end":{"line":49,"column":7}},{"start":{},"end":{}}]},"4":{"loc":{"start":{"line":69,"column":6},"end":{"line":71,"column":7}},"type":"if","locations":[{"start":{"line":69,"column":6},"end":{"line":71,"column":7}},{"start":{},"end":{}}]},"5":{"loc":{"start":{"line":77,"column":26},"end":{"line":77,"column":80}},"type":"cond-expr","locations":[{"start":{"line":77,"column":45},"end":{"line":77,"column":76}},{"start":{"line":77,"column":79},"end":{"line":77,"column":80}}]}},"s":{"0":0,"1":0,"2":0,"3":0,"4":0,"5":0,"6":0,"7":0,"8":0,"9":0,"10":0,"11":0,"12":0,"13":0,"14":0,"15":0,"16":0,"17":0,"18":0,"19":0,"20":0,"21":0,"22":0,"23":0,"24":0,"25":0,"26":0,"27":0,"28":0},"f":{"0":0,"1":0,"2":0,"3":0,"4":0,"5":0},"b":{"0":[0],"1":[0,0],"2":[0,0],"3":[0,0],"4":[0,0],"5":[0,0]}}
,"/home/runner/work/Apophenia/Apophenia/src/services/commandExecutor.ts": {"path":"/home/runner/work/Apophenia/Apophenia/src/services/commandExecutor.ts","statementMap":{"0":{"start":{"line":5,"column":30},"end":{"line":9,"column":2}},"1":{"start":{"line":11,"column":35},"end":{"line":41,"column":1}},"2":{"start":{"line":12,"column":36},"end":{"line":12,"column":38}},"3":{"start":{"line":13,"column":2},"end":{"line":13,"column":75}},"4":{"start":{"line":15,"column":2},"end":{"line":38,"column":3}},"5":{"start":{"line":16,"column":4},"end":{"line":16,"column":69}},"6":{"start":{"line":17,"column":21},"end":{"line":17,"column":51}},"7":{"start":{"line":18,"column":4},"end":{"line":37,"column":5}},"8":{"start":{"line":19,"column":6},"end":{"line":33,"column":7}},"9":{"start":{"line":20,"column":8},"end":{"line":26,"column":9}},"10":{"start":{"line":21,"column":10},"end":{"line":21,"column":69}},"11":{"start":{"line":22,"column":10},"end":{"line":22,"column":45}},"12":{"start":{"line":24,"column":10},"end":{"line":24,"column":65}},"13":{"start":{"line":25,"column":10},"end":{"line":25,"column":51}},"14":{"start":{"line":27,"column":8},"end":{"line":27,"column":68}},"15":{"start":{"line":29,"column":8},"end":{"line":29,"column":73}},"16":{"start":{"line":30,"column":8},"end":{"line":30,"column":59}},"17":{"start":{"line":31,"column":8},"end":{"line":31,"column":53}},"18":{"start":{"line":35,"column":6},"end":{"line":35,"column":74}},"19":{"start":{"line":36,"column":6},"end":{"line":36,"column":74}},"20":{"start":{"line":40,"column":2},"end":{"line":40,"column":51}}},"fnMap":{"0":{"name":"(anonymous_0)","decl":{"start":{"line":11,"column":35},"end":{"line":11,"column":40}},"loc":{"start":{"line":11,"column":69},"end":{"line":41,"column":1}}}},"branchMap":{"0":{"loc":{"start":{"line":18,"column":4},"end":{"line":37,"column":5}},"type":"if","locations":[{"start":{"line":18,"column":4},"end":{"line":37,"column":5}},{"start":{"line":34,"column":11},"end":{"line":37,"column":5}}]},"1":{"loc":{"start":{"line":20,"column":8},"end":{"line":26,"column":9}},"type":"if","locations":[{"start":{"line":20,"column":8},"end":{"line":26,"column":9}},{"start":{"line":23,"column":15},"end":{"line":26,"column":9}}]}},"s":{"0":0,"1":0,"2":0,"3":0,"4":0,"5":0,"6":0,"7":0,"8":0,"9":0,"10":0,"11":0,"12":0,"13":0,"14":0,"15":0,"16":0,"17":0,"18":0,"19":0,"20":0},"f":{"0":0},"b":{"0":[0,0],"1":[0,0]}}
[...]
{"line":110,"column":14},"end":{"line":116,"column":16}},"30":{"start":{"line":118,"column":14},"end":{"line":118,"column":64}},"31":{"start":{"line":119,"column":14},"end":{"line":125,"column":16}},"32":{"start":{"line":128,"column":12},"end":{"line":128,"column":65}},"33":{"start":{"line":129,"column":12},"end":{"line":136,"column":14}},"34":{"start":{"line":139,"column":10},"end":{"line":139,"column":46}},"35":{"start":{"line":142,"column":28},"end":{"line":142,"column":52}},"36":{"start":{"line":143,"column":10},"end":{"line":149,"column":14}},"37":{"start":{"line":143,"column":24},"end":{"line":149,"column":12}},"38":{"start":{"line":151,"column":10},"end":{"line":151,"column":24}},"39":{"start":{"line":153,"column":10},"end":{"line":153,"column":72}},"40":{"start":{"line":154,"column":42},"end":{"line":161,"column":12}},"41":{"start":{"line":163,"column":28},"end":{"line":163,"column":52}},"42":{"start":{"line":164,"column":10},"end":{"line":170,"column":14}},"43":{"start":{"line":164,"column":24},"end":{"line":170,"column":12}},"44":{"start":{"line":172,"column":10},"end":{"line":172,"column":24}},"45":{"start":{"line":177,"column":8},"end":{"line":177,"column":33}},"46":{"start":{"line":183,"column":30},"end":{"line":183,"column":72}}},"fnMap":{"0":{"name":"(anonymous_0)","decl":{"start":{"line":62,"column":4},"end":{"line":62,"column":5}},"loc":{"start":{"line":62,"column":19},"end":{"line":179,"column":6}}},"1":{"name":"(anonymous_1)","decl":{"start":{"line":64,"column":45},"end":{"line":64,"column":46}},"loc":{"start":{"line":64,"column":50},"end":{"line":64,"column":61}}},"2":{"name":"(anonymous_2)","decl":{"start":{"line":69,"column":24},"end":{"line":69,"column":27}},"loc":{"start":{"line":69,"column":29},"end":{"line":72,"column":7}}},"3":{"name":"(anonymous_3)","decl":{"start":{"line":71,"column":37},"end":{"line":71,"column":38}},"loc":{"start":{"line":71,"column":42},"end":{"line":71,"column":66}}},"4":{"name":"(anonymous_4)","decl":{"start":{"line":74,"column":20},"end":{"line":74,"column":23}},"loc":{"start":{"line":74,"column":26},"end":{"line":74,"column":42}}},"5":{"name":"(anonymous_5)","decl":{"start":{"line":76,"column":21},"end":{"line":76,"column":22}},"loc":{"start":{"line":76,"column":68},"end":{"line":80,"column":7}}},"6":{"name":"(anonymous_6)","decl":{"start":{"line":83,"column":24},"end":{"line":83,"column":25}},"loc":{"start":{"line":83,"column":44},"end":{"line":89,"column":7}}},"7":{"name":"(anonymous_7)","decl":{"start":{"line":84,"column":44},"end":{"line":84,"column":45}},"loc":{"start":{"line":84,"column":49},"end":{"line":84,"column":65}}},"8":{"name":"(anonymous_8)","decl":{"start":{"line":91,"column":17},"end":{"line":91,"column":22}},"loc":{"start":{"line":91,"column":80},"end":{"line":174,"column":7}}},"9":{"name":"(anonymous_9)","decl":{"start":{"line":143,"column":14},"end":{"line":143,"column":19}},"loc":{"start":{"line":143,"column":24},"end":{"line":149,"column":12}}},"10":{"name":"(anonymous_10)","decl":{"start":{"line":164,"column":14},"end":{"line":164,"column":19}},"loc":{"start":{"line":164,"column":24},"end":{"line":170,"column":12}}},"11":{"name":"(anonymous_11)","decl":{"start":{"line":176,"column":24},"end":{"line":176,"column":27}},"loc":{"start":{"line":176,"column":29},"end":{"line":178,"column":7}}},"12":{"name":"(anonymous_12)","decl":{"start":{"line":183,"column":18},"end":{"line":183,"column":19}},"loc":{"start":{"line":183,"column":30},"end":{"line":183,"column":72}}}},"branchMap":{"0":{"loc":{"start":{"line":64,"column":23},"end":{"line":64,"column":93}},"type":"binary-expr","locations":[{"start":{"line":64,"column":23},"end":{"line":64,"column":66}},{"start":{"line":64,"column":70},"end":{"line":64,"column":93}}]},"1":{"loc":{"start":{"line":76,"column":39},"end":{"line":76,"column":64}},"type":"default-arg","locations":[{"start":{"line":76,"column":58},"end":{"line":76,"column":64}}]},"2":{"loc":{"start":{"line":79,"column":15},"end":{"line":79,"column":61}},"type":"binary-expr","locations":[{"start":{"line":79,"column":15},"end":{"line":79,"column":37}},{"start":{"line":79,"column":41},"end":{"line":79,"column":61}}]},"3":{"loc":{"start":{"line":85,"column":8},"end":{"line":88,"column":9}},"type":"if","locations":[{"start":{"line":85,"column":8},"end":{"line":88,"column":9}},{"start":{},"end":{}}]},"4":{"loc":{"start":{"line":91,"column":41},"end":{"line":91,"column":76}},"type":"default-arg","locations":[{"start":{"line":91,"column":70},"end":{"line":91,"column":76}}]},"5":{"loc":{"start":{"line":100,"column":10},"end":{"line":137,"column":11}},"type":"if","locations":[{"start":{"line":100,"column":10},"end":{"line":137,"column":11}},{"start":{"line":106,"column":17},"end":{"line":137,"column":11}}]},"6":{"loc":{"start":{"line":106,"column":17},"end":{"line":137,"column":11}},"type":"if","locations":[{"start":{"line":106,"column":17},"end":{"line":137,"column":11}},{"start":{"line":127,"column":17},"end":{"line":137,"column":11}}]},"7":{"loc":{"start":{"line":108,"column":12},"end":{"line":126,"column":13}},"type":"if","locations":[{"start":{"line":108,"column":12},"end":{"line":126,"column":13}},{"start":{"line":117,"column":19},"end":{"line":126,"column":13}}]},"8":{"loc":{"start":{"line":160,"column":19},"end":{"line":160,"column":73}},"type":"cond-expr","locations":[{"start":{"line":160,"column":44},"end":{"line":160,"column":57}},{"start":{"line":160,"column":60},"end":{"line":160,"column":73}}]}},"s":{"0":1,"1":1,"2":1,"3":1,"4":1,"5":1,"6":1,"7":0,"8":0,"9":0,"10":0,"11":0,"12":0,"13":0,"14":0,"15":0,"16":0,"17":0,"18":0,"19":0,"20":0,"21":0,"22":0,"23":0,"24":0,"25":0,"26":0,"27":0,"28":0,"29":0,"30":0,"31":0,"32":0,"33":0,"34":0,"35":0,"36":0,"37":0,"38":0,"39":0,"40":0,"41":0,"42":0,"43":0,"44":0,"45":0,"46":0},"f":{"0":1,"1":1,"2":0,"3":0,"4":0,"5":0,"6":0,"7":0,"8":0,"9":0,"10":0,"11":0,"12":0},"b":{"0":[1,0],"1":[0],"2":[0,0],"3":[0,0],"4":[0],"5":[0,0],"6":[0,0],"7":[0,0],"8":[0,0]}}
,"/home/runner/work/Apophenia/Apophenia/src/stores/gameStateStore.ts": {"path":"/home/runner/work/Apophenia/Apophenia/src/stores/gameStateStore.ts","statementMap":{"0":{"start":{"line":16,"column":21},"end":{"line":21,"column":2}},"1":{"start":{"line":23,"column":33},"end":{"line":48,"column":null}},"2":{"start":{"line":25,"column":19},"end":{"line":44,"column":6}},"3":{"start":{"line":27,"column":35},"end":{"line":27,"column":53}},"4":{"start":{"line":29,"column":27},"end":{"line":29,"column":39}},"5":{"start":{"line":30,"column":8},"end":{"line":32,"column":9}},"6":{"start":{"line":31,"column":10},"end":{"line":31,"column":44}},"7":{"start":{"line":33,"column":8},"end":{"line":36,"column":11}},"8":{"start":{"line":38,"column":41},"end":{"line":38,"column":62}},"9":{"start":{"line":40,"column":8},"end":{"line":40,"column":26}},"10":{"start":{"line":42,"column":8},"end":{"line":42,"column":62}}},"fnMap":{"0":{"name":"(anonymous_0)","decl":{"start":{"line":25,"column":4},"end":{"line":25,"column":5}},"loc":{"start":{"line":25,"column":19},"end":{"line":44,"column":6}}},"1":{"name":"(anonymous_1)","decl":{"start":{"line":27,"column":20},"end":{"line":27,"column":21}},"loc":{"start":{"line":27,"column":35},"end":{"line":27,"column":53}}},"2":{"name":"(anonymous_2)","decl":{"start":{"line":28,"column":18},"end":{"line":28,"column":19}},"loc":{"start":{"line":28,"column":48},"end":{"line":37,"column":7}}},"3":{"name":"(anonymous_3)","decl":{"start":{"line":38,"column":23},"end":{"line":38,"column":24}},"loc":{"start":{"line":38,"column":41},"end":{"line":38,"column":62}}},"4":{"name":"(anonymous_4)","decl":{"start":{"line":39,"column":13},"end":{"line":39,"column":16}},"loc":{"start":{"line":39,"column":18},"end":{"line":43,"column":7}}}},"branchMap":{"0":{"loc":{"start":{"line":30,"column":8},"end":{"line":32,"column":9}},"type":"if","locations":[{"start":{"line":30,"column":8},"end":{"line":32,"column":9}},{"start":{},"end":{}}]}},"s":{"0":0,"1":0,"2":0,"3":0,"4":0,"5":0,"6":0,"7":0,"8":0,"9":0,"10":0},"f":{"0":0,"1":0,"2":0,"3":0,"4":0},"b":{"0":[0,0]}}
,"/home/runner/work/Apophenia/Apophenia/src/stores/imageCacheStore.ts": {"path":"/home/runner/work/Apophenia/Apophenia/src/stores/imageCacheStore.ts","statementMap":{"0":{"start":{"line":20,"column":23},"end":{"line":20,"column":25}},"1":{"start":{"line":21,"column":18},"end":{"line":21,"column":32}},"2":{"start":{"line":23,"column":34},"end":{"line":120,"column":3}},"3":{"start":{"line":23,"column":73},"end":{"line":120,"column":2}},"4":{"start":{"line":27,"column":4},"end":{"line":61,"column":6}},"5":{"start":{"line":28,"column":18},"end":{"line":28,"column":28}},"6":{"start":{"line":31,"column":36},"end":{"line":36,"column":8}},"7":{"start":{"line":38,"column":23},"end":{"line":38,"column":66}},"8":{"start":{"line":41,"column":22},"end":{"line":41,"column":46}},"9":{"start":{"line":43,"column":6},"end":{"line":58,"column":7}},"10":{"start":{"line":45,"column":23},"end":{"line":50,"column":10}},"11":{"start":{"line":46,"column":10},"end":{"line":48,"column":11}},"12":{"start":{"line":47,"column":12},"end":{"line":47,"column":51}},"13":{"start":{"line":49,"column":10},"end":{"line":49,"column":47}},"14":{"start":{"line":53,"column":30},"end":{"line":53,"column":59}},"15":{"start":{"line":54,"column":29},"end":{"line":54,"column":62}},"16":{"start":{"line":56,"column":8},"end":{"line":56,"column":86}},"17":{"start":{"line":57,"column":8},"end":{"line":57,"column":44}},"18":{"start":{"line":60,"column":6},"end":{"line":60,"column":38}},"19":{"start":{"line":64,"column":18},"end":{"line":64,"column":23}},"20":{"start":{"line":65,"column":18},"end":{"line":65,"column":42}},"21":{"start":{"line":67,"column":4},"end":{"line":67,"column":28}},"22":{"start":{"line":67,"column":16},"end":{"line":67,"column":28}},"23":{"start":{"line":69,"column":16},"end":{"line":69,"column":26}},"24":{"start":{"line":72,"column":4},"end":{"line":79,"column":5}},"25":{"start":{"line":74,"column":6},"end":{"line":77,"column":9}},"26":{"start":{"line":75,"column":47},"end":{"line":75,"column":63}},"27":{"start":{"line":76,"column":8},"end":{"line":76,"column":36}},"28":{"start":{"line":78,"column":6},"end":{"line":78,"column":18}},"29":{"start":{"line":82,"column":4},"end":{"line":91,"column":8}},"30":{"start":{"line":82,"column":20},"end":{"line":91,"column":6}},"31":{"start":{"line":93,"column":4},"end":{"line":93,"column":21}},"32":{"start":{"line":97,"column":4},"end":{"line":115,"column":6}},"33":{"start":{"line":98,"column":18},"end":{"line":98,"column":28}},"34":{"start":{"line":99,"column":54},"end":{"line":99,"column":56}},"35":{"start":{"line":101,"column":25},"end":{"line":101,"column":26}},"36":{"start":{"line":102,"column":6},"end":{"line":108,"column":9}},"37":{"start":{"line":103,"column":8},"end":{"line":107,"column":9}},"38":{"start":{"line":104,"column":10},"end":{"line":104,"column":37}},"39":{"start":{"line":106,"column":10},"end":{"line":106,"column":25}},"40":{"start":{"line":110,"column":6},"end":{"line":112,"column":7}},"41":{"start":{"line":111,"column":8},"end":{"line":111,"column":73}},"42":{"start":{"line":114,"column":6},"end":{"line":114,"column":40}},"43":{"start":{"line":117,"column":22},"end":{"line":117,"column":58}},"44":{"start":{"line":119,"column":20},"end":{"line":119,"column":43}}},"fnMap":{"0":{"name":"(anonymous_0)","decl":{"start":{"line":23,"column":58},"end":{"line":23,"column":59}},"loc":{"start":{"line":23,"column":73},"end":{"line":120,"column":2}}},"1":{"name":"(anonymous_1)","decl":{"start":{"line":26,"column":14},"end":{"line":26,"column":15}},"loc":{"start":{"line":27,"column":4},"end":{"line":61,"column":6}}},"2":{"name":"(anonymous_2)","decl":{"start":{"line":27,"column":8},"end":{"line":27,"column":9}},"loc":{"start":{"line":27,"column":18},"end":{"line":61,"column":5}}},"3":{"name":"(anonymous_3)","decl":{"start":{"line":45,"column":36},"end":{"line":45,"column":37}},"loc":{"start":{"line":45,"column":53},"end":{"line":50,"column":9}}},"4":{"name":"(anonymous_4)","decl":{"start":{"line":63,"column":16},"end":{"line":63,"column":17}},"loc":{"start":{"line":63,"column":27},"end":{"line":94,"column":3}}},"5":{"name":"(anonymous_5)","decl":{"start":{"line":74,"column":10},"end":{"line":74,"column":11}},"loc":{"start":{"line":74,"column":20},"end":{"line":77,"column":7}}},"6":{"name":"(anonymous_6)","decl":{"start":{"line":82,"column":8},"end":{"line":82,"column":9}},"loc":{"start":{"line":82,"column":20},"end":{"line":91,"column":6}}},"7":{"name":"(anonymous_7)","decl":{"start":{"line":96,"column":21},"end":{"line":96,"column":24}},"loc":{"start":{"line":97,"column":4},"end":{"line":115,"column":6}}},"8":{"name":"(anonymous_8)","decl":{"start":{"line":97,"column":8},"end":{"line":97,"column":9}},"loc":{"start":{"line":97,"column":18},"end":{"line":115,"column":5}}},"9":{"name":"(anonymous_9)","decl":{"start":{"line":102,"column":47},"end":{"line":102,"column":48}},"loc":{"start":{"line":102,"column":67},"end":{"line":108,"column":7}}},"10":{"name":"(anonymous_10)","decl":{"start":{"line":117,"column":16},"end":{"line":117,"column":19}},"loc":{"start":{"line":117,"column":22},"end":{"line":117,"column":58}}},"11":{"name":"(anonymous_11)","decl":{"start":{"line":119,"column":14},"end":{"line":119,"column":17}},"loc":{"start":{"line":119,"column":20},"end":{"line":119,"column":43}}}},"branchMap":{"0":{"loc":{"start":{"line":43,"column":6},"end":{"line":58,"column":7}},"type":"if","locations":[{"start":{"line":43,"column":6},"end":{"line":58,"column":7}},{"start":{},"end":{}}]},"1":{"loc":{"start":{"line":46,"column":10},"end":{"line":48,"column":11}},"type":"if","locations":[{"start":{"line":46,"column":10},"end":{"line":48,"column":11}},{"start":{},"end":{}}]},"2":{"loc":{"start":{"line":67,"column":4},"end":{"line":67,"column":28}},"type":"if","locations":[{"start":{"line":67,"column":4},"end":{"line":67,"column":28}},{"start":{},"end":{}}]},"3":{"loc":{"start":{"line":72,"column":4},"end":{"line":79,"column":5}},"type":"if","locations":[{"start":{"line":72,"column":4},"end":{"line":79,"column":5}},{"start":{},"end":{}}]},"4":{"loc":{"start":{"line":103,"column":8},"end":{"line":107,"column":9}},"type":"if","locations":[{"start":{"line":103,"column":8},"end":{"line":107,"column":9}},{"start":{"line":105,"column":15},"end":{"line":107,"column":9}}]},"5":{"loc":{"start":{"line":110,"column":6},"end":{"line":112,"column":7}},"type":"if","locations":[{"start":{"line":110,"column":6},"end":{"line":112,"column":7}},{"start":{},"end":{}}]}},"s":{"0":0,"1":0,"2":0,"3":0,"4":0,"5":0,"6":0,"7":0,"8":0,"9":0,"10":0,"11":0,"12":0,"13":0,"14":0,"15":0,"16":0,"17":0,"18":0,"19":0,"20":0,"21":0,"22":0,"23":0,"24":0,"25":0,"26":0,"27":0,"28":0,"29":0,"30":0,"31":0,"32":0,"33":0,"34":0,"35":0,"36":0,"37":0,"38":0,"39":0,"40":0,"41":0,"42":0,"43":0,"44":0},"f":{"0":0,"1":0,"2":0,"3":0,"4":0,"5":0,"6":0,"7":0,"8":0,"9":0,"10":0,"11":0},"b":{"0":[0,0],"1":[0,0],"2":[0,0],"3":[0,0],"4":[0,0],"5":[0,0]}}
,"/home/runner/work/Apophenia/Apophenia/src/stores/storyHistoryStore.ts": {"path":"/home/runner/work/Apophenia/Apophenia/src/stores/storyHistoryStore.ts","statementMap":{"0":{"start":{"line":13,"column":21},"end":{"line":15,"column":2}},"1":{"start":{"line":17,"column":36},"end":{"line":40,"column":null}},"2":{"start":{"line":19,"column":19},"end":{"line":36,"column":6}},"3":{"start":{"line":22,"column":8},"end":{"line":22,"column":76}},"4":{"start":{"line":22,"column":24},"end":{"line":22,"column":74}},"5":{"start":{"line":24,"column":8},"end":{"line":28,"column":11}},"6":{"start":{"line":24,"column":24},"end":{"line":28,"column":10}},"7":{"start":{"line":26,"column":12},"end":{"line":26,"column":75}},"8":{"start":{"line":30,"column":8},"end":{"line":30,"column":41}},"9":{"start":{"line":32,"column":8},"end":{"line":32,"column":26}},"10":{"start":{"line":34,"column":8},"end":{"line":34,"column":65}}},"fnMap":{"0":{"name":"(anonymous_0)","decl":{"start":{"line":19,"column":4},"end":{"line":19,"column":5}},"loc":{"start":{"line":19,"column":19},"end":{"line":36,"column":6}}},"1":{"name":"(anonymous_1)","decl":{"start":{"line":21,"column":23},"end":{"line":21,"column":24}},"loc":{"start":{"line":22,"column":8},"end":{"line":22,"column":76}}},"2":{"name":"(anonymous_2)","decl":{"start":{"line":22,"column":12},"end":{"line":22,"column":13}},"loc":{"start":{"line":22,"column":24},"end":{"line":22,"column":74}}},"3":{"name":"(anonymous_3)","decl":{"start":{"line":23,"column":25},"end":{"line":23,"column":26}},"loc":{"start":{"line":24,"column":8},"end":{"line":28,"column":11}}},"4":{"name":"(anonymous_4)","decl":{"start":{"line":24,"column":12},"end":{"line":24,"column":13}},"loc":{"start":{"line":24,"column":24},"end":{"line":28,"column":10}}},"5":{"name":"(anonymous_5)","decl":{"start":{"line":25,"column":47},"end":{"line":25,"column":48}},"loc":{"start":{"line":26,"column":12},"end":{"line":26,"column":75}}},"6":{"name":"(anonymous_6)","decl":{"start":{"line":29,"column":27},"end":{"line":29,"column":28}},"loc":{"start":{"line":30,"column":8},"end":{"line":30,"column":41}}},"7":{"name":"(anonymous_7)","decl":{"start":{"line":31,"column":13},"end":{"line":31,"column":16}},"loc":{"start":{"line":31,"column":18},"end":{"line":35,"column":7}}}},"branchMap":{"0":{"loc":{"start":{"line":26,"column":12},"end":{"line":26,"column":75}},"type":"cond-expr","locations":[{"start":{"line":26,"column":39},"end":{"line":26,"column":65}},{"start":{"line":26,"column":68},"end":{"line":26,"column":75}}]}},"s":{"0":0,"1":0,"2":0,"3":0,"4":0,"5":0,"6":0,"7":0,"8":0,"9":0,"10":0},"f":{"0":0,"1":0,"2":0,"3":0,"4":0,"5":0,"6":0,"7":0},"b":{"0":[0,0]}}
,"/home/runner/work/Apophenia/Apophenia/src/stores/worldStateStore.ts": {"path":"/home/runner/work/Apophenia/Apophenia/src/stores/worldStateStore.ts","statementMap":{"0":{"start":{"line":1,"column":0},"end":{"line":1,"column":33}},"1":{"start":{"line":2,"column":0},"end":{"line":2,"column":45}},"2":{"start":{"line":3,"column":0},"end":{"line":3,"column":57}},"3":{"start":{"line":14,"column":33},"end":{"line":28,"column":2}},"4":{"start":{"line":30,"column":13},"end":{"line":49,"column":2}},"5":{"start":{"line":32,"column":14},"end":{"line":44,"column":6}},"6":{"start":{"line":34,"column":37},"end":{"line":34,"column":56}},"7":{"start":{"line":36,"column":8},"end":{"line":38,"column":11}},"8":{"start":{"line":36,"column":24},"end":{"line":38,"column":10}},"9":{"start":{"line":40,"column":8},"end":{"line":42,"column":11}},"10":{"start":{"line":40,"column":24},"end":{"line":42,"column":10}},"11":{"start":{"line":43,"column":19},"end":{"line":43,"column":52}}},"fnMap":{"0":{"name":"(anonymous_0)","decl":{"start":{"line":32,"column":4},"end":{"line":32,"column":5}},"loc":{"start":{"line":32,"column":14},"end":{"line":44,"column":6}}},"1":{"name":"(anonymous_1)","decl":{"start":{"line":34,"column":21},"end":{"line":34,"column":22}},"loc":{"start":{"line":34,"column":37},"end":{"line":34,"column":56}}},"2":{"name":"(anonymous_2)","decl":{"start":{"line":35,"column":24},"end":{"line":35,"column":25}},"loc":{"start":{"line":36,"column":8},"end":{"line":38,"column":11}}},"3":{"name":"(anonymous_3)","decl":{"start":{"line":36,"column":12},"end":{"line":36,"column":13}},"loc":{"start":{"line":36,"column":24},"end":{"line":38,"column":10}}},"4":{"name":"(anonymous_4)","decl":{"start":{"line":39,"column":22},"end":{"line":39,"column":23}},"loc":{"start":{"line":40,"column":8},"end":{"line":42,"column":11}}},"5":{"name":"(anonymous_5)","decl":{"start":{"line":40,"column":12},"end":{"line":40,"column":13}},"loc":{"start":{"line":40,"column":24},"end":{"line":42,"column":10}}},"6":{"name":"(anonymous_6)","decl":{"start":{"line":43,"column":13},"end":{"line":43,"column":16}},"loc":{"start":{"line":43,"column":19},"end":{"line":43,"column":52}}}},"branchMap":{},"s":{"0":3,"1":3,"2":3,"3":3,"4":3,"5":3,"6":0,"7":0,"8":0,"9":0,"10":0,"11":0},"f":{"0":3,"1":0,"2":0,"3":0,"4":0,"5":0,"6":0},"b":{}}
}
