{"total": {"lines":{"total":1009,"covered":227,"skipped":0,"pct":22.49},"statements":{"total":1069,"covered":238,"skipped":0,"pct":22.26},"functions":{"total":227,"covered":37,"skipped":0,"pct":16.29},"branches":{"total":522,"covered":65,"skipped":0,"pct":12.45},"branchesTrue":{"total":0,"covered":0,"skipped":0,"pct":100}}
,"/home/runner/work/Apophenia/Apophenia/src/App.tsx": {"lines":{"total":14,"covered":0,"skipped":0,"pct":0},"functions":{"total":4,"covered":0,"skipped":0,"pct":0},"statements":{"total":14,"covered":0,"skipped":0,"pct":0},"branches":{"total":6,"covered":0,"skipped":0,"pct":0}}
,"/home/runner/work/Apophenia/Apophenia/src/commands/createSegment.ts": {"lines":{"total":5,"covered":0,"skipped":0,"pct":0},"functions":{"total":1,"covered":0,"skipped":0,"pct":0},"statements":{"total":5,"covered":0,"skipped":0,"pct":0},"branches":{"total":2,"covered":0,"skipped":0,"pct":0}}
,"/home/runner/work/Apophenia/Apophenia/src/commands/displayChoices.ts": {"lines":{"total":11,"covered":10,"skipped":0,"pct":90.9},"functions":{"total":1,"covered":1,"skipped":0,"pct":100},"statements":{"total":11,"covered":10,"skipped":0,"pct":90.9},"branches":{"total":4,"covered":3,"skipped":0,"pct":75}}
,"/home/runner/work/Apophenia/Apophenia/src/commands/displayText.ts": {"lines":{"total":8,"covered":0,"skipped":0,"pct":0},"functions":{"total":2,"covered":0,"skipped":0,"pct":0},"statements":{"total":9,"covered":0,"skipped":0,"pct":0},"branches":{"total":4,"covered":0,"skipped":0,"pct":0}}
,"/home/runner/work/Apophenia/Apophenia/src/commands/generateAmbiance.ts": {"lines":{"total":4,"covered":0,"skipped":0,"pct":0},"functions":{"total":1,"covered":0,"skipped":0,"pct":0},"statements":{"total":4,"covered":0,"skipped":0,"pct":0},"branches":{"total":2,"covered":0,"skipped":0,"pct":0}}
,"/home/runner/work/Apophenia/Apophenia/src/commands/generateImage.ts": {"lines":{"total":26,"covered":0,"skipped":0,"pct":0},"functions":{"total":4,"covered":0,"skipped":0,"pct":0},"statements":{"total":29,"covered":0,"skipped":0,"pct":0},"branches":{"total":10,"covered":0,"skipped":0,"pct":0}}
,"/home/runner/work/Apophenia/Apophenia/src/commands/index.ts": {"lines":{"total":1,"covered":0,"skipped":0,"pct":0},"functions":{"total":0,"covered":0,"skipped":0,"pct":100},"statements":{"total":1,"covered":0,"skipped":0,"pct":0},"branches":{"total":0,"covered":0,"skipped":0,"pct":100}}
,"/home/runner/work/Apophenia/Apophenia/src/commands/pregenerateImage.ts": {"lines":{"total":11,"covered":0,"skipped":0,"pct":0},"functions":{"total":1,"covered":0,"skipped":0,"pct":0},"statements":{"total":13,"covered":0,"skipped":0,"pct":0},"branches":{"total":6,"covered":0,"skipped":0,"pct":0}}
,"/home/runner/work/Apophenia/Apophenia/src/commands/updateWorldState.ts": {"lines":{"total":4,"covered":0,"skipped":0,"pct":0},"functions":{"total":1,"covered":0,"skipped":0,"pct":0},"statements":{"total":4,"covered":0,"skipped":0,"pct":0},"branches":{"total":2,"covered":0,"skipped":0,"pct":0}}
,"/home/runner/work/Apophenia/Apophenia/src/commands/wait.ts": {"lines":{"total":4,"covered":0,"skipped":0,"pct":0},"functions":{"total":2,"covered":0,"skipped":0,"pct":0},"statements":{"total":5,"covered":0,"skipped":0,"pct":0},"branches":{"total":2,"covered":0,"skipped":0,"pct":0}}
,"/home/runner/work/Apophenia/Apophenia/src/components/CompactModelSelector.tsx": {"lines":{"total":12,"covered":0,"skipped":0,"pct":0},"functions":{"total":5,"covered":0,"skipped":0,"pct":0},"statements":{"total":12,"covered":0,"skipped":0,"pct":0},"branches":{"total":18,"covered":0,"skipped":0,"pct":0}}
,"/home/runner/work/Apophenia/Apophenia/src/components/CompactTestAPI.tsx": {"lines":{"total":36,"covered":0,"skipped":0,"pct":0},"functions":{"total":8,"covered":0,"skipped":0,"pct":0},"statements":{"total":41,"covered":0,"skipped":0,"pct":0},"branches":{"total":57,"covered":0,"skipped":0,"pct":0}}
,"/home/runner/work/Apophenia/Apophenia/src/components/EndScreen.tsx": {"lines":{"total":6,"covered":0,"skipped":0,"pct":0},"functions":{"total":2,"covered":0,"skipped":0,"pct":0},"statements":{"total":6,"covered":0,"skipped":0,"pct":0},"branches":{"total":0,"covered":0,"skipped":0,"pct":100}}
,"/home/runner/work/Apophenia/Apophenia/src/components/ErrorBoundary.tsx": {"lines":{"total":16,"covered":0,"skipped":0,"pct":0},"functions":{"total":8,"covered":0,"skipped":0,"pct":0},"statements":{"total":16,"covered":0,"skipped":0,"pct":0},"branches":{"total":4,"covered":0,"skipped":0,"pct":0}}
,"/home/runner/work/Apophenia/Apophenia/src/components/GameScreen.tsx": {"lines":{"total":51,"covered":0,"skipped":0,"pct":0},"functions":{"total":12,"covered":0,"skipped":0,"pct":0},"statements":{"total":57,"covered":0,"skipped":0,"pct":0},"branches":{"total":43,"covered":0,"skipped":0,"pct":0}}
,"/home/runner/work/Apophenia/Apophenia/src/components/ModelSelector.tsx": {"lines":{"total":22,"covered":0,"skipped":0,"pct":0},"functions":{"total":8,"covered":0,"skipped":0,"pct":0},"statements":{"total":23,"covered":0,"skipped":0,"pct":0},"branches":{"total":44,"covered":0,"skipped":0,"pct":0}}
,"/home/runner/work/Apophenia/Apophenia/src/components/StartScreen.tsx": {"lines":{"total":26,"covered":0,"skipped":0,"pct":0},"functions":{"total":4,"covered":0,"skipped":0,"pct":0},"statements":{"total":27,"covered":0,"skipped":0,"pct":0},"branches":{"total":14,"covered":0,"skipped":0,"pct":0}}
,"/home/runner/work/Apophenia/Apophenia/src/components/TestAPIButton.tsx": {"lines":{"total":21,"covered":0,"skipped":0,"pct":0},"functions":{"total":5,"covered":0,"skipped":0,"pct":0},"statements":{"total":26,"covered":0,"skipped":0,"pct":0},"branches":{"total":33,"covered":0,"skipped":0,"pct":0}}
,"/home/runner/work/Apophenia/Apophenia/src/config/gameConfig.ts": {"lines":{"total":1,"covered":0,"skipped":0,"pct":0},"functions":{"total":0,"covered":0,"skipped":0,"pct":100},"statements":{"total":1,"covered":0,"skipped":0,"pct":0},"branches":{"total":0,"covered":0,"skipped":0,"pct":100}}
,"/home/runner/work/Apophenia/Apophenia/src/services/cacheMaintenanceService.ts": {"lines":{"total":29,"covered":0,"skipped":0,"pct":0},"functions":{"total":6,"covered":0,"skipped":0,"pct":0},"statements":{"total":29,"covered":0,"skipped":0,"pct":0},"branches":{"total":11,"covered":0,"skipped":0,"pct":0}}
,"/home/runner/work/Apophenia/Apophenia/src/services/commandExecutor.ts": {"lines":{"total":21,"covered":0,"skipped":0,"pct":0},"functions":{"total":1,"covered":0,"skipped":0,"pct":0},"statements":{"total":21,"covered":0,"skipped":0,"pct":0},"branches":{"total":4,"covered":0,"skipped":0,"pct":0}}
,"/home/runner/work/Apophenia/Apophenia/src/services/config.ts": {"lines":{"total":12,"covered":0,"skipped":0,"pct":0},"functions":{"total":1,"covered":0,"skipped":0,"pct":0},"statements":{"total":12,"covered":0,"skipped":0,"pct":0},"branches":{"total":22,"covered":0,"skipped":0,"pct":0}}
,"/home/runner/work/Apophenia/Apophenia/src/services/gameService.ts": {"lines":{"total":49,"covered":41,"skipped":0,"pct":83.67},"functions":{"total":7,"covered":4,"skipped":0,"pct":57.14},"statements":{"total":55,"covered":47,"skipped":0,"pct":85.45},"branches":{"total":7,"covered":4,"skipped":0,"pct":57.14}}
,"/home/runner/work/Apophenia/Apophenia/src/services/gameStateManager.ts": {"lines":{"total":18,"covered":0,"skipped":0,"pct":0},"functions":{"total":6,"covered":0,"skipped":0,"pct":0},"statements":{"total":18,"covered":0,"skipped":0,"pct":0},"branches":{"total":0,"covered":0,"skipped":0,"pct":100}}
,"/home/runner/work/Apophenia/Apophenia/src/services/secureApiClient.ts": {"lines":{"total":20,"covered":0,"skipped":0,"pct":0},"functions":{"total":7,"covered":0,"skipped":0,"pct":0},"statements":{"total":20,"covered":0,"skipped":0,"pct":0},"branches":{"total":6,"covered":0,"skipped":0,"pct":0}}
,"/home/runner/work/Apophenia/Apophenia/src/services/ai/genkit.ts": {"lines":{"total":133,"covered":85,"skipped":0,"pct":63.9},"functions":{"total":16,"covered":11,"skipped":0,"pct":68.75},"statements":{"total":139,"covered":89,"skipped":0,"pct":64.02},"branches":{"total":45,"covered":16,"skipped":0,"pct":35.55}}
,"/home/runner/work/Apophenia/Apophenia/src/services/ai/grokService.ts": {"lines":{"total":41,"covered":0,"skipped":0,"pct":0},"functions":{"total":5,"covered":0,"skipped":0,"pct":0},"statements":{"total":42,"covered":0,"skipped":0,"pct":0},"branches":{"total":28,"covered":0,"skipped":0,"pct":0}}
,"/home/runner/work/Apophenia/Apophenia/src/services/ai/imageGeneration.ts": {"lines":{"total":36,"covered":2,"skipped":0,"pct":5.55},"functions":{"total":9,"covered":1,"skipped":0,"pct":11.11},"statements":{"total":38,"covered":2,"skipped":0,"pct":5.26},"branches":{"total":5,"covered":0,"skipped":0,"pct":0}}
,"/home/runner/work/Apophenia/Apophenia/src/services/ai/megaContextFeatures.ts": {"lines":{"total":30,"covered":0,"skipped":0,"pct":0},"functions":{"total":10,"covered":0,"skipped":0,"pct":0},"statements":{"total":35,"covered":0,"skipped":0,"pct":0},"branches":{"total":18,"covered":0,"skipped":0,"pct":0}}
,"/home/runner/work/Apophenia/Apophenia/src/services/ai/revolutionaryFeatures.ts": {"lines":{"total":115,"covered":89,"skipped":0,"pct":77.39},"functions":{"total":25,"covered":20,"skipped":0,"pct":80},"statements":{"total":116,"covered":90,"skipped":0,"pct":77.58},"branches":{"total":60,"covered":42,"skipped":0,"pct":70}}
,"/home/runner/work/Apophenia/Apophenia/src/services/ai/secureGenkit.ts": {"lines":{"total":46,"covered":0,"skipped":0,"pct":0},"functions":{"total":8,"covered":0,"skipped":0,"pct":0},"statements":{"total":49,"covered":0,"skipped":0,"pct":0},"branches":{"total":6,"covered":0,"skipped":0,"pct":0}}
,"/home/runner/work/Apophenia/Apophenia/src/services/ai/unifiedAIService.ts": {"lines":{"total":62,"covered":0,"skipped":0,"pct":0},"functions":{"total":9,"covered":0,"skipped":0,"pct":0},"statements":{"total":62,"covered":0,"skipped":0,"pct":0},"branches":{"total":25,"covered":0,"skipped":0,"pct":0}}
,"/home/runner/work/Apophenia/Apophenia/src/services/flows/gameFlow.ts": {"lines":{"total":5,"covered":0,"skipped":0,"pct":0},"functions":{"total":2,"covered":0,"skipped":0,"pct":0},"statements":{"total":5,"covered":0,"skipped":0,"pct":0},"branches":{"total":4,"covered":0,"skipped":0,"pct":0}}
,"/home/runner/work/Apophenia/Apophenia/src/services/flows/summaryFlow.ts": {"lines":{"total":7,"covered":0,"skipped":0,"pct":0},"functions":{"total":1,"covered":0,"skipped":0,"pct":0},"statements":{"total":7,"covered":0,"skipped":0,"pct":0},"branches":{"total":0,"covered":0,"skipped":0,"pct":100}}
,"/home/runner/work/Apophenia/Apophenia/src/stores/aiModelStore.ts": {"lines":{"total":40,"covered":0,"skipped":0,"pct":0},"functions":{"total":13,"covered":0,"skipped":0,"pct":0},"statements":{"total":44,"covered":0,"skipped":0,"pct":0},"branches":{"total":16,"covered":0,"skipped":0,"pct":0}}
,"/home/runner/work/Apophenia/Apophenia/src/stores/gameStateStore.ts": {"lines":{"total":8,"covered":0,"skipped":0,"pct":0},"functions":{"total":5,"covered":0,"skipped":0,"pct":0},"statements":{"total":8,"covered":0,"skipped":0,"pct":0},"branches":{"total":0,"covered":0,"skipped":0,"pct":100}}
,"/home/runner/work/Apophenia/Apophenia/src/stores/imageCacheStore.ts": {"lines":{"total":42,"covered":0,"skipped":0,"pct":0},"functions":{"total":12,"covered":0,"skipped":0,"pct":0},"statements":{"total":45,"covered":0,"skipped":0,"pct":0},"branches":{"total":12,"covered":0,"skipped":0,"pct":0}}
,"/home/runner/work/Apophenia/Apophenia/src/stores/storyHistoryStore.ts": {"lines":{"total":9,"covered":0,"skipped":0,"pct":0},"functions":{"total":8,"covered":0,"skipped":0,"pct":0},"statements":{"total":11,"covered":0,"skipped":0,"pct":0},"branches":{"total":2,"covered":0,"skipped":0,"pct":0}}
,"/home/runner/work/Apophenia/Apophenia/src/stores/worldStateStore.ts": {"lines":{"total":7,"covered":0,"skipped":0,"pct":0},"functions":{"total":7,"covered":0,"skipped":0,"pct":0},"statements":{"total":9,"covered":0,"skipped":0,"pct":0},"branches":{"total":0,"covered":0,"skipped":0,"pct":100}}
}
