TN:
SF:src/App.tsx
FN:13,(anonymous_0)
FN:18,(anonymous_1)
FN:22,(anonymous_2)
FN:27,(anonymous_3)
FNF:4
FNH:0
FNDA:0,(anonymous_0)
FNDA:0,(anonymous_1)
FNDA:0,(anonymous_2)
FNDA:0,(anonymous_3)
DA:13,0
DA:14,0
DA:15,0
DA:18,0
DA:19,0
DA:22,0
DA:23,0
DA:27,0
DA:28,0
DA:30,0
DA:34,0
DA:36,0
DA:38,0
DA:42,0
LF:14
LH:0
BRDA:28,0,0,0
BRDA:28,0,1,0
BRDA:28,0,2,0
BRDA:28,0,3,0
BRDA:28,0,4,0
BRDA:28,0,5,0
BRF:6
BRH:0
end_of_record
TN:
SF:src/index.tsx
FNF:0
FNH:0
DA:6,0
LF:1
LH:0
BRF:0
BRH:0
end_of_record
TN:
SF:src/commands/browserEffectExecutor.ts
FN:5,(anonymous_0)
FNF:1
FNH:0
FNDA:0,(anonymous_0)
DA:5,0
DA:6,0
DA:7,0
DA:10,0
DA:12,0
DA:14,0
DA:15,0
DA:17,0
DA:19,0
DA:20,0
DA:22,0
DA:24,0
DA:25,0
DA:27,0
DA:31,0
LF:15
LH:0
BRDA:6,0,0,0
BRDA:6,0,1,0
BRDA:12,1,0,0
BRDA:12,1,1,0
BRDA:12,1,2,0
BRDA:12,1,3,0
BRDA:14,2,0,0
BRDA:14,2,1,0
BRDA:19,3,0,0
BRDA:19,3,1,0
BRF:10
BRH:0
end_of_record
TN:
SF:src/commands/createSegment.ts
FN:7,(anonymous_0)
FNF:1
FNH:0
FNDA:0,(anonymous_0)
DA:5,0
DA:8,0
DA:9,0
DA:12,0
DA:13,0
LF:5
LH:0
BRDA:8,0,0,0
BRDA:8,0,1,0
BRF:2
BRH:0
end_of_record
TN:
SF:src/commands/displayChoices.ts
FN:8,(anonymous_0)
FNF:1
FNH:1
FNDA:4,(anonymous_0)
DA:2,1
DA:3,1
DA:4,1
DA:6,1
DA:9,4
DA:10,0
DA:14,4
DA:15,4
DA:16,4
DA:19,4
DA:21,1
LF:11
LH:10
BRDA:9,0,0,0
BRDA:9,0,1,4
BRDA:19,1,0,1
BRDA:19,1,1,3
BRF:4
BRH:3
end_of_record
TN:
SF:src/commands/displayText.ts
FN:7,(anonymous_0)
FN:13,(anonymous_1)
FNF:2
FNH:0
FNDA:0,(anonymous_0)
FNDA:0,(anonymous_1)
DA:5,0
DA:8,0
DA:9,0
DA:12,0
DA:13,0
DA:15,0
DA:16,0
DA:20,0
LF:8
LH:0
BRDA:8,0,0,0
BRDA:8,0,1,0
BRDA:15,1,0,0
BRDA:15,1,1,0
BRF:4
BRH:0
end_of_record
TN:
SF:src/commands/generateAmbiance.ts
FN:6,(anonymous_0)
FNF:1
FNH:0
FNDA:0,(anonymous_0)
DA:4,0
DA:7,0
DA:8,0
DA:11,0
LF:4
LH:0
BRDA:7,0,0,0
BRDA:7,0,1,0
BRF:2
BRH:0
end_of_record
TN:
SF:src/commands/generateImage.ts
FN:9,(anonymous_0)
FN:17,(anonymous_1)
FN:49,(anonymous_2)
FN:63,(anonymous_3)
FNF:4
FNH:0
FNDA:0,(anonymous_0)
FNDA:0,(anonymous_1)
FNDA:0,(anonymous_2)
FNDA:0,(anonymous_3)
DA:7,0
DA:10,0
DA:11,0
DA:14,0
DA:15,0
DA:17,0
DA:18,0
DA:19,0
DA:20,0
DA:24,0
DA:32,0
DA:34,0
DA:37,0
DA:39,0
DA:40,0
DA:43,0
DA:47,0
DA:49,0
DA:50,0
DA:52,0
DA:60,0
DA:61,0
DA:63,0
DA:64,0
DA:67,0
DA:69,0
LF:26
LH:0
BRDA:10,0,0,0
BRDA:10,0,1,0
BRDA:18,1,0,0
BRDA:18,1,1,0
BRDA:37,2,0,0
BRDA:37,2,1,0
BRDA:50,3,0,0
BRDA:50,3,1,0
BRDA:64,4,0,0
BRDA:64,4,1,0
BRF:10
BRH:0
end_of_record
TN:
SF:src/commands/index.ts
FNF:0
FNH:0
DA:11,0
LF:1
LH:0
BRF:0
BRH:0
end_of_record
TN:
SF:src/commands/pregenerateImage.ts
FN:8,(anonymous_0)
FNF:1
FNH:0
FNDA:0,(anonymous_0)
DA:6,0
DA:9,0
DA:10,0
DA:13,0
DA:14,0
DA:17,0
DA:18,0
DA:21,0
DA:22,0
DA:23,0
DA:25,0
LF:11
LH:0
BRDA:9,0,0,0
BRDA:9,0,1,0
BRDA:14,1,0,0
BRDA:14,1,1,0
BRDA:18,2,0,0
BRDA:18,2,1,0
BRF:6
BRH:0
end_of_record
TN:
SF:src/commands/updateWorldState.ts
FN:7,(anonymous_0)
FNF:1
FNH:0
FNDA:0,(anonymous_0)
DA:5,0
DA:8,0
DA:9,0
DA:11,0
LF:4
LH:0
BRDA:8,0,0,0
BRDA:8,0,1,0
BRF:2
BRH:0
end_of_record
TN:
SF:src/commands/wait.ts
FN:6,(anonymous_0)
FN:10,(anonymous_1)
FNF:2
FNH:0
FNDA:0,(anonymous_0)
FNDA:0,(anonymous_1)
DA:4,0
DA:7,0
DA:8,0
DA:10,0
LF:4
LH:0
BRDA:7,0,0,0
BRDA:7,0,1,0
BRF:2
BRH:0
end_of_record
TN:
SF:src/components/CompactModelSelector.tsx
FN:10,(anonymous_0)
FN:22,(anonymous_1)
FN:31,(anonymous_2)
FN:41,(anonymous_3)
FN:45,(anonymous_4)
FNF:5
FNH:0
FNDA:0,(anonymous_0)
FNDA:0,(anonymous_1)
FNDA:0,(anonymous_2)
FNDA:0,(anonymous_3)
FNDA:0,(anonymous_4)
DA:10,0
DA:16,0
DA:18,0
DA:19,0
DA:20,0
DA:22,0
DA:23,0
DA:24,0
DA:27,0
DA:31,0
DA:42,0
DA:45,0
LF:12
LH:0
BRDA:32,0,0,0
BRDA:32,0,1,0
BRDA:35,1,0,0
BRDA:35,1,1,0
BRDA:36,2,0,0
BRDA:36,2,1,0
BRDA:39,3,0,0
BRDA:39,3,1,0
BRDA:44,4,0,0
BRDA:44,4,1,0
BRDA:52,5,0,0
BRDA:52,5,1,0
BRDA:53,6,0,0
BRDA:53,6,1,0
BRDA:54,7,0,0
BRDA:54,7,1,0
BRDA:56,8,0,0
BRDA:56,8,1,0
BRF:18
BRH:0
end_of_record
TN:
SF:src/components/CompactTestAPI.tsx
FN:10,(anonymous_0)
FN:27,(anonymous_1)
FN:39,(anonymous_2)
FN:45,(anonymous_3)
FN:51,(anonymous_4)
FN:70,(anonymous_5)
FN:83,(anonymous_6)
FN:97,(anonymous_7)
FNF:8
FNH:0
FNDA:0,(anonymous_0)
FNDA:0,(anonymous_1)
FNDA:0,(anonymous_2)
FNDA:0,(anonymous_3)
FNDA:0,(anonymous_4)
FNDA:0,(anonymous_5)
FNDA:0,(anonymous_6)
FNDA:0,(anonymous_7)
DA:10,0
DA:16,0
DA:18,0
DA:19,0
DA:20,0
DA:22,0
DA:23,0
DA:24,0
DA:25,0
DA:27,0
DA:28,0
DA:30,0
DA:31,0
DA:32,0
DA:34,0
DA:35,0
DA:36,0
DA:39,0
DA:40,0
DA:43,0
DA:44,0
DA:45,0
DA:46,0
DA:51,0
DA:52,0
DA:55,0
DA:56,0
DA:58,0
DA:59,0
DA:60,0
DA:61,0
DA:64,0
DA:66,0
DA:70,0
DA:83,0
DA:97,0
LF:36
LH:0
BRDA:24,0,0,0
BRDA:24,0,1,0
BRDA:25,1,0,0
BRDA:25,1,1,0
BRDA:28,2,0,0
BRDA:28,2,1,0
BRDA:28,3,0,0
BRDA:28,3,1,0
BRDA:52,4,0,0
BRDA:52,4,1,0
BRDA:58,5,0,0
BRDA:58,5,1,0
BRDA:58,6,0,0
BRDA:58,6,1,0
BRDA:59,7,0,0
BRDA:59,7,1,0
BRDA:59,8,0,0
BRDA:59,8,1,0
BRDA:60,9,0,0
BRDA:60,9,1,0
BRDA:60,10,0,0
BRDA:60,10,1,0
BRDA:64,11,0,0
BRDA:64,11,1,0
BRDA:72,12,0,0
BRDA:72,12,1,0
BRDA:76,13,0,0
BRDA:76,13,1,0
BRDA:79,14,0,0
BRDA:79,14,1,0
BRDA:88,15,0,0
BRDA:88,15,1,0
BRDA:89,16,0,0
BRDA:89,16,1,0
BRDA:90,17,0,0
BRDA:90,17,1,0
BRDA:102,18,0,0
BRDA:102,18,1,0
BRDA:103,19,0,0
BRDA:103,19,1,0
BRDA:104,20,0,0
BRDA:104,20,1,0
BRDA:111,21,0,0
BRDA:111,21,1,0
BRDA:111,21,2,0
BRDA:112,22,0,0
BRDA:112,22,1,0
BRDA:115,23,0,0
BRDA:115,23,1,0
BRDA:118,24,0,0
BRDA:118,24,1,0
BRDA:118,25,0,0
BRDA:118,25,1,0
BRDA:122,26,0,0
BRDA:122,26,1,0
BRDA:124,27,0,0
BRDA:124,27,1,0
BRF:57
BRH:0
end_of_record
TN:
SF:src/components/EndScreen.tsx
FN:8,(anonymous_0)
FN:11,(anonymous_1)
FNF:2
FNH:0
FNDA:0,(anonymous_0)
FNDA:0,(anonymous_1)
DA:8,0
DA:9,0
DA:11,0
DA:13,0
DA:16,0
DA:19,0
LF:6
LH:0
BRF:0
BRH:0
end_of_record
TN:
SF:src/components/ErrorBoundary.tsx
FN:18,(anonymous_0)
FN:23,(anonymous_1)
FN:28,(anonymous_2)
FN:36,(anonymous_3)
FN:50,(anonymous_4)
FN:68,(anonymous_5)
FN:69,(anonymous_6)
FN:81,(anonymous_7)
FNF:8
FNH:0
FNDA:0,(anonymous_0)
FNDA:0,(anonymous_1)
FNDA:0,(anonymous_2)
FNDA:0,(anonymous_3)
FNDA:0,(anonymous_4)
FNDA:0,(anonymous_5)
FNDA:0,(anonymous_6)
FNDA:0,(anonymous_7)
DA:19,0
DA:20,0
DA:25,0
DA:30,0
DA:33,0
DA:37,0
DA:39,0
DA:51,0
DA:52,0
DA:61,0
DA:68,0
DA:69,0
DA:71,0
DA:75,0
DA:81,0
DA:91,0
LF:16
LH:0
BRDA:37,0,0,0
BRDA:37,0,1,0
BRDA:39,1,0,0
BRDA:39,1,1,0
BRF:4
BRH:0
end_of_record
TN:
SF:src/components/GameScreen.tsx
FN:11,(anonymous_0)
FN:27,(anonymous_1)
FN:53,(anonymous_2)
FN:60,(anonymous_3)
FN:85,(anonymous_4)
FN:96,(anonymous_5)
FN:102,(anonymous_6)
FN:108,(anonymous_7)
FN:110,(anonymous_8)
FN:111,(anonymous_9)
FN:186,(anonymous_10)
FN:189,(anonymous_11)
FNF:12
FNH:0
FNDA:0,(anonymous_0)
FNDA:0,(anonymous_1)
FNDA:0,(anonymous_2)
FNDA:0,(anonymous_3)
FNDA:0,(anonymous_4)
FNDA:0,(anonymous_5)
FNDA:0,(anonymous_6)
FNDA:0,(anonymous_7)
FNDA:0,(anonymous_8)
FNDA:0,(anonymous_9)
FNDA:0,(anonymous_10)
FNDA:0,(anonymous_11)
DA:11,0
DA:13,0
DA:14,0
DA:15,0
DA:16,0
DA:17,0
DA:18,0
DA:19,0
DA:20,0
DA:22,0
DA:23,0
DA:27,0
DA:29,0
DA:30,0
DA:33,0
DA:35,0
DA:37,0
DA:45,0
DA:46,0
DA:47,0
DA:51,0
DA:52,0
DA:53,0
DA:54,0
DA:58,0
DA:59,0
DA:60,0
DA:61,0
DA:65,0
DA:66,0
DA:67,0
DA:70,0
DA:74,0
DA:77,0
DA:78,0
DA:80,0
DA:85,0
DA:86,0
DA:91,0
DA:92,0
DA:96,0
DA:99,0
DA:102,0
DA:103,0
DA:108,0
DA:109,0
DA:110,0
DA:111,0
DA:114,0
DA:187,0
DA:189,0
LF:51
LH:0
BRDA:23,0,0,0
BRDA:23,0,1,0
BRDA:29,1,0,0
BRDA:29,1,1,0
BRDA:45,2,0,0
BRDA:45,2,1,0
BRDA:51,3,0,0
BRDA:51,3,1,0
BRDA:58,4,0,0
BRDA:58,4,1,0
BRDA:65,5,0,0
BRDA:65,5,1,0
BRDA:86,6,0,0
BRDA:86,6,1,0
BRDA:87,7,0,0
BRDA:87,7,1,0
BRDA:87,7,2,0
BRDA:109,8,0,0
BRDA:109,8,1,0
BRDA:117,9,0,0
BRDA:117,9,1,0
BRDA:126,10,0,0
BRDA:126,10,1,0
BRDA:136,11,0,0
BRDA:136,11,1,0
BRDA:139,12,0,0
BRDA:139,12,1,0
BRDA:148,13,0,0
BRDA:148,13,1,0
BRDA:148,14,0,0
BRDA:148,14,1,0
BRDA:150,15,0,0
BRDA:150,15,1,0
BRDA:156,16,0,0
BRDA:156,16,1,0
BRDA:179,17,0,0
BRDA:179,17,1,0
BRDA:191,18,0,0
BRDA:191,18,1,0
BRDA:193,19,0,0
BRDA:193,19,1,0
BRDA:205,20,0,0
BRDA:205,20,1,0
BRF:43
BRH:0
end_of_record
TN:
SF:src/components/ModelSelector.tsx
FN:16,(anonymous_0)
FN:30,(anonymous_1)
FN:34,(anonymous_2)
FN:38,(anonymous_3)
FN:48,(anonymous_4)
FN:90,(anonymous_5)
FN:101,(anonymous_6)
FN:158,(anonymous_7)
FNF:8
FNH:0
FNDA:0,(anonymous_0)
FNDA:0,(anonymous_1)
FNDA:0,(anonymous_2)
FNDA:0,(anonymous_3)
FNDA:0,(anonymous_4)
FNDA:0,(anonymous_5)
FNDA:0,(anonymous_6)
FNDA:0,(anonymous_7)
DA:16,0
DA:25,0
DA:27,0
DA:28,0
DA:30,0
DA:31,0
DA:34,0
DA:35,0
DA:38,0
DA:39,0
DA:40,0
DA:41,0
DA:42,0
DA:44,0
DA:48,0
DA:91,0
DA:92,0
DA:102,0
DA:103,0
DA:154,0
DA:156,0
DA:158,0
LF:22
LH:0
BRDA:47,0,0,0
BRDA:47,0,1,0
BRDA:54,1,0,0
BRDA:54,1,1,0
BRDA:57,2,0,0
BRDA:57,2,1,0
BRDA:66,3,0,0
BRDA:66,3,1,0
BRDA:74,4,0,0
BRDA:74,4,1,0
BRDA:75,5,0,0
BRDA:75,5,1,0
BRDA:80,6,0,0
BRDA:80,6,1,0
BRDA:81,7,0,0
BRDA:81,7,1,0
BRDA:96,8,0,0
BRDA:96,8,1,0
BRDA:103,9,0,0
BRDA:103,9,1,0
BRDA:106,10,0,0
BRDA:106,10,1,0
BRDA:110,11,0,0
BRDA:110,11,1,0
BRDA:111,12,0,0
BRDA:111,12,1,0
BRDA:113,13,0,0
BRDA:113,13,1,0
BRDA:115,14,0,0
BRDA:115,14,1,0
BRDA:118,15,0,0
BRDA:118,15,1,0
BRDA:124,16,0,0
BRDA:124,16,1,0
BRDA:128,17,0,0
BRDA:128,17,1,0
BRDA:138,18,0,0
BRDA:138,18,1,0
BRDA:144,19,0,0
BRDA:144,19,1,0
BRDA:154,20,0,0
BRDA:154,20,1,0
BRDA:166,21,0,0
BRDA:166,21,1,0
BRF:44
BRH:0
end_of_record
TN:
SF:src/components/StartScreen.tsx
FN:30,(anonymous_0)
FN:40,(anonymous_1)
FN:46,(anonymous_2)
FN:76,(anonymous_3)
FNF:4
FNH:0
FNDA:0,(anonymous_0)
FNDA:0,(anonymous_1)
FNDA:0,(anonymous_2)
FNDA:0,(anonymous_3)
DA:11,0
DA:30,0
DA:31,0
DA:32,0
DA:33,0
DA:34,0
DA:35,0
DA:36,0
DA:38,0
DA:40,0
DA:43,0
DA:46,0
DA:47,0
DA:48,0
DA:51,0
DA:53,0
DA:56,0
DA:58,0
DA:60,0
DA:64,0
DA:66,0
DA:72,0
DA:73,0
DA:76,0
DA:79,0
DA:82,0
LF:26
LH:0
BRDA:43,0,0,0
BRDA:43,0,1,0
BRDA:47,1,0,0
BRDA:47,1,1,0
BRDA:60,2,0,0
BRDA:60,2,1,0
BRDA:60,3,0,0
BRDA:60,3,1,0
BRDA:88,4,0,0
BRDA:88,4,1,0
BRDA:93,5,0,0
BRDA:93,5,1,0
BRDA:95,6,0,0
BRDA:95,6,1,0
BRF:14
BRH:0
end_of_record
TN:
SF:src/components/TestAPIButton.tsx
FN:10,(anonymous_0)
FN:24,(anonymous_1)
FN:31,(anonymous_2)
FN:36,(anonymous_3)
FN:41,(anonymous_4)
FNF:5
FNH:0
FNDA:0,(anonymous_0)
FNDA:0,(anonymous_1)
FNDA:0,(anonymous_2)
FNDA:0,(anonymous_3)
FNDA:0,(anonymous_4)
DA:10,0
DA:16,0
DA:18,0
DA:20,0
DA:21,0
DA:22,0
DA:24,0
DA:25,0
DA:27,0
DA:28,0
DA:31,0
DA:32,0
DA:36,0
DA:37,0
DA:38,0
DA:41,0
DA:42,0
DA:43,0
DA:44,0
DA:45,0
DA:48,0
LF:21
LH:0
BRDA:22,0,0,0
BRDA:22,0,1,0
BRDA:25,1,0,0
BRDA:25,1,1,0
BRDA:25,2,0,0
BRDA:25,2,1,0
BRDA:37,3,0,0
BRDA:37,3,1,0
BRDA:42,4,0,0
BRDA:42,4,1,0
BRDA:43,5,0,0
BRDA:43,5,1,0
BRDA:44,6,0,0
BRDA:44,6,1,0
BRDA:53,7,0,0
BRDA:53,7,1,0
BRDA:54,8,0,0
BRDA:54,8,1,0
BRDA:60,9,0,0
BRDA:60,9,1,0
BRDA:60,9,2,0
BRDA:61,10,0,0
BRDA:61,10,1,0
BRDA:64,11,0,0
BRDA:64,11,1,0
BRDA:67,12,0,0
BRDA:67,12,1,0
BRDA:72,13,0,0
BRDA:72,13,1,0
BRDA:76,14,0,0
BRDA:76,14,1,0
BRDA:83,15,0,0
BRDA:83,15,1,0
BRF:33
BRH:0
end_of_record
TN:
SF:src/config/gameConfig.ts
FNF:0
FNH:0
DA:3,3
LF:1
LH:1
BRF:0
BRH:0
end_of_record
TN:
SF:src/services/browserManipulator.ts
FN:8,(anonymous_0)
FN:12,(anonymous_1)
FN:16,(anonymous_2)
FNF:3
FNH:0
FNDA:0,(anonymous_0)
FNDA:0,(anonymous_1)
FNDA:0,(anonymous_2)
DA:8,0
DA:9,0
DA:12,0
DA:13,0
DA:16,0
DA:19,0
LF:6
LH:0
BRF:0
BRH:0
end_of_record
TN:
SF:src/services/cacheMaintenanceService.ts
FN:14,(anonymous_0)
FN:20,(anonymous_1)
FN:30,(anonymous_2)
FN:41,(anonymous_3)
FN:58,(anonymous_4)
FN:66,(anonymous_5)
FNF:6
FNH:0
FNDA:0,(anonymous_0)
FNDA:0,(anonymous_1)
FNDA:0,(anonymous_2)
FNDA:0,(anonymous_3)
FNDA:0,(anonymous_4)
FNDA:0,(anonymous_5)
DA:8,0
DA:15,0
DA:16,0
DA:17,0
DA:20,0
DA:21,0
DA:24,0
DA:31,0
DA:32,0
DA:33,0
DA:34,0
DA:42,0
DA:43,0
DA:44,0
DA:45,0
DA:47,0
DA:48,0
DA:51,0
DA:59,0
DA:60,0
DA:62,0
DA:63,0
DA:64,0
DA:66,0
DA:67,0
DA:68,0
DA:69,0
DA:70,0
DA:74,0
LF:29
LH:0
BRDA:14,0,0,0
BRDA:15,1,0,0
BRDA:15,1,1,0
BRDA:31,2,0,0
BRDA:31,2,1,0
BRDA:47,3,0,0
BRDA:47,3,1,0
BRDA:69,4,0,0
BRDA:69,4,1,0
BRDA:77,5,0,0
BRDA:77,5,1,0
BRF:11
BRH:0
end_of_record
TN:
SF:src/services/commandExecutor.ts
FN:11,(anonymous_0)
FNF:1
FNH:0
FNDA:0,(anonymous_0)
DA:5,0
DA:11,0
DA:12,0
DA:13,0
DA:15,0
DA:16,0
DA:17,0
DA:18,0
DA:19,0
DA:20,0
DA:21,0
DA:22,0
DA:24,0
DA:25,0
DA:27,0
DA:29,0
DA:30,0
DA:31,0
DA:35,0
DA:36,0
DA:40,0
LF:21
LH:0
BRDA:18,0,0,0
BRDA:18,0,1,0
BRDA:20,1,0,0
BRDA:20,1,1,0
BRF:4
BRH:0
end_of_record
TN:
SF:src/services/config.ts
FN:24,(anonymous_0)
FNF:1
FNH:0
FNDA:0,(anonymous_0)
DA:9,0
DA:11,0
DA:24,0
DA:25,0
DA:34,0
DA:113,0
DA:114,0
DA:119,0
DA:120,0
DA:125,0
DA:126,0
DA:132,0
LF:12
LH:0
BRDA:9,0,0,0
BRDA:9,0,1,0
BRDA:11,1,0,0
BRDA:11,1,1,0
BRDA:13,2,0,0
BRDA:13,2,1,0
BRDA:14,3,0,0
BRDA:14,3,1,0
BRDA:15,4,0,0
BRDA:15,4,1,0
BRDA:18,5,0,0
BRDA:18,5,1,0
BRDA:19,6,0,0
BRDA:19,6,1,0
BRDA:20,7,0,0
BRDA:20,7,1,0
BRDA:113,8,0,0
BRDA:113,8,1,0
BRDA:119,9,0,0
BRDA:119,9,1,0
BRDA:125,10,0,0
BRDA:125,10,1,0
BRF:22
BRH:0
end_of_record
TN:
SF:src/services/gameService.ts
FN:35,(anonymous_0)
FN:191,(anonymous_1)
FN:198,(anonymous_2)
FN:220,(anonymous_3)
FN:228,(anonymous_4)
FN:233,(anonymous_5)
FN:247,(anonymous_6)
FNF:7
FNH:0
FNDA:0,(anonymous_0)
FNDA:0,(anonymous_1)
FNDA:0,(anonymous_2)
FNDA:0,(anonymous_3)
FNDA:0,(anonymous_4)
FNDA:0,(anonymous_5)
FNDA:0,(anonymous_6)
DA:35,0
DA:50,0
DA:51,0
DA:52,0
DA:54,0
DA:56,0
DA:59,0
DA:60,0
DA:61,0
DA:64,0
DA:65,0
DA:66,0
DA:69,0
DA:70,0
DA:73,0
DA:74,0
DA:81,0
DA:82,0
DA:89,0
DA:90,0
DA:96,0
DA:97,0
DA:103,0
DA:104,0
DA:105,0
DA:106,0
DA:108,0
DA:112,0
DA:113,0
DA:114,0
DA:117,0
DA:118,0
DA:123,0
DA:126,0
DA:129,0
DA:130,0
DA:133,0
DA:134,0
DA:141,0
DA:143,0
DA:158,0
DA:159,0
DA:160,0
DA:163,0
DA:191,0
DA:195,0
DA:198,0
DA:201,0
DA:203,0
DA:204,0
DA:205,0
DA:206,0
DA:208,0
DA:209,0
DA:212,0
DA:220,0
DA:221,0
DA:228,0
DA:232,0
DA:234,0
DA:240,0
DA:247,0
DA:256,0
DA:261,0
LF:64
LH:0
BRDA:104,0,0,0
BRDA:104,0,1,0
BRDA:105,1,0,0
BRDA:105,1,1,0
BRDA:129,2,0,0
BRDA:129,2,1,0
BRDA:145,3,0,0
BRDA:145,3,1,0
BRDA:146,4,0,0
BRDA:146,4,1,0
BRDA:148,5,0,0
BRDA:148,5,1,0
BRDA:149,6,0,0
BRDA:149,6,1,0
BRDA:169,7,0,0
BRDA:169,7,1,0
BRDA:169,8,0,0
BRDA:169,8,1,0
BRDA:230,9,0,0
BRF:19
BRH:0
end_of_record
TN:
SF:src/services/gameStateManager.ts
FN:16,(anonymous_0)
FN:33,(anonymous_1)
FN:46,(anonymous_2)
FN:54,(anonymous_3)
FN:63,(anonymous_4)
FN:71,(anonymous_5)
FNF:6
FNH:0
FNDA:0,(anonymous_0)
FNDA:0,(anonymous_1)
FNDA:0,(anonymous_2)
FNDA:0,(anonymous_3)
FNDA:0,(anonymous_4)
FNDA:0,(anonymous_5)
DA:17,0
DA:19,0
DA:20,0
DA:21,0
DA:23,0
DA:25,0
DA:26,0
DA:34,0
DA:36,0
DA:37,0
DA:39,0
DA:47,0
DA:48,0
DA:56,0
DA:57,0
DA:64,0
DA:65,0
DA:72,0
LF:18
LH:0
BRF:0
BRH:0
end_of_record
TN:
SF:src/services/persistenceService.ts
FN:18,(anonymous_0)
FN:38,(anonymous_1)
FNF:2
FNH:0
FNDA:0,(anonymous_0)
FNDA:0,(anonymous_1)
DA:16,0
DA:18,0
DA:19,0
DA:20,0
DA:28,0
DA:29,0
DA:32,0
DA:38,0
DA:39,0
DA:40,0
DA:42,0
DA:43,0
DA:44,0
DA:45,0
DA:47,0
DA:50,0
DA:51,0
DA:53,0
DA:54,0
LF:19
LH:0
BRDA:16,0,0,0
BRDA:16,0,1,0
BRDA:28,1,0,0
BRDA:28,1,1,0
BRDA:42,2,0,0
BRDA:42,2,1,0
BRDA:43,3,0,0
BRDA:43,3,1,0
BRF:8
BRH:0
end_of_record
TN:
SF:src/services/secureApiClient.ts
FN:13,(anonymous_0)
FN:17,(anonymous_1)
FN:38,(anonymous_2)
FN:42,(anonymous_3)
FN:51,(anonymous_4)
FN:55,(anonymous_5)
FN:59,(anonymous_6)
FNF:7
FNH:0
FNDA:0,(anonymous_0)
FNDA:0,(anonymous_1)
FNDA:0,(anonymous_2)
FNDA:0,(anonymous_3)
FNDA:0,(anonymous_4)
FNDA:0,(anonymous_5)
FNDA:0,(anonymous_6)
DA:5,0
DA:11,0
DA:14,0
DA:18,0
DA:19,0
DA:27,0
DA:28,0
DA:31,0
DA:33,0
DA:34,0
DA:39,0
DA:43,0
DA:52,0
DA:56,0
DA:60,0
DA:61,0
DA:62,0
DA:64,0
DA:65,0
DA:70,0
LF:20
LH:0
BRDA:5,0,0,0
BRDA:5,0,1,0
BRDA:24,1,0,0
BRDA:24,1,1,0
BRDA:27,2,0,0
BRDA:27,2,1,0
BRF:6
BRH:0
end_of_record
TN:
SF:src/services/ai/genkit.ts
FN:21,(anonymous_9)
FN:50,runAIFlowWithFallback
FN:122,getThematicErrorFallback
FN:152,(anonymous_12)
FN:243,(anonymous_13)
FN:255,(anonymous_14)
FN:311,generateMultipleImageVariations
FN:322,(anonymous_16)
FN:329,(anonymous_17)
FN:341,generateSingleVariation
FN:358,generateWithGrokFirst
FN:360,(anonymous_20)
FN:388,generateWithImagen
FN:467,generateUnsplashFallback
FN:477,(anonymous_23)
FN:482,(anonymous_24)
FN:502,(anonymous_25)
FN:541,(anonymous_26)
FNF:18
FNH:13
FNDA:3,(anonymous_9)
FNDA:3,runAIFlowWithFallback
FNDA:3,getThematicErrorFallback
FNDA:2,(anonymous_12)
FNDA:0,(anonymous_13)
FNDA:3,(anonymous_14)
FNDA:0,generateMultipleImageVariations
FNDA:0,(anonymous_16)
FNDA:0,(anonymous_17)
FNDA:0,generateSingleVariation
FNDA:3,generateWithGrokFirst
FNDA:3,(anonymous_20)
FNDA:3,generateWithImagen
FNDA:3,generateUnsplashFallback
FNDA:8,(anonymous_23)
FNDA:85,(anonymous_24)
FNDA:3,(anonymous_25)
FNDA:3,(anonymous_26)
DA:1,3
DA:7,3
DA:15,3
DA:16,3
DA:18,3
DA:21,3
DA:22,3
DA:24,3
DA:25,3
DA:28,3
DA:55,3
DA:60,3
DA:61,3
DA:73,3
DA:74,3
DA:75,3
DA:78,3
DA:79,3
DA:80,3
DA:81,3
DA:84,0
DA:85,0
DA:86,0
DA:89,3
DA:92,3
DA:93,3
DA:105,3
DA:106,3
DA:107,3
DA:108,3
DA:109,3
DA:110,0
DA:113,3
DA:114,3
DA:123,3
DA:130,3
DA:132,3
DA:152,3
DA:156,2
DA:167,2
DA:192,2
DA:193,2
DA:200,2
DA:201,2
DA:202,2
DA:203,2
DA:206,2
DA:212,2
DA:214,0
DA:216,0
DA:239,0
DA:243,3
DA:244,0
DA:255,3
DA:260,3
DA:263,3
DA:278,3
DA:280,3
DA:283,3
DA:285,3
DA:286,0
DA:289,3
DA:291,3
DA:292,3
DA:293,3
DA:294,0
DA:295,0
DA:299,3
DA:300,3
DA:303,0
DA:304,0
DA:312,0
DA:318,0
DA:319,0
DA:322,0
DA:323,0
DA:326,0
DA:329,0
DA:330,0
DA:333,0
DA:334,0
DA:342,0
DA:344,0
DA:345,0
DA:346,0
DA:349,0
DA:351,0
DA:360,6
DA:362,3
DA:363,3
DA:366,3
DA:367,0
DA:368,0
DA:369,0
DA:370,0
DA:374,3
DA:377,3
DA:380,0
DA:381,0
DA:389,3
DA:391,3
DA:392,0
DA:393,0
DA:397,3
DA:399,3
DA:402,3
DA:405,3
DA:406,3
DA:408,0
DA:411,0
DA:412,0
DA:413,0
DA:414,0
DA:416,0
DA:417,0
DA:421,3
DA:424,3
DA:425,0
DA:428,0
DA:429,0
DA:431,0
DA:432,0
DA:433,0
DA:434,0
DA:435,0
DA:436,0
DA:440,0
DA:441,0
DA:442,0
DA:448,0
DA:449,0
DA:450,0
DA:451,0
DA:455,3
DA:456,3
DA:459,0
DA:460,0
DA:468,3
DA:473,3
DA:477,8
DA:481,3
DA:482,85
DA:486,3
DA:490,3
DA:491,3
DA:492,3
DA:502,3
DA:503,3
DA:507,3
DA:532,3
DA:541,3
DA:573,3
LF:152
LH:90
BRDA:24,0,0,3
BRDA:24,0,1,0
BRDA:53,1,0,0
BRDA:55,2,0,0
BRDA:55,2,1,3
BRDA:56,3,0,0
BRDA:56,3,1,3
BRDA:80,4,0,3
BRDA:80,4,1,0
BRDA:80,5,0,3
BRDA:80,5,1,0
BRDA:207,6,0,2
BRDA:207,6,1,0
BRDA:208,7,0,2
BRDA:208,7,1,0
BRDA:209,8,0,2
BRDA:209,8,1,0
BRDA:257,9,0,3
BRDA:278,10,0,3
BRDA:278,10,1,3
BRDA:285,11,0,0
BRDA:285,11,1,3
BRDA:293,12,0,0
BRDA:293,12,1,3
BRDA:329,13,0,0
BRDA:329,13,1,0
BRDA:330,14,0,0
BRDA:330,14,1,0
BRDA:330,14,2,0
BRDA:344,15,0,0
BRDA:344,15,1,0
BRDA:346,16,0,0
BRDA:346,16,1,0
BRDA:366,17,0,0
BRDA:366,17,1,3
BRDA:368,18,0,0
BRDA:368,18,1,0
BRDA:368,19,0,0
BRDA:368,19,1,0
BRDA:391,20,0,0
BRDA:391,20,1,3
BRDA:391,21,0,3
BRDA:391,21,1,0
BRDA:397,22,0,3
BRDA:397,22,1,0
BRDA:424,23,0,0
BRDA:424,23,1,3
BRDA:424,24,0,3
BRDA:424,24,1,0
BRDA:428,25,0,0
BRDA:428,25,1,0
BRDA:428,26,0,0
BRDA:428,26,1,0
BRDA:431,27,0,0
BRDA:431,27,1,0
BRDA:431,28,0,0
BRDA:431,28,1,0
BRDA:432,29,0,0
BRDA:432,29,1,0
BRDA:440,30,0,0
BRDA:440,30,1,0
BRDA:440,31,0,0
BRDA:440,31,1,0
BRDA:449,32,0,0
BRDA:449,32,1,0
BRDA:449,33,0,0
BRDA:449,33,1,0
BRDA:449,33,2,0
BRDA:486,34,0,3
BRDA:486,34,1,0
BRF:70
BRH:20
end_of_record
TN:
SF:src/services/ai/grokService.ts
FN:58,(anonymous_0)
FN:70,(anonymous_1)
FN:112,(anonymous_2)
FN:140,(anonymous_3)
FN:165,(anonymous_4)
FN:178,(anonymous_5)
FN:189,(anonymous_6)
FN:253,(anonymous_7)
FNF:8
FNH:1
FNDA:2,(anonymous_0)
FNDA:0,(anonymous_1)
FNDA:0,(anonymous_2)
FNDA:0,(anonymous_3)
FNDA:0,(anonymous_4)
FNDA:0,(anonymous_5)
FNDA:0,(anonymous_6)
FNDA:0,(anonymous_7)
DA:8,2
DA:11,2
DA:12,2
DA:54,2
DA:55,2
DA:56,2
DA:59,2
DA:60,2
DA:62,2
DA:63,1
DA:80,0
DA:81,0
DA:82,0
DA:85,0
DA:90,0
DA:100,0
DA:101,0
DA:102,0
DA:111,0
DA:112,0
DA:113,0
DA:114,0
DA:117,0
DA:118,0
DA:120,0
DA:121,0
DA:122,0
DA:125,0
DA:126,0
DA:132,0
DA:133,0
DA:141,0
DA:142,0
DA:143,0
DA:146,0
DA:153,0
DA:154,0
DA:155,0
DA:164,0
DA:165,0
DA:166,0
DA:167,0
DA:170,0
DA:171,0
DA:173,0
DA:174,0
DA:175,0
DA:178,0
DA:181,0
DA:182,0
DA:196,0
DA:197,0
DA:198,0
DA:199,0
DA:209,0
DA:210,0
DA:218,0
DA:219,0
DA:220,0
DA:221,0
DA:229,0
DA:239,0
DA:240,0
DA:254,0
DA:266,2
LF:65
LH:11
BRDA:59,0,0,2
BRDA:59,0,1,2
BRDA:62,1,0,1
BRDA:62,1,1,1
BRDA:73,2,0,0
BRDA:80,3,0,0
BRDA:80,3,1,0
BRDA:93,4,0,0
BRDA:93,4,1,0
BRDA:94,5,0,0
BRDA:94,5,1,0
BRDA:95,6,0,0
BRDA:95,6,1,0
BRDA:96,7,0,0
BRDA:96,7,1,0
BRDA:111,8,0,0
BRDA:111,8,1,0
BRDA:114,9,0,0
BRDA:114,9,1,0
BRDA:120,10,0,0
BRDA:120,10,1,0
BRDA:120,11,0,0
BRDA:120,11,1,0
BRDA:140,12,0,0
BRDA:141,13,0,0
BRDA:141,13,1,0
BRDA:164,14,0,0
BRDA:164,14,1,0
BRDA:167,15,0,0
BRDA:167,15,1,0
BRDA:173,16,0,0
BRDA:173,16,1,0
BRDA:173,17,0,0
BRDA:173,17,1,0
BRDA:173,17,2,0
BRDA:189,18,0,0
BRDA:197,19,0,0
BRDA:197,19,1,0
BRDA:226,20,0,0
BRDA:226,20,1,0
BRDA:245,21,0,0
BRDA:245,21,1,0
BRF:42
BRH:4
end_of_record
TN:
SF:src/services/ai/imageGeneration.ts
FN:16,(anonymous_0)
FN:21,(anonymous_1)
FN:49,(anonymous_2)
FN:54,(anonymous_3)
FN:80,(anonymous_4)
FN:98,(anonymous_5)
FN:108,(anonymous_6)
FN:113,(anonymous_7)
FNF:8
FNH:1
FNDA:1,(anonymous_0)
FNDA:0,(anonymous_1)
FNDA:0,(anonymous_2)
FNDA:0,(anonymous_3)
FNDA:0,(anonymous_4)
FNDA:0,(anonymous_5)
FNDA:0,(anonymous_6)
FNDA:0,(anonymous_7)
DA:1,1
DA:2,1
DA:22,0
DA:24,0
DA:26,0
DA:27,0
DA:29,0
DA:31,0
DA:32,0
DA:36,0
DA:38,0
DA:39,0
DA:42,0
DA:50,0
DA:53,0
DA:54,0
DA:55,0
DA:57,0
DA:60,0
DA:62,0
DA:68,0
DA:69,0
DA:77,0
DA:81,0
DA:82,0
DA:84,0
DA:85,0
DA:86,0
DA:88,0
DA:95,0
DA:99,0
DA:105,0
DA:109,0
DA:110,0
DA:113,0
DA:114,0
DA:117,0
DA:121,1
LF:38
LH:3
BRDA:21,0,0,0
BRDA:29,1,0,0
BRDA:29,1,1,0
BRDA:60,2,0,0
BRDA:60,2,1,0
BRDA:63,3,0,0
BRDA:63,3,1,0
BRDA:65,4,0,0
BRDA:65,4,1,0
BRDA:114,5,0,0
BRDA:114,5,1,0
BRF:11
BRH:0
end_of_record
TN:
SF:src/services/ai/secureGenkit.ts
FN:11,(anonymous_0)
FN:19,(anonymous_1)
FN:39,(anonymous_2)
FN:50,(anonymous_3)
FN:68,(anonymous_4)
FN:79,(anonymous_5)
FN:99,generateUnsplashFallback
FN:108,(anonymous_7)
FNF:8
FNH:0
FNDA:0,(anonymous_0)
FNDA:0,(anonymous_1)
FNDA:0,(anonymous_2)
FNDA:0,(anonymous_3)
FNDA:0,(anonymous_4)
FNDA:0,(anonymous_5)
FNDA:0,generateUnsplashFallback
FNDA:0,(anonymous_7)
DA:11,0
DA:19,0
DA:39,0
DA:40,0
DA:41,0
DA:42,0
DA:43,0
DA:45,0
DA:46,0
DA:50,0
DA:56,0
DA:57,0
DA:58,0
DA:60,0
DA:61,0
DA:63,0
DA:64,0
DA:68,0
DA:69,0
DA:70,0
DA:71,0
DA:72,0
DA:74,0
DA:75,0
DA:79,0
DA:80,0
DA:82,0
DA:83,0
DA:84,0
DA:86,0
DA:87,0
DA:88,0
DA:91,0
DA:94,0
DA:95,0
DA:100,0
DA:106,0
DA:108,0
DA:112,0
DA:113,0
DA:114,0
DA:115,0
DA:119,0
DA:120,0
DA:122,0
DA:124,0
LF:46
LH:0
BRDA:61,0,0,0
BRDA:61,0,1,0
BRDA:72,1,0,0
BRDA:72,1,1,0
BRDA:86,2,0,0
BRDA:86,2,1,0
BRF:6
BRH:0
end_of_record
TN:
SF:src/services/ai/unifiedAIService.ts
FN:16,generateWithSelectedModel
FN:45,generateWithGrok
FN:88,generateWithGemini
FN:133,getConfigForUseCase
FN:148,generateConceptWithSelectedModel
FN:165,generateConceptWithGrok
FN:229,generateNextStepWithSelectedModel
FN:264,generateNextStepWithGrok
FN:290,(anonymous_8)
FNF:9
FNH:0
FNDA:0,generateWithSelectedModel
FNDA:0,generateWithGrok
FNDA:0,generateWithGemini
FNDA:0,getConfigForUseCase
FNDA:0,generateConceptWithSelectedModel
FNDA:0,generateConceptWithGrok
FNDA:0,generateNextStepWithSelectedModel
FNDA:0,generateNextStepWithGrok
FNDA:0,(anonymous_8)
DA:7,1
DA:8,1
DA:9,1
DA:11,1
DA:16,1
DA:21,0
DA:23,0
DA:24,0
DA:25,0
DA:28,0
DA:29,0
DA:30,0
DA:31,0
DA:33,0
DA:34,0
DA:37,0
DA:38,0
DA:50,0
DA:52,0
DA:53,0
DA:61,0
DA:64,0
DA:65,0
DA:67,0
DA:68,0
DA:69,0
DA:72,0
DA:73,0
DA:76,0
DA:77,0
DA:78,0
DA:81,0
DA:82,0
DA:96,0
DA:122,0
DA:134,0
DA:136,0
DA:138,0
DA:141,0
DA:148,1
DA:151,0
DA:153,0
DA:154,0
DA:155,0
DA:157,0
DA:158,0
DA:168,0
DA:182,0
DA:202,0
DA:203,0
DA:204,0
DA:211,0
DA:212,0
DA:214,0
DA:215,0
DA:221,0
DA:222,0
DA:229,1
DA:235,0
DA:237,0
DA:238,0
DA:239,0
DA:241,0
DA:242,0
DA:271,0
DA:285,0
DA:290,0
DA:318,0
DA:319,0
LF:69
LH:7
BRDA:19,0,0,0
BRDA:23,1,0,0
BRDA:23,1,1,0
BRDA:29,2,0,0
BRDA:29,2,1,0
BRDA:67,3,0,0
BRDA:67,3,1,0
BRDA:67,4,0,0
BRDA:67,4,1,0
BRDA:76,5,0,0
BRDA:76,5,1,0
BRDA:134,6,0,0
BRDA:134,6,1,0
BRDA:134,6,2,0
BRDA:134,6,3,0
BRDA:153,7,0,0
BRDA:153,7,1,0
BRDA:216,8,0,0
BRDA:216,8,1,0
BRDA:217,9,0,0
BRDA:217,9,1,0
BRDA:218,10,0,0
BRDA:218,10,1,0
BRDA:237,11,0,0
BRDA:237,11,1,0
BRF:25
BRH:0
end_of_record
TN:
SF:src/services/ai/engines/AdaptiveHorrorEngine.ts
FN:8,(anonymous_0)
FN:21,(anonymous_1)
FN:38,(anonymous_2)
FN:54,(anonymous_3)
FN:78,(anonymous_4)
FNF:5
FNH:5
FNDA:4,(anonymous_0)
FNDA:4,(anonymous_1)
FNDA:4,(anonymous_2)
FNDA:2,(anonymous_3)
FNDA:2,(anonymous_4)
DA:1,1
DA:2,1
DA:8,1
DA:9,4
DA:22,4
DA:23,0
DA:26,4
DA:28,4
DA:29,4
DA:31,4
DA:32,4
DA:37,3
DA:38,4
DA:39,3
DA:42,1
DA:46,4
DA:47,0
DA:49,4
DA:50,0
DA:55,2
DA:57,2
DA:58,2
DA:59,2
DA:61,2
DA:62,2
DA:67,1
DA:68,1
DA:71,1
DA:75,1
DA:79,2
DA:80,2
DA:82,2
LF:32
LH:29
BRDA:22,0,0,0
BRDA:22,0,1,4
BRDA:37,1,0,3
BRDA:37,1,1,0
BRDA:46,2,0,0
BRDA:46,2,1,4
BRDA:49,3,0,0
BRDA:49,3,1,4
BRDA:57,4,0,2
BRDA:57,4,1,0
BRDA:67,5,0,1
BRDA:67,5,1,0
BRDA:80,6,0,2
BRDA:80,6,1,1
BRF:14
BRH:8
end_of_record
TN:
SF:src/services/ai/engines/AdaptiveNarrativeDNA.ts
FN:8,(anonymous_0)
FN:27,(anonymous_1)
FN:36,(anonymous_2)
FN:65,(anonymous_3)
FN:83,(anonymous_4)
FN:86,(anonymous_5)
FN:91,(anonymous_6)
FN:92,(anonymous_7)
FN:95,(anonymous_8)
FN:103,(anonymous_9)
FN:105,(anonymous_10)
FN:110,(anonymous_11)
FN:111,(anonymous_12)
FN:112,(anonymous_13)
FN:112,(anonymous_14)
FN:115,(anonymous_15)
FN:127,(anonymous_16)
FN:128,(anonymous_17)
FN:139,(anonymous_18)
FNF:19
FNH:17
FNDA:2,(anonymous_0)
FNDA:1,(anonymous_1)
FNDA:1,(anonymous_2)
FNDA:1,(anonymous_3)
FNDA:1,(anonymous_4)
FNDA:3,(anonymous_5)
FNDA:3,(anonymous_6)
FNDA:10,(anonymous_7)
FNDA:10,(anonymous_8)
FNDA:1,(anonymous_9)
FNDA:3,(anonymous_10)
FNDA:3,(anonymous_11)
FNDA:10,(anonymous_12)
FNDA:10,(anonymous_13)
FNDA:0,(anonymous_14)
FNDA:1,(anonymous_15)
FNDA:3,(anonymous_16)
FNDA:10,(anonymous_17)
FNDA:0,(anonymous_18)
DA:8,1
DA:9,2
DA:25,1
DA:28,1
DA:29,1
DA:30,1
DA:31,1
DA:33,1
DA:37,1
DA:39,1
DA:42,1
DA:43,1
DA:44,0
DA:45,0
DA:49,1
DA:50,1
DA:51,0
DA:52,0
DA:56,1
DA:57,1
DA:58,0
DA:59,0
DA:62,1
DA:66,1
DA:69,1
DA:70,0
DA:73,1
DA:74,1
DA:77,1
DA:78,1
DA:80,1
DA:84,1
DA:86,1
DA:87,3
DA:92,10
DA:96,10
DA:97,0
DA:98,0
DA:100,10
DA:105,1
DA:106,3
DA:111,10
DA:112,10
DA:116,1
DA:117,1
DA:118,1
DA:120,1
DA:128,10
DA:129,3
DA:130,3
DA:131,3
DA:132,3
DA:133,4
DA:134,4
DA:136,0
DA:140,0
LF:56
LH:45
BRDA:42,0,0,1
BRDA:42,0,1,0
BRDA:44,1,0,0
BRDA:44,1,1,0
BRDA:49,2,0,1
BRDA:49,2,1,0
BRDA:51,3,0,0
BRDA:51,3,1,0
BRDA:56,4,0,1
BRDA:56,4,1,0
BRDA:58,5,0,0
BRDA:58,5,1,0
BRDA:69,6,0,1
BRDA:69,6,1,0
BRDA:70,7,0,0
BRDA:70,7,1,0
BRDA:73,8,0,1
BRDA:73,8,1,0
BRDA:74,9,0,0
BRDA:74,9,1,1
BRDA:96,10,0,0
BRDA:96,10,1,10
BRDA:112,11,0,3
BRDA:112,11,1,0
BRDA:129,12,0,0
BRDA:129,12,1,3
BRDA:134,13,0,3
BRDA:134,13,1,1
BRF:28
BRH:11
end_of_record
TN:
SF:src/services/ai/engines/BreakingFifthWall.ts
FN:8,(anonymous_0)
FN:15,(anonymous_1)
FN:37,(anonymous_2)
FN:57,(anonymous_3)
FN:63,(anonymous_4)
FN:75,(anonymous_5)
FN:85,(anonymous_6)
FN:97,(anonymous_7)
FN:107,(anonymous_8)
FN:116,(anonymous_9)
FN:124,(anonymous_10)
FN:138,(anonymous_11)
FN:145,(anonymous_12)
FNF:13
FNH:13
FNDA:5,(anonymous_0)
FNDA:5,(anonymous_1)
FNDA:6,(anonymous_2)
FNDA:3,(anonymous_3)
FNDA:4,(anonymous_4)
FNDA:11,(anonymous_5)
FNDA:3,(anonymous_6)
FNDA:3,(anonymous_7)
FNDA:2,(anonymous_8)
FNDA:1,(anonymous_9)
FNDA:1,(anonymous_10)
FNDA:8,(anonymous_11)
FNDA:2,(anonymous_12)
DA:8,1
DA:9,5
DA:10,5
DA:11,5
DA:12,5
DA:13,5
DA:16,5
DA:18,4
DA:19,4
DA:20,0
DA:21,0
DA:24,4
DA:25,4
DA:28,4
DA:29,4
DA:32,4
DA:33,4
DA:34,4
DA:38,6
DA:40,4
DA:41,4
DA:42,4
DA:43,4
DA:46,4
DA:47,4
DA:48,4
DA:51,4
DA:52,3
DA:53,3
DA:57,4
DA:58,4
DA:60,4
DA:64,4
DA:74,4
DA:75,4
DA:76,11
DA:77,8
DA:78,8
DA:80,3
DA:86,3
DA:87,3
DA:89,3
DA:90,3
DA:96,3
DA:97,3
DA:98,3
DA:99,1
DA:100,1
DA:102,2
DA:108,2
DA:109,2
DA:110,0
DA:113,2
DA:116,2
DA:117,1
DA:118,0
DA:121,1
DA:122,1
DA:124,1
DA:125,1
DA:126,0
DA:129,1
DA:132,1
DA:135,2
DA:139,8
DA:140,0
DA:142,8
DA:146,2
DA:147,0
DA:149,2
LF:70
LH:63
BRDA:16,0,0,1
BRDA:16,0,1,4
BRDA:16,1,0,5
BRDA:16,1,1,5
BRDA:19,2,0,0
BRDA:19,2,1,4
BRDA:24,3,0,4
BRDA:24,3,1,0
BRDA:25,4,0,4
BRDA:25,4,1,0
BRDA:32,5,0,4
BRDA:32,5,1,0
BRDA:33,6,0,3
BRDA:33,6,1,1
BRDA:34,7,0,2
BRDA:34,7,1,2
BRDA:38,8,0,2
BRDA:38,8,1,4
BRDA:42,9,0,4
BRDA:42,9,1,0
BRDA:42,10,0,4
BRDA:42,10,1,4
BRDA:46,11,0,4
BRDA:46,11,1,0
BRDA:51,12,0,3
BRDA:51,12,1,1
BRDA:76,13,0,8
BRDA:76,13,1,3
BRDA:80,14,0,3
BRDA:80,14,1,0
BRDA:87,15,0,0
BRDA:87,15,1,3
BRDA:98,16,0,1
BRDA:98,16,1,2
BRDA:109,17,0,0
BRDA:109,17,1,2
BRDA:113,18,0,2
BRDA:113,18,1,0
BRDA:117,19,0,0
BRDA:117,19,1,1
BRDA:125,20,0,0
BRDA:125,20,1,1
BRDA:139,21,0,0
BRDA:139,21,1,8
BRDA:146,22,0,0
BRDA:146,22,1,2
BRF:46
BRH:32
end_of_record
TN:
SF:src/services/ai/engines/MetaConsciousnessEngine.ts
FN:10,(anonymous_0)
FN:14,(anonymous_1)
FN:41,(anonymous_2)
FNF:3
FNH:3
FNDA:3,(anonymous_0)
FNDA:5,(anonymous_1)
FNDA:4,(anonymous_2)
DA:2,1
DA:3,1
DA:10,1
DA:11,3
DA:12,3
DA:18,5
DA:19,0
DA:22,5
DA:23,5
DA:25,5
DA:26,1
DA:29,4
DA:30,4
DA:33,4
DA:34,4
DA:35,4
DA:38,0
DA:42,4
DA:43,4
DA:45,4
DA:46,4
DA:51,3
DA:52,3
DA:55,1
DA:58,1
LF:25
LH:23
BRDA:18,0,0,0
BRDA:18,0,1,5
BRDA:25,1,0,1
BRDA:25,1,1,4
BRDA:33,2,0,4
BRDA:33,2,1,0
BRDA:51,3,0,3
BRDA:51,3,1,0
BRF:8
BRH:5
end_of_record
TN:
SF:src/services/ai/engines/NeuralEchoChambers.ts
FN:8,(anonymous_0)
FN:13,(anonymous_1)
FN:31,(anonymous_2)
FN:62,(anonymous_3)
FN:78,(anonymous_4)
FN:95,(anonymous_5)
FN:103,(anonymous_6)
FN:111,(anonymous_7)
FN:113,(anonymous_8)
FN:114,(anonymous_9)
FN:120,(anonymous_10)
FN:137,(anonymous_11)
FN:144,(anonymous_12)
FNF:13
FNH:13
FNDA:4,(anonymous_0)
FNDA:2,(anonymous_1)
FNDA:1,(anonymous_2)
FNDA:1,(anonymous_3)
FNDA:1,(anonymous_4)
FNDA:1,(anonymous_5)
FNDA:1,(anonymous_6)
FNDA:1,(anonymous_7)
FNDA:1,(anonymous_8)
FNDA:1,(anonymous_9)
FNDA:1,(anonymous_10)
FNDA:3,(anonymous_11)
FNDA:1,(anonymous_12)
DA:8,1
DA:9,4
DA:10,4
DA:11,4
DA:14,2
DA:15,2
DA:16,0
DA:19,2
DA:20,2
DA:21,2
DA:22,1
DA:23,1
DA:24,1
DA:27,0
DA:32,1
DA:34,1
DA:35,1
DA:38,1
DA:47,1
DA:50,1
DA:58,1
DA:59,1
DA:63,1
DA:65,1
DA:67,1
DA:68,1
DA:75,1
DA:79,1
DA:80,1
DA:81,0
DA:82,0
DA:84,0
DA:87,1
DA:88,1
DA:89,1
DA:90,1
DA:92,1
DA:96,1
DA:103,1
DA:104,1
DA:105,1
DA:106,1
DA:112,1
DA:113,1
DA:114,1
DA:117,1
DA:121,1
DA:122,1
DA:123,0
DA:126,1
DA:127,1
DA:131,1
DA:133,0
DA:138,3
DA:139,0
DA:141,3
DA:145,1
DA:146,0
DA:148,1
LF:59
LH:50
BRDA:15,0,0,0
BRDA:15,0,1,2
BRDA:21,1,0,1
BRDA:21,1,1,1
BRDA:23,2,0,1
BRDA:23,2,1,0
BRDA:34,3,0,1
BRDA:34,3,1,0
BRDA:65,4,0,0
BRDA:65,4,1,1
BRDA:80,5,0,0
BRDA:80,5,1,1
BRDA:81,6,0,0
BRDA:81,6,1,0
BRDA:88,7,0,1
BRDA:88,7,1,0
BRDA:97,8,0,1
BRDA:97,8,1,0
BRDA:98,9,0,0
BRDA:98,9,1,1
BRDA:99,10,0,0
BRDA:99,10,1,1
BRDA:100,11,0,0
BRDA:100,11,1,1
BRDA:104,12,0,1
BRDA:104,12,1,0
BRDA:104,13,0,1
BRDA:104,13,1,1
BRDA:122,14,0,0
BRDA:122,14,1,1
BRDA:138,15,0,0
BRDA:138,15,1,3
BRDA:138,16,0,3
BRDA:138,16,1,3
BRDA:145,17,0,0
BRDA:145,17,1,1
BRDA:145,18,0,1
BRDA:145,18,1,1
BRF:38
BRH:22
end_of_record
TN:
SF:src/services/ai/engines/QuantumNarrativeEngine.ts
FN:10,(anonymous_0)
FN:15,(anonymous_1)
FN:34,(anonymous_2)
FN:64,(anonymous_3)
FNF:4
FNH:4
FNDA:3,(anonymous_0)
FNDA:3,(anonymous_1)
FNDA:2,(anonymous_2)
FNDA:2,(anonymous_3)
DA:2,1
DA:3,1
DA:10,1
DA:11,3
DA:12,3
DA:13,3
DA:20,3
DA:21,0
DA:25,3
DA:28,3
DA:29,3
DA:31,3
DA:33,1
DA:34,2
DA:36,1
DA:37,1
DA:38,1
DA:41,1
DA:48,1
DA:56,2
DA:57,1
DA:58,1
DA:61,2
DA:65,2
DA:66,2
DA:68,2
DA:69,2
DA:74,1
DA:75,1
DA:78,1
DA:81,1
LF:31
LH:30
BRDA:20,0,0,0
BRDA:20,0,1,3
BRDA:29,1,0,3
BRDA:29,1,1,1
BRDA:31,2,0,1
BRDA:31,2,1,2
BRDA:31,3,0,3
BRDA:31,3,1,1
BRDA:36,4,0,1
BRDA:36,4,1,0
BRDA:38,5,0,1
BRDA:38,5,1,0
BRDA:56,6,0,1
BRDA:56,6,1,1
BRDA:56,7,0,2
BRDA:56,7,1,1
BRDA:74,8,0,1
BRDA:74,8,1,0
BRF:18
BRH:14
end_of_record
TN:
SF:src/services/ai/engines/RealityCorruptionEngine.ts
FN:21,(anonymous_0)
FN:24,(anonymous_1)
FN:46,(anonymous_2)
FN:57,(anonymous_3)
FN:66,(anonymous_4)
FNF:5
FNH:5
FNDA:3,(anonymous_0)
FNDA:3,(anonymous_1)
FNDA:3,(anonymous_2)
FNDA:3,(anonymous_3)
FNDA:3,(anonymous_4)
DA:1,1
DA:3,1
DA:21,1
DA:22,3
DA:25,3
DA:26,0
DA:30,3
DA:31,2
DA:34,3
DA:35,3
DA:37,3
DA:39,3
DA:47,3
DA:48,3
DA:50,3
DA:51,3
DA:56,2
DA:57,3
DA:60,1
DA:63,1
DA:67,3
LF:21
LH:20
BRDA:25,0,0,0
BRDA:25,0,1,3
BRDA:30,1,0,2
BRDA:30,1,1,1
BRDA:30,2,0,3
BRDA:30,2,1,1
BRDA:56,3,0,2
BRDA:56,3,1,0
BRF:8
BRH:6
end_of_record
TN:
SF:src/services/ai/engines/SemanticChoiceArchaeology.ts
FN:18,(anonymous_0)
FN:33,(anonymous_1)
FN:48,(anonymous_2)
FN:50,(anonymous_3)
FN:62,(anonymous_4)
FN:67,(anonymous_5)
FN:68,(anonymous_6)
FN:69,(anonymous_7)
FN:74,(anonymous_8)
FN:78,(anonymous_9)
FN:79,(anonymous_10)
FN:84,(anonymous_11)
FN:88,(anonymous_12)
FN:89,(anonymous_13)
FN:94,(anonymous_14)
FN:98,(anonymous_15)
FN:99,(anonymous_16)
FN:104,(anonymous_17)
FN:109,(anonymous_18)
FN:111,(anonymous_19)
FN:116,(anonymous_20)
FN:126,(anonymous_21)
FNF:22
FNH:21
FNDA:2,(anonymous_0)
FNDA:2,(anonymous_1)
FNDA:2,(anonymous_2)
FNDA:4,(anonymous_3)
FNDA:2,(anonymous_4)
FNDA:10,(anonymous_5)
FNDA:12,(anonymous_6)
FNDA:1,(anonymous_7)
FNDA:2,(anonymous_8)
FNDA:6,(anonymous_9)
FNDA:4,(anonymous_10)
FNDA:2,(anonymous_11)
FNDA:10,(anonymous_12)
FNDA:6,(anonymous_13)
FNDA:2,(anonymous_14)
FNDA:5,(anonymous_15)
FNDA:1,(anonymous_16)
FNDA:2,(anonymous_17)
FNDA:2,(anonymous_18)
FNDA:0,(anonymous_19)
FNDA:2,(anonymous_20)
FNDA:2,(anonymous_21)
DA:18,1
DA:19,2
DA:38,2
DA:39,2
DA:41,2
DA:49,2
DA:50,4
DA:52,2
DA:63,2
DA:64,2
DA:65,2
DA:67,10
DA:68,12
DA:69,1
DA:71,0
DA:75,2
DA:76,2
DA:78,6
DA:79,4
DA:81,0
DA:85,2
DA:86,2
DA:88,10
DA:89,6
DA:91,1
DA:95,2
DA:96,2
DA:98,5
DA:99,1
DA:101,0
DA:105,2
DA:110,2
DA:111,0
DA:113,2
DA:117,2
DA:119,2
DA:120,2
DA:121,2
DA:123,2
DA:127,2
LF:40
LH:36
BRDA:50,0,0,2
BRDA:50,0,1,0
BRDA:54,1,0,2
BRDA:54,1,1,2
BRDA:67,2,0,0
BRDA:67,2,1,2
BRDA:68,3,0,1
BRDA:68,3,1,1
BRDA:69,4,0,1
BRDA:69,4,1,0
BRDA:78,5,0,1
BRDA:78,5,1,1
BRDA:79,6,0,1
BRDA:79,6,1,0
BRDA:88,7,0,0
BRDA:88,7,1,2
BRDA:89,8,0,1
BRDA:89,8,1,1
BRDA:98,9,0,1
BRDA:98,9,1,1
BRDA:99,10,0,1
BRDA:99,10,1,0
BRDA:106,11,0,2
BRDA:106,11,1,2
BRDA:110,12,0,2
BRDA:110,12,1,0
BRDA:119,13,0,0
BRDA:119,13,1,2
BRDA:120,14,0,1
BRDA:120,14,1,1
BRDA:121,15,0,0
BRDA:121,15,1,2
BRF:32
BRH:23
end_of_record
TN:
SF:src/services/ai/engines/TemporalRevisionEngine.ts
FN:9,getCorruptionMessage
FN:35,(anonymous_1)
FN:38,(anonymous_2)
FN:97,(anonymous_3)
FN:105,(anonymous_4)
FN:142,(anonymous_5)
FN:167,(anonymous_6)
FNF:7
FNH:5
FNDA:0,getCorruptionMessage
FNDA:3,(anonymous_1)
FNDA:3,(anonymous_2)
FNDA:3,(anonymous_3)
FNDA:2,(anonymous_4)
FNDA:0,(anonymous_5)
FNDA:3,(anonymous_6)
DA:2,1
DA:3,1
DA:10,0
DA:27,0
DA:35,1
DA:36,3
DA:43,3
DA:44,0
DA:47,3
DA:48,0
DA:52,3
DA:54,3
DA:55,2
DA:56,2
DA:59,2
DA:60,2
DA:64,2
DA:65,2
DA:72,1
DA:73,1
DA:80,1
DA:82,1
DA:83,1
DA:84,1
DA:90,1
DA:94,1
DA:99,3
DA:100,3
DA:102,3
DA:111,2
DA:118,2
DA:121,2
DA:122,2
DA:124,2
DA:130,1
DA:131,1
DA:134,1
DA:135,1
DA:139,0
DA:144,0
DA:145,0
DA:146,0
DA:148,0
DA:149,0
DA:151,0
DA:153,0
DA:155,0
DA:157,0
DA:159,0
DA:161,0
DA:164,0
DA:168,3
LF:52
LH:35
BRDA:43,0,0,0
BRDA:43,0,1,3
BRDA:47,1,0,0
BRDA:47,1,1,3
BRDA:54,2,0,2
BRDA:54,2,1,1
BRDA:54,3,0,3
BRDA:54,3,1,3
BRDA:59,4,0,2
BRDA:59,4,1,0
BRDA:100,5,0,3
BRDA:100,5,1,0
BRDA:130,6,0,1
BRDA:130,6,1,0
BRDA:146,7,0,0
BRDA:146,7,1,0
BRDA:146,8,0,0
BRDA:146,8,1,0
BRDA:151,9,0,0
BRDA:151,9,1,0
BRDA:151,10,0,0
BRDA:151,10,1,0
BRDA:151,10,2,0
BRDA:155,11,0,0
BRDA:155,11,1,0
BRDA:155,12,0,0
BRDA:155,12,1,0
BRDA:155,12,2,0
BRDA:159,13,0,0
BRDA:159,13,1,0
BRDA:159,14,0,0
BRDA:159,14,1,0
BRF:32
BRH:9
end_of_record
TN:
SF:src/services/ai/engines/index.ts
FNF:0
FNH:0
DA:12,0
DA:13,0
DA:14,0
DA:15,0
DA:16,0
DA:17,0
DA:18,0
DA:19,0
DA:20,0
LF:9
LH:0
BRF:0
BRH:0
end_of_record
TN:
SF:src/services/flows/gameFlow.ts
FN:12,(anonymous_0)
FN:18,(anonymous_1)
FNF:2
FNH:0
FNDA:0,(anonymous_0)
FNDA:0,(anonymous_1)
DA:12,0
DA:16,0
DA:17,0
DA:19,0
DA:20,0
LF:5
LH:0
BRDA:16,0,0,0
BRDA:16,0,1,0
BRDA:19,1,0,0
BRDA:19,1,1,0
BRF:4
BRH:0
end_of_record
TN:
SF:src/services/flows/summaryFlow.ts
FN:4,(anonymous_0)
FNF:1
FNH:0
FNDA:0,(anonymous_0)
DA:4,0
DA:8,0
DA:9,0
DA:10,0
DA:11,0
DA:13,0
DA:16,0
LF:7
LH:0
BRF:0
BRH:0
end_of_record
TN:
SF:src/stores/aiModelStore.ts
FN:62,(anonymous_0)
FN:64,(anonymous_1)
FN:69,(anonymous_2)
FN:71,(anonymous_3)
FN:74,(anonymous_4)
FN:76,(anonymous_5)
FN:83,(anonymous_6)
FN:84,(anonymous_7)
FN:91,(anonymous_8)
FN:143,(anonymous_9)
FN:164,(anonymous_10)
FN:176,(anonymous_11)
FN:183,(anonymous_12)
FNF:13
FNH:2
FNDA:1,(anonymous_0)
FNDA:1,(anonymous_1)
FNDA:0,(anonymous_2)
FNDA:0,(anonymous_3)
FNDA:0,(anonymous_4)
FNDA:0,(anonymous_5)
FNDA:0,(anonymous_6)
FNDA:0,(anonymous_7)
FNDA:0,(anonymous_8)
FNDA:0,(anonymous_9)
FNDA:0,(anonymous_10)
FNDA:0,(anonymous_11)
FNDA:0,(anonymous_12)
DA:7,1
DA:8,1
DA:10,1
DA:13,1
DA:60,1
DA:62,1
DA:64,1
DA:70,0
DA:71,0
DA:74,0
DA:77,0
DA:78,0
DA:79,0
DA:84,0
DA:85,0
DA:86,0
DA:87,0
DA:92,0
DA:94,0
DA:95,0
DA:98,0
DA:100,0
DA:101,0
DA:102,0
DA:106,0
DA:108,0
DA:109,0
DA:110,0
DA:118,0
DA:119,0
DA:128,0
DA:129,0
DA:139,0
DA:142,0
DA:143,0
DA:151,0
DA:153,0
DA:154,0
DA:163,0
DA:164,0
DA:172,0
DA:177,0
DA:183,0
LF:43
LH:7
BRDA:64,0,0,1
BRDA:64,0,1,0
BRDA:76,1,0,0
BRDA:79,2,0,0
BRDA:79,2,1,0
BRDA:85,3,0,0
BRDA:85,3,1,0
BRDA:91,4,0,0
BRDA:100,5,0,0
BRDA:100,5,1,0
BRDA:106,6,0,0
BRDA:106,6,1,0
BRDA:108,7,0,0
BRDA:108,7,1,0
BRDA:160,8,0,0
BRDA:160,8,1,0
BRF:16
BRH:1
end_of_record
TN:
SF:src/stores/gameStateStore.ts
FN:25,(anonymous_0)
FN:27,(anonymous_1)
FN:28,(anonymous_2)
FN:38,(anonymous_3)
FN:39,(anonymous_4)
FNF:5
FNH:0
FNDA:0,(anonymous_0)
FNDA:0,(anonymous_1)
FNDA:0,(anonymous_2)
FNDA:0,(anonymous_3)
FNDA:0,(anonymous_4)
DA:16,0
DA:23,0
DA:25,0
DA:27,0
DA:29,0
DA:30,0
DA:31,0
DA:33,0
DA:38,0
DA:40,0
DA:42,0
LF:11
LH:0
BRDA:30,0,0,0
BRDA:30,0,1,0
BRF:2
BRH:0
end_of_record
TN:
SF:src/stores/imageCacheStore.ts
FN:23,(anonymous_0)
FN:26,(anonymous_1)
FN:27,(anonymous_2)
FN:45,(anonymous_3)
FN:63,(anonymous_4)
FN:74,(anonymous_5)
FN:82,(anonymous_6)
FN:96,(anonymous_7)
FN:97,(anonymous_8)
FN:102,(anonymous_9)
FN:117,(anonymous_10)
FN:119,(anonymous_11)
FNF:12
FNH:0
FNDA:0,(anonymous_0)
FNDA:0,(anonymous_1)
FNDA:0,(anonymous_2)
FNDA:0,(anonymous_3)
FNDA:0,(anonymous_4)
FNDA:0,(anonymous_5)
FNDA:0,(anonymous_6)
FNDA:0,(anonymous_7)
FNDA:0,(anonymous_8)
FNDA:0,(anonymous_9)
FNDA:0,(anonymous_10)
FNDA:0,(anonymous_11)
DA:20,0
DA:21,0
DA:23,0
DA:27,0
DA:28,0
DA:31,0
DA:38,0
DA:41,0
DA:43,0
DA:45,0
DA:46,0
DA:47,0
DA:49,0
DA:53,0
DA:54,0
DA:56,0
DA:57,0
DA:60,0
DA:64,0
DA:65,0
DA:67,0
DA:69,0
DA:72,0
DA:74,0
DA:75,0
DA:76,0
DA:78,0
DA:82,0
DA:93,0
DA:97,0
DA:98,0
DA:99,0
DA:101,0
DA:102,0
DA:103,0
DA:104,0
DA:106,0
DA:110,0
DA:111,0
DA:114,0
DA:117,0
DA:119,0
LF:42
LH:0
BRDA:43,0,0,0
BRDA:43,0,1,0
BRDA:46,1,0,0
BRDA:46,1,1,0
BRDA:67,2,0,0
BRDA:67,2,1,0
BRDA:72,3,0,0
BRDA:72,3,1,0
BRDA:103,4,0,0
BRDA:103,4,1,0
BRDA:110,5,0,0
BRDA:110,5,1,0
BRF:12
BRH:0
end_of_record
TN:
SF:src/stores/storyHistoryStore.ts
FN:19,(anonymous_0)
FN:21,(anonymous_1)
FN:22,(anonymous_2)
FN:23,(anonymous_3)
FN:24,(anonymous_4)
FN:25,(anonymous_5)
FN:29,(anonymous_6)
FN:31,(anonymous_7)
FNF:8
FNH:0
FNDA:0,(anonymous_0)
FNDA:0,(anonymous_1)
FNDA:0,(anonymous_2)
FNDA:0,(anonymous_3)
FNDA:0,(anonymous_4)
FNDA:0,(anonymous_5)
FNDA:0,(anonymous_6)
FNDA:0,(anonymous_7)
DA:13,0
DA:17,0
DA:19,0
DA:22,0
DA:24,0
DA:26,0
DA:30,0
DA:32,0
DA:34,0
LF:9
LH:0
BRDA:26,0,0,0
BRDA:26,0,1,0
BRF:2
BRH:0
end_of_record
TN:
SF:src/stores/worldStateStore.ts
FN:32,(anonymous_0)
FN:34,(anonymous_1)
FN:35,(anonymous_2)
FN:36,(anonymous_3)
FN:39,(anonymous_4)
FN:40,(anonymous_5)
FN:43,(anonymous_6)
FNF:7
FNH:1
FNDA:3,(anonymous_0)
FNDA:0,(anonymous_1)
FNDA:0,(anonymous_2)
FNDA:0,(anonymous_3)
FNDA:0,(anonymous_4)
FNDA:0,(anonymous_5)
FNDA:0,(anonymous_6)
DA:1,3
DA:2,3
DA:3,3
DA:14,3
DA:30,3
DA:32,3
DA:34,0
DA:36,0
DA:40,0
DA:43,0
LF:10
LH:6
BRF:0
BRH:0
end_of_record
